#
# There is insufficient memory for the Java Runtime Environment to continue.
# Native memory allocation (malloc) failed to allocate 623536 bytes. Error detail: Chunk::new
# Possible reasons:
#   The system is out of physical RAM or swap space
#   This process is running with CompressedOops enabled, and the Java Heap may be blocking the growth of the native heap
# Possible solutions:
#   Reduce memory load on the system
#   Increase physical memory or swap space
#   Check if swap backing store is full
#   Decrease Java heap size (-Xmx/-Xms)
#   Decrease number of Java threads
#   Decrease Java thread stack sizes (-Xss)
#   Set larger code cache with -XX:ReservedCodeCacheSize=
#   JVM is running with Unscaled Compressed Oops mode in which the Java heap is
#     placed in the first 4GB address space. The Java Heap base address is the
#     maximum limit for the native heap growth. Please use -XX:HeapBaseMinAddress
#     to set the Java Heap base and to place the Java Heap above 4GB virtual address.
# This output file may be truncated or incomplete.
#
#  Out of Memory Error (arena.cpp:168), pid=20740, tid=15396
#
# JRE version: OpenJDK Runtime Environment Temurin-21.0.8+9 (21.0.8+9) (build 21.0.8+9-LTS)
# Java VM: OpenJDK 64-Bit Server VM Temurin-21.0.8+9 (21.0.8+9-LTS, mixed mode, sharing, tiered, compressed oops, compressed class ptrs, parallel gc, windows-amd64)
# No core dump will be written. Minidumps are not enabled by default on client versions of Windows
#

---------------  S U M M A R Y ------------

Command Line: --add-modules=ALL-SYSTEM --add-opens=java.base/java.util=ALL-UNNAMED --add-opens=java.base/java.lang=ALL-UNNAMED --add-opens=java.base/sun.nio.fs=ALL-UNNAMED -Declipse.application=org.eclipse.jdt.ls.core.id1 -Dosgi.bundles.defaultStartLevel=4 -Declipse.product=org.eclipse.jdt.ls.core.product -Djava.import.generatesMetadataFilesAtProjectRoot=false -DDetectVMInstallationsJob.disabled=true -Dfile.encoding=utf8 -XX:+UseParallelGC -XX:GCTimeRatio=4 -XX:AdaptiveSizePolicyWeight=90 -Dsun.zip.disableMemoryMapping=true -Xmx2G -Xms100m -Xlog:disable -javaagent:c:\Users\hmfar\.vscode\extensions\redhat.java-1.44.0-win32-x64\lombok\lombok-1.18.39-4050.jar -XX:+HeapDumpOnOutOfMemoryError -XX:HeapDumpPath=c:\Users\hmfar\AppData\Roaming\Code\User\workspaceStorage\1574021ed4d990cd088424cab9c9b4bd\redhat.java -Daether.dependencyCollector.impl=bf c:\Users\hmfar\.vscode\extensions\redhat.java-1.44.0-win32-x64\server\plugins\org.eclipse.equinox.launcher_1.7.0.v20250519-0528.jar -configuration c:\Users\hmfar\AppData\Roaming\Code\User\globalStorage\redhat.java\1.44.0\config_win -data c:\Users\hmfar\AppData\Roaming\Code\User\workspaceStorage\1574021ed4d990cd088424cab9c9b4bd\redhat.java\jdt_ws --pipe=\\.\pipe\lsp-61a7787282c4a7040c63ed0b0694f0aa-sock

Host: 11th Gen Intel(R) Core(TM) i5-11300H @ 3.10GHz, 8 cores, 7G,  Windows 11 , 64 bit Build 22621 (10.0.22621.5415)
Time: Wed Aug  6 23:16:14 2025 Bangladesh Standard Time elapsed time: 28.790161 seconds (0d 0h 0m 28s)

---------------  T H R E A D  ---------------

Current thread (0x0000000061548820):  JavaThread "C2 CompilerThread1" daemon [_thread_in_native, id=15396, stack(0x0000000063920000,0x0000000063a20000) (1024K)]


Current CompileTask:
C2:28790 8480 %     4       org.eclipse.jdt.internal.core.search.indexing.BinaryIndexer::extractReferenceFromConstantPool @ 324 (358 bytes)

Stack: [0x0000000063920000,0x0000000063a20000]
Native frames: (J=compiled Java code, j=interpreted, Vv=VM code, C=native code)
V  [jvm.dll+0x6d2449]
V  [jvm.dll+0x8ae341]
V  [jvm.dll+0x8b08be]
V  [jvm.dll+0x8b0fa3]
V  [jvm.dll+0x280c96]
V  [jvm.dll+0xc581d]
V  [jvm.dll+0xc5d53]
V  [jvm.dll+0x2f539d]
V  [jvm.dll+0x5fa00a]
V  [jvm.dll+0x252092]
V  [jvm.dll+0x24aa06]
V  [jvm.dll+0x2483a4]
V  [jvm.dll+0x1c89ee]
V  [jvm.dll+0x257d4d]
V  [jvm.dll+0x2562ea]
V  [jvm.dll+0x3f2d16]
V  [jvm.dll+0x857e6b]
V  [jvm.dll+0x6d0b0d]
C  [ucrtbase.dll+0x29333]
C  [KERNEL32.DLL+0x1259d]
C  [ntdll.dll+0x5af78]


---------------  P R O C E S S  ---------------

Threads class SMR info:
_java_thread_list=0x000000006749c200, length=42, elements={
0x0000000002c01f50, 0x0000000019659fc0, 0x000000001965b660, 0x000000001965d2f0,
0x0000000019660380, 0x0000000019662420, 0x0000000019662e70, 0x0000000019663ca0,
0x000000005c996720, 0x000000005c9dbf60, 0x000000005ccd0c30, 0x000000006171ebe0,
0x00000000614bd880, 0x0000000061687950, 0x0000000061687fb0, 0x00000000625316e0,
0x000000006260d830, 0x0000000062767c20, 0x00000000627682b0, 0x0000000062769660,
0x0000000062767590, 0x0000000062769cf0, 0x0000000062768fd0, 0x00000000643b6350,
0x00000000643b7700, 0x00000000643b8ab0, 0x00000000643b7070, 0x00000000643b69e0,
0x00000000643ba4f0, 0x00000000643b7d90, 0x00000000643b8420, 0x00000000643b9140,
0x00000000643b97d0, 0x00000000643b5630, 0x00000000643b9e60, 0x00000000643b3bf0,
0x00000000643b5cc0, 0x00000000643b4910, 0x00000000643bb210, 0x00000000643b4280,
0x00000000643b4fa0, 0x0000000061548820
}

Java Threads: ( => current thread )
  0x0000000002c01f50 JavaThread "main"                              [_thread_blocked, id=3612, stack(0x00000000021a0000,0x00000000022a0000) (1024K)]
  0x0000000019659fc0 JavaThread "Reference Handler"          daemon [_thread_blocked, id=11288, stack(0x000000005c250000,0x000000005c350000) (1024K)]
  0x000000001965b660 JavaThread "Finalizer"                  daemon [_thread_blocked, id=13680, stack(0x000000005c350000,0x000000005c450000) (1024K)]
  0x000000001965d2f0 JavaThread "Signal Dispatcher"          daemon [_thread_blocked, id=26416, stack(0x000000005c450000,0x000000005c550000) (1024K)]
  0x0000000019660380 JavaThread "Attach Listener"            daemon [_thread_blocked, id=25788, stack(0x000000005c550000,0x000000005c650000) (1024K)]
  0x0000000019662420 JavaThread "Service Thread"             daemon [_thread_blocked, id=15776, stack(0x000000005c650000,0x000000005c750000) (1024K)]
  0x0000000019662e70 JavaThread "Monitor Deflation Thread"   daemon [_thread_blocked, id=25180, stack(0x000000005c750000,0x000000005c850000) (1024K)]
  0x0000000019663ca0 JavaThread "C2 CompilerThread0"         daemon [_thread_blocked, id=26560, stack(0x000000005c850000,0x000000005c950000) (1024K)]
  0x000000005c996720 JavaThread "C1 CompilerThread0"         daemon [_thread_blocked, id=18324, stack(0x000000005cd50000,0x000000005ce50000) (1024K)]
  0x000000005c9dbf60 JavaThread "Common-Cleaner"             daemon [_thread_blocked, id=16456, stack(0x000000005ce50000,0x000000005cf50000) (1024K)]
  0x000000005ccd0c30 JavaThread "Notification Thread"        daemon [_thread_blocked, id=25580, stack(0x0000000061800000,0x0000000061900000) (1024K)]
  0x000000006171ebe0 JavaThread "Active Thread: Equinox Container: 3798b3fd-00a4-48c7-ac88-d7d56748a012"        [_thread_blocked, id=25936, stack(0x0000000063120000,0x0000000063220000) (1024K)]
  0x00000000614bd880 JavaThread "Refresh Thread: Equinox Container: 3798b3fd-00a4-48c7-ac88-d7d56748a012" daemon [_thread_blocked, id=13948, stack(0x0000000063320000,0x0000000063420000) (1024K)]
  0x0000000061687950 JavaThread "Framework Event Dispatcher: Equinox Container: 3798b3fd-00a4-48c7-ac88-d7d56748a012" daemon [_thread_blocked, id=16876, stack(0x0000000063420000,0x0000000063520000) (1024K)]
  0x0000000061687fb0 JavaThread "Start Level: Equinox Container: 3798b3fd-00a4-48c7-ac88-d7d56748a012" daemon [_thread_blocked, id=15792, stack(0x0000000063520000,0x0000000063620000) (1024K)]
  0x00000000625316e0 JavaThread "Bundle File Closer"         daemon [_thread_blocked, id=7488, stack(0x0000000063720000,0x0000000063820000) (1024K)]
  0x000000006260d830 JavaThread "SCR Component Actor"        daemon [_thread_blocked, id=7712, stack(0x0000000063820000,0x0000000063920000) (1024K)]
  0x0000000062767c20 JavaThread "Worker-JM"                         [_thread_blocked, id=8836, stack(0x0000000063a20000,0x0000000063b20000) (1024K)]
  0x00000000627682b0 JavaThread "JNA Cleaner"                daemon [_thread_blocked, id=25432, stack(0x0000000061a50000,0x0000000061b50000) (1024K)]
  0x0000000062769660 JavaThread "Worker-0"                          [_thread_blocked, id=25680, stack(0x0000000063e60000,0x0000000063f60000) (1024K)]
  0x0000000062767590 JavaThread "Worker-1"                          [_thread_blocked, id=23620, stack(0x0000000063f60000,0x0000000064060000) (1024K)]
  0x0000000062769cf0 JavaThread "Worker-2"                          [_thread_blocked, id=12292, stack(0x0000000065030000,0x0000000065130000) (1024K)]
  0x0000000062768fd0 JavaThread "Java indexing"              daemon [_thread_blocked, id=6448, stack(0x0000000067680000,0x0000000067780000) (1024K)]
  0x00000000643b6350 JavaThread "Worker-3: Building"                [_thread_in_native, id=10016, stack(0x0000000066500000,0x0000000066600000) (1024K)]
  0x00000000643b7700 JavaThread "Worker-4: Java indexing... "        [_thread_blocked, id=20592, stack(0x0000000066320000,0x0000000066420000) (1024K)]
  0x00000000643b8ab0 JavaThread "Thread-2"                   daemon [_thread_in_native, id=2160, stack(0x0000000067780000,0x0000000067880000) (1024K)]
  0x00000000643b7070 JavaThread "Thread-3"                   daemon [_thread_in_native, id=26064, stack(0x0000000067880000,0x0000000067980000) (1024K)]
  0x00000000643b69e0 JavaThread "Thread-4"                   daemon [_thread_in_native, id=17720, stack(0x0000000067980000,0x0000000067a80000) (1024K)]
  0x00000000643ba4f0 JavaThread "Thread-5"                   daemon [_thread_in_native, id=9112, stack(0x0000000067a80000,0x0000000067b80000) (1024K)]
  0x00000000643b7d90 JavaThread "Thread-6"                   daemon [_thread_in_native, id=17668, stack(0x0000000067b80000,0x0000000067c80000) (1024K)]
  0x00000000643b8420 JavaThread "Thread-7"                   daemon [_thread_in_native, id=23496, stack(0x0000000067c80000,0x0000000067d80000) (1024K)]
  0x00000000643b9140 JavaThread "Thread-8"                   daemon [_thread_in_native, id=23256, stack(0x0000000067d80000,0x0000000067e80000) (1024K)]
  0x00000000643b97d0 JavaThread "Thread-9"                   daemon [_thread_in_native, id=1812, stack(0x0000000067e80000,0x0000000067f80000) (1024K)]
  0x00000000643b5630 JavaThread "Thread-10"                  daemon [_thread_in_native, id=18556, stack(0x0000000067f80000,0x0000000068080000) (1024K)]
  0x00000000643b9e60 JavaThread "pool-2-thread-1"                   [_thread_blocked, id=9264, stack(0x0000000066200000,0x0000000066300000) (1024K)]
  0x00000000643b3bf0 JavaThread "WorkspaceEventsHandler"            [_thread_blocked, id=23760, stack(0x0000000068370000,0x0000000068470000) (1024K)]
  0x00000000643b5cc0 JavaThread "pool-1-thread-1"                   [_thread_blocked, id=7244, stack(0x0000000068470000,0x0000000068570000) (1024K)]
  0x00000000643b4910 JavaThread "Worker-5"                          [_thread_blocked, id=10996, stack(0x0000000068080000,0x0000000068180000) (1024K)]
  0x00000000643bb210 JavaThread "Worker-6"                          [_thread_blocked, id=11856, stack(0x0000000068180000,0x0000000068280000) (1024K)]
  0x00000000643b4280 JavaThread "Worker-7"                          [_thread_blocked, id=4592, stack(0x0000000068670000,0x0000000068770000) (1024K)]
  0x00000000643b4fa0 JavaThread "Worker-8"                          [_thread_blocked, id=14580, stack(0x0000000068770000,0x0000000068870000) (1024K)]
=>0x0000000061548820 JavaThread "C2 CompilerThread1"         daemon [_thread_in_native, id=15396, stack(0x0000000063920000,0x0000000063a20000) (1024K)]
Total: 42

Other Threads:
  0x0000000019651be0 VMThread "VM Thread"                           [id=20020, stack(0x0000000019f00000,0x000000001a000000) (1024K)]
  0x0000000002c67970 WatcherThread "VM Periodic Task Thread"        [id=19800, stack(0x0000000019690000,0x0000000019790000) (1024K)]
  0x0000000002c18660 WorkerThread "GC Thread#0"                     [id=15344, stack(0x00000000029a0000,0x0000000002aa0000) (1024K)]
  0x0000000061465ba0 WorkerThread "GC Thread#1"                     [id=9676, stack(0x0000000061b50000,0x0000000061c50000) (1024K)]
  0x0000000061465f40 WorkerThread "GC Thread#2"                     [id=7140, stack(0x0000000061c50000,0x0000000061d50000) (1024K)]
  0x00000000614662e0 WorkerThread "GC Thread#3"                     [id=26244, stack(0x0000000061d50000,0x0000000061e50000) (1024K)]
  0x0000000061466680 WorkerThread "GC Thread#4"                     [id=24624, stack(0x0000000061e50000,0x0000000061f50000) (1024K)]
  0x0000000061466a20 WorkerThread "GC Thread#5"                     [id=19996, stack(0x0000000061f50000,0x0000000062050000) (1024K)]
  0x0000000061466dc0 WorkerThread "GC Thread#6"                     [id=18052, stack(0x0000000062050000,0x0000000062150000) (1024K)]
  0x000000006168e060 WorkerThread "GC Thread#7"                     [id=12776, stack(0x0000000063220000,0x0000000063320000) (1024K)]
Total: 10

Threads with active compile tasks:
C2 CompilerThread0  28857 8491       4       org.eclipse.jdt.internal.core.search.indexing.AbstractIndexer::addMethodDeclaration (105 bytes)
C1 CompilerThread0  28857 8510 % !   2       org.eclipse.jdt.internal.core.search.indexing.BinaryIndexer::indexDocument @ 559 (1168 bytes)
C2 CompilerThread1  28857 8480 %     4       org.eclipse.jdt.internal.core.search.indexing.BinaryIndexer::extractReferenceFromConstantPool @ 324 (358 bytes)
Total: 3

VM state: at safepoint (normal execution)

VM Mutex/Monitor currently owned by a thread:  ([mutex/lock_event])
[0x00007ffeb2a75458] Threads_lock - owner thread: 0x0000000019651be0
[0x00007ffeb2a75558] Heap_lock - owner thread: 0x0000000062768fd0

Heap address: 0x0000000080000000, size: 2048 MB, Compressed Oops mode: 32-bit

CDS archive(s) mapped at: [0x000000001a000000-0x000000001aba0000-0x000000001aba0000), size 12189696, SharedBaseAddress: 0x000000001a000000, ArchiveRelocationMode: 1.
Compressed class space mapped at: 0x000000001b000000-0x000000005b000000, reserved size: 1073741824
Narrow klass base: 0x000000001a000000, Narrow klass shift: 0, Narrow klass range: 0x100000000

GC Precious Log:
 CardTable entry size: 512
 CPUs: 8 total, 8 available
 Memory: 7975M
 Large Page Support: Disabled
 NUMA Support: Disabled
 Compressed Oops: Enabled (32-bit)
 Alignments: Space 512K, Generation 512K, Heap 2M
 Heap Min Capacity: 100M
 Heap Initial Capacity: 100M
 Heap Max Capacity: 2G
 Pre-touch: Disabled
 Parallel Workers: 8

Heap:
 PSYoungGen      total 1536K, used 1307K [0x00000000d5580000, 0x00000000d5800000, 0x0000000100000000)
  eden space 1024K, 100% used [0x00000000d5580000,0x00000000d5680000,0x00000000d5680000)
  from space 512K, 55% used [0x00000000d5780000,0x00000000d57c6c08,0x00000000d5800000)
  to   space 512K, 43% used [0x00000000d5700000,0x00000000d5738000,0x00000000d5780000)
 ParOldGen       total 378880K, used 378458K [0x0000000080000000, 0x0000000097200000, 0x00000000d5580000)
  object space 378880K, 99% used [0x0000000080000000,0x0000000097196a18,0x0000000097200000)
 Metaspace       used 53532K, committed 54784K, reserved 1114112K
  class space    used 5849K, committed 6400K, reserved 1048576K

Card table byte_map: [0x0000000002590000,0x00000000029a0000] _byte_map_base: 0x0000000002190000

Marking Bits: (ParMarkBitMap*) 0x00007ffeb2a7a340
 Begin Bits: [0x0000000015090000, 0x0000000017090000)
 End Bits:   [0x0000000017090000, 0x0000000019090000)

Polling page: 0x00000000009c0000

Metaspace:

Usage:
  Non-class:     46.57 MB used.
      Class:      5.71 MB used.
       Both:     52.28 MB used.

Virtual space:
  Non-class space:       64.00 MB reserved,      47.25 MB ( 74%) committed,  1 nodes.
      Class space:        1.00 GB reserved,       6.25 MB ( <1%) committed,  1 nodes.
             Both:        1.06 GB reserved,      53.50 MB (  5%) committed. 

Chunk freelists:
   Non-Class:  400.00 KB
       Class:  9.80 MB
        Both:  10.19 MB

MaxMetaspaceSize: unlimited
CompressedClassSpaceSize: 1.00 GB
Initial GC threshold: 21.00 MB
Current GC threshold: 58.38 MB
CDS: on
 - commit_granule_bytes: 65536.
 - commit_granule_words: 8192.
 - virtual_space_node_default_size: 8388608.
 - enlarge_chunks_in_place: 1.
 - use_allocation_guard: 0.


Internal statistics:

num_allocs_failed_limit: 8.
num_arena_births: 1018.
num_arena_deaths: 14.
num_vsnodes_births: 2.
num_vsnodes_deaths: 0.
num_space_committed: 856.
num_space_uncommitted: 0.
num_chunks_returned_to_freelist: 22.
num_chunks_taken_from_freelist: 3320.
num_chunk_merges: 12.
num_chunk_splits: 2025.
num_chunks_enlarged: 1086.
num_inconsistent_stats: 0.

CodeHeap 'non-profiled nmethods': size=120000Kb used=5667Kb max_used=5667Kb free=114333Kb
 bounds [0x000000000d8b0000, 0x000000000de40000, 0x0000000014de0000]
CodeHeap 'profiled nmethods': size=120000Kb used=16460Kb max_used=16460Kb free=103539Kb
 bounds [0x0000000005de0000, 0x0000000006e00000, 0x000000000d310000]
CodeHeap 'non-nmethods': size=5760Kb used=1438Kb max_used=1514Kb free=4322Kb
 bounds [0x000000000d310000, 0x000000000d580000, 0x000000000d8b0000]
CodeCache: size=245760Kb, used=23565Kb, max_used=23641Kb, free=222194Kb
 total_blobs=8619, nmethods=7887, adapters=638, full_count=0
Compilation: enabled, stopped_count=0, restarted_count=0

Compilation events (20 events):
Event: 28.723 Thread 0x0000000019663ca0 nmethod 8482 0x000000000de37590 code [0x000000000de37740, 0x000000000de378e8]
Event: 28.723 Thread 0x0000000019663ca0 8486       4       org.eclipse.jdt.internal.core.search.indexing.AbstractIndexer::addNameReference (9 bytes)
Event: 28.726 Thread 0x0000000019663ca0 nmethod 8486 0x000000000de37a90 code [0x000000000de37c40, 0x000000000de37de0]
Event: 28.726 Thread 0x0000000019663ca0 8484   !   4       org.eclipse.jdt.internal.core.search.indexing.AbstractIndexer::addMethodDeclaration (42 bytes)
Event: 28.727 Thread 0x000000005c996720 nmethod 8489 0x0000000006ddfe10 code [0x0000000006de0680, 0x0000000006de4a90]
Event: 28.730 Thread 0x0000000019663ca0 nmethod 8484 0x000000000de38010 code [0x000000000de381e0, 0x000000000de38490]
Event: 28.731 Thread 0x0000000019663ca0 8483       4       org.eclipse.jdt.core.search.SearchDocument::addIndexEntry (21 bytes)
Event: 28.733 Thread 0x0000000019663ca0 nmethod 8483 0x000000000de38710 code [0x000000000de388c0, 0x000000000de38a38]
Event: 28.760 Thread 0x000000005c996720 8490       3       org.eclipse.jdt.internal.compiler.parser.Scanner::scanIdentifier (450 bytes)
Event: 28.764 Thread 0x0000000019663ca0 8491       4       org.eclipse.jdt.internal.core.search.indexing.AbstractIndexer::addMethodDeclaration (105 bytes)
Event: 28.765 Thread 0x000000005c996720 nmethod 8490 0x0000000006de7110 code [0x0000000006de7420, 0x0000000006de8550]
Event: 28.765 Thread 0x000000005c996720 8493       3       org.eclipse.jdt.internal.compiler.parser.Scanner::scanIdentifierOrKeywordWithBoundCheck (198 bytes)
Event: 28.766 Thread 0x000000005c996720 nmethod 8493 0x0000000006de8a90 code [0x0000000006de8cc0, 0x0000000006de9390]
Event: 28.767 Thread 0x000000005c996720 8496       3       org.eclipse.jdt.internal.core.search.JavaSearchParticipant::indexDocument (89 bytes)
Event: 28.768 Thread 0x000000005c996720 nmethod 8496 0x0000000006de9590 code [0x0000000006de9880, 0x0000000006dea6f8]
Event: 28.771 Thread 0x000000005c996720 8499 % !   2       org.eclipse.jdt.internal.core.search.indexing.BinaryIndexer::indexDocument @ 952 (1168 bytes)
Event: 28.782 Thread 0x000000005c996720 nmethod 8499% 0x0000000006dead10 code [0x0000000006deb420, 0x0000000006dee450]
Event: 28.782 Thread 0x000000005c996720 8500   !   3       org.eclipse.jdt.internal.compiler.parser.Scanner::getNextChar (71 bytes)
Event: 28.783 Thread 0x000000005c996720 nmethod 8500 0x0000000006df1b10 code [0x0000000006df1ce0, 0x0000000006df1ff0]
Event: 28.787 Thread 0x000000005c996720 8504   !   3       org.eclipse.jdt.internal.core.search.indexing.BinaryContainer::isValidPackageNameForClassOrisModule (158 bytes)

GC Heap History (20 events):
Event: 28.066 GC heap before
{Heap before GC invocations=329 (full 2):
 PSYoungGen      total 1536K, used 1536K [0x00000000d5580000, 0x00000000d5980000, 0x0000000100000000)
  eden space 1024K, 100% used [0x00000000d5580000,0x00000000d5680000,0x00000000d5680000)
  from space 512K, 100% used [0x00000000d5800000,0x00000000d5880000,0x00000000d5880000)
  to   space 1536K, 0% used [0x00000000d5680000,0x00000000d5680000,0x00000000d5800000)
 ParOldGen       total 372736K, used 372595K [0x0000000080000000, 0x0000000096c00000, 0x00000000d5580000)
  object space 372736K, 99% used [0x0000000080000000,0x0000000096bdcc38,0x0000000096c00000)
 Metaspace       used 53498K, committed 54784K, reserved 1114112K
  class space    used 5845K, committed 6400K, reserved 1048576K
}
Event: 28.068 GC heap after
{Heap after GC invocations=329 (full 2):
 PSYoungGen      total 2048K, used 640K [0x00000000d5580000, 0x00000000d5880000, 0x0000000100000000)
  eden space 1024K, 0% used [0x00000000d5580000,0x00000000d5580000,0x00000000d5680000)
  from space 1024K, 62% used [0x00000000d5680000,0x00000000d5720000,0x00000000d5780000)
  to   space 1024K, 0% used [0x00000000d5780000,0x00000000d5780000,0x00000000d5880000)
 ParOldGen       total 373248K, used 373099K [0x0000000080000000, 0x0000000096c80000, 0x00000000d5580000)
  object space 373248K, 99% used [0x0000000080000000,0x0000000096c5ac38,0x0000000096c80000)
 Metaspace       used 53498K, committed 54784K, reserved 1114112K
  class space    used 5845K, committed 6400K, reserved 1048576K
}
Event: 28.200 GC heap before
{Heap before GC invocations=330 (full 2):
 PSYoungGen      total 2048K, used 1664K [0x00000000d5580000, 0x00000000d5880000, 0x0000000100000000)
  eden space 1024K, 100% used [0x00000000d5580000,0x00000000d5680000,0x00000000d5680000)
  from space 1024K, 62% used [0x00000000d5680000,0x00000000d5720000,0x00000000d5780000)
  to   space 1024K, 0% used [0x00000000d5780000,0x00000000d5780000,0x00000000d5880000)
 ParOldGen       total 373248K, used 373099K [0x0000000080000000, 0x0000000096c80000, 0x00000000d5580000)
  object space 373248K, 99% used [0x0000000080000000,0x0000000096c5ac38,0x0000000096c80000)
 Metaspace       used 53498K, committed 54784K, reserved 1114112K
  class space    used 5845K, committed 6400K, reserved 1048576K
}
Event: 28.203 GC heap after
{Heap after GC invocations=330 (full 2):
 PSYoungGen      total 2048K, used 864K [0x00000000d5580000, 0x00000000d5880000, 0x0000000100000000)
  eden space 1024K, 0% used [0x00000000d5580000,0x00000000d5580000,0x00000000d5680000)
  from space 1024K, 84% used [0x00000000d5780000,0x00000000d5858000,0x00000000d5880000)
  to   space 1024K, 0% used [0x00000000d5680000,0x00000000d5680000,0x00000000d5780000)
 ParOldGen       total 373760K, used 373707K [0x0000000080000000, 0x0000000096d00000, 0x00000000d5580000)
  object space 373760K, 99% used [0x0000000080000000,0x0000000096cf2c38,0x0000000096d00000)
 Metaspace       used 53498K, committed 54784K, reserved 1114112K
  class space    used 5845K, committed 6400K, reserved 1048576K
}
Event: 28.220 GC heap before
{Heap before GC invocations=331 (full 2):
 PSYoungGen      total 2048K, used 1888K [0x00000000d5580000, 0x00000000d5880000, 0x0000000100000000)
  eden space 1024K, 100% used [0x00000000d5580000,0x00000000d5680000,0x00000000d5680000)
  from space 1024K, 84% used [0x00000000d5780000,0x00000000d5858000,0x00000000d5880000)
  to   space 1024K, 0% used [0x00000000d5680000,0x00000000d5680000,0x00000000d5780000)
 ParOldGen       total 373760K, used 373707K [0x0000000080000000, 0x0000000096d00000, 0x00000000d5580000)
  object space 373760K, 99% used [0x0000000080000000,0x0000000096cf2c38,0x0000000096d00000)
 Metaspace       used 53498K, committed 54784K, reserved 1114112K
  class space    used 5845K, committed 6400K, reserved 1048576K
}
Event: 28.224 GC heap after
{Heap after GC invocations=331 (full 2):
 PSYoungGen      total 2048K, used 896K [0x00000000d5580000, 0x00000000d5880000, 0x0000000100000000)
  eden space 1024K, 0% used [0x00000000d5580000,0x00000000d5580000,0x00000000d5680000)
  from space 1024K, 87% used [0x00000000d5680000,0x00000000d5760000,0x00000000d5780000)
  to   space 1024K, 0% used [0x00000000d5780000,0x00000000d5780000,0x00000000d5880000)
 ParOldGen       total 374784K, used 374515K [0x0000000080000000, 0x0000000096e00000, 0x00000000d5580000)
  object space 374784K, 99% used [0x0000000080000000,0x0000000096dbcc38,0x0000000096e00000)
 Metaspace       used 53498K, committed 54784K, reserved 1114112K
  class space    used 5845K, committed 6400K, reserved 1048576K
}
Event: 28.524 GC heap before
{Heap before GC invocations=332 (full 2):
 PSYoungGen      total 2048K, used 1920K [0x00000000d5580000, 0x00000000d5880000, 0x0000000100000000)
  eden space 1024K, 100% used [0x00000000d5580000,0x00000000d5680000,0x00000000d5680000)
  from space 1024K, 87% used [0x00000000d5680000,0x00000000d5760000,0x00000000d5780000)
  to   space 1024K, 0% used [0x00000000d5780000,0x00000000d5780000,0x00000000d5880000)
 ParOldGen       total 374784K, used 374515K [0x0000000080000000, 0x0000000096e00000, 0x00000000d5580000)
  object space 374784K, 99% used [0x0000000080000000,0x0000000096dbcc38,0x0000000096e00000)
 Metaspace       used 53498K, committed 54784K, reserved 1114112K
  class space    used 5845K, committed 6400K, reserved 1048576K
}
Event: 28.530 GC heap after
{Heap after GC invocations=332 (full 2):
 PSYoungGen      total 2048K, used 992K [0x00000000d5580000, 0x00000000d5880000, 0x0000000100000000)
  eden space 1024K, 0% used [0x00000000d5580000,0x00000000d5580000,0x00000000d5680000)
  from space 1024K, 96% used [0x00000000d5780000,0x00000000d5878000,0x00000000d5880000)
  to   space 1024K, 0% used [0x00000000d5680000,0x00000000d5680000,0x00000000d5780000)
 ParOldGen       total 375808K, used 375355K [0x0000000080000000, 0x0000000096f00000, 0x00000000d5580000)
  object space 375808K, 99% used [0x0000000080000000,0x0000000096e8ec38,0x0000000096f00000)
 Metaspace       used 53498K, committed 54784K, reserved 1114112K
  class space    used 5845K, committed 6400K, reserved 1048576K
}
Event: 28.572 GC heap before
{Heap before GC invocations=333 (full 2):
 PSYoungGen      total 2048K, used 2015K [0x00000000d5580000, 0x00000000d5880000, 0x0000000100000000)
  eden space 1024K, 99% used [0x00000000d5580000,0x00000000d567fef0,0x00000000d5680000)
  from space 1024K, 96% used [0x00000000d5780000,0x00000000d5878000,0x00000000d5880000)
  to   space 1024K, 0% used [0x00000000d5680000,0x00000000d5680000,0x00000000d5780000)
 ParOldGen       total 375808K, used 375355K [0x0000000080000000, 0x0000000096f00000, 0x00000000d5580000)
  object space 375808K, 99% used [0x0000000080000000,0x0000000096e8ec38,0x0000000096f00000)
 Metaspace       used 53498K, committed 54784K, reserved 1114112K
  class space    used 5845K, committed 6400K, reserved 1048576K
}
Event: 28.574 GC heap after
{Heap after GC invocations=333 (full 2):
 PSYoungGen      total 2048K, used 928K [0x00000000d5580000, 0x00000000d5880000, 0x0000000100000000)
  eden space 1024K, 0% used [0x00000000d5580000,0x00000000d5580000,0x00000000d5680000)
  from space 1024K, 90% used [0x00000000d5680000,0x00000000d5768000,0x00000000d5780000)
  to   space 1024K, 0% used [0x00000000d5780000,0x00000000d5780000,0x00000000d5880000)
 ParOldGen       total 376320K, used 376235K [0x0000000080000000, 0x0000000096f80000, 0x00000000d5580000)
  object space 376320K, 99% used [0x0000000080000000,0x0000000096f6ac38,0x0000000096f80000)
 Metaspace       used 53498K, committed 54784K, reserved 1114112K
  class space    used 5845K, committed 6400K, reserved 1048576K
}
Event: 28.670 GC heap before
{Heap before GC invocations=334 (full 2):
 PSYoungGen      total 2048K, used 1952K [0x00000000d5580000, 0x00000000d5880000, 0x0000000100000000)
  eden space 1024K, 100% used [0x00000000d5580000,0x00000000d5680000,0x00000000d5680000)
  from space 1024K, 90% used [0x00000000d5680000,0x00000000d5768000,0x00000000d5780000)
  to   space 1024K, 0% used [0x00000000d5780000,0x00000000d5780000,0x00000000d5880000)
 ParOldGen       total 376320K, used 376235K [0x0000000080000000, 0x0000000096f80000, 0x00000000d5580000)
  object space 376320K, 99% used [0x0000000080000000,0x0000000096f6ac38,0x0000000096f80000)
 Metaspace       used 53525K, committed 54784K, reserved 1114112K
  class space    used 5848K, committed 6400K, reserved 1048576K
}
Event: 28.672 GC heap after
{Heap after GC invocations=334 (full 2):
 PSYoungGen      total 2048K, used 512K [0x00000000d5580000, 0x00000000d5880000, 0x0000000100000000)
  eden space 1024K, 0% used [0x00000000d5580000,0x00000000d5580000,0x00000000d5680000)
  from space 1024K, 50% used [0x00000000d5780000,0x00000000d5800000,0x00000000d5880000)
  to   space 1024K, 0% used [0x00000000d5680000,0x00000000d5680000,0x00000000d5780000)
 ParOldGen       total 377344K, used 377043K [0x0000000080000000, 0x0000000097080000, 0x00000000d5580000)
  object space 377344K, 99% used [0x0000000080000000,0x0000000097034c38,0x0000000097080000)
 Metaspace       used 53525K, committed 54784K, reserved 1114112K
  class space    used 5848K, committed 6400K, reserved 1048576K
}
Event: 28.760 GC heap before
{Heap before GC invocations=335 (full 2):
 PSYoungGen      total 2048K, used 1536K [0x00000000d5580000, 0x00000000d5880000, 0x0000000100000000)
  eden space 1024K, 100% used [0x00000000d5580000,0x00000000d5680000,0x00000000d5680000)
  from space 1024K, 50% used [0x00000000d5780000,0x00000000d5800000,0x00000000d5880000)
  to   space 1024K, 0% used [0x00000000d5680000,0x00000000d5680000,0x00000000d5780000)
 ParOldGen       total 377344K, used 377043K [0x0000000080000000, 0x0000000097080000, 0x00000000d5580000)
  object space 377344K, 99% used [0x0000000080000000,0x0000000097034c38,0x0000000097080000)
 Metaspace       used 53527K, committed 54784K, reserved 1114112K
  class space    used 5848K, committed 6400K, reserved 1048576K
}
Event: 28.764 GC heap after
{Heap after GC invocations=335 (full 2):
 PSYoungGen      total 2048K, used 350K [0x00000000d5580000, 0x00000000d5800000, 0x0000000100000000)
  eden space 1024K, 0% used [0x00000000d5580000,0x00000000d5580000,0x00000000d5680000)
  from space 1024K, 34% used [0x00000000d5680000,0x00000000d56d7bf0,0x00000000d5780000)
  to   space 512K, 0% used [0x00000000d5780000,0x00000000d5780000,0x00000000d5800000)
 ParOldGen       total 377856K, used 377475K [0x0000000080000000, 0x0000000097100000, 0x00000000d5580000)
  object space 377856K, 99% used [0x0000000080000000,0x00000000970a0c38,0x0000000097100000)
 Metaspace       used 53527K, committed 54784K, reserved 1114112K
  class space    used 5848K, committed 6400K, reserved 1048576K
}
Event: 28.768 GC heap before
{Heap before GC invocations=336 (full 2):
 PSYoungGen      total 2048K, used 1374K [0x00000000d5580000, 0x00000000d5800000, 0x0000000100000000)
  eden space 1024K, 100% used [0x00000000d5580000,0x00000000d5680000,0x00000000d5680000)
  from space 1024K, 34% used [0x00000000d5680000,0x00000000d56d7bf0,0x00000000d5780000)
  to   space 512K, 0% used [0x00000000d5780000,0x00000000d5780000,0x00000000d5800000)
 ParOldGen       total 377856K, used 377475K [0x0000000080000000, 0x0000000097100000, 0x00000000d5580000)
  object space 377856K, 99% used [0x0000000080000000,0x00000000970a0c38,0x0000000097100000)
 Metaspace       used 53528K, committed 54784K, reserved 1114112K
  class space    used 5848K, committed 6400K, reserved 1048576K
}
Event: 28.769 GC heap after
{Heap after GC invocations=336 (full 2):
 PSYoungGen      total 1536K, used 256K [0x00000000d5580000, 0x00000000d5800000, 0x0000000100000000)
  eden space 1024K, 0% used [0x00000000d5580000,0x00000000d5580000,0x00000000d5680000)
  from space 512K, 50% used [0x00000000d5780000,0x00000000d57c0000,0x00000000d5800000)
  to   space 512K, 0% used [0x00000000d5700000,0x00000000d5700000,0x00000000d5780000)
 ParOldGen       total 377856K, used 377725K [0x0000000080000000, 0x0000000097100000, 0x00000000d5580000)
  object space 377856K, 99% used [0x0000000080000000,0x00000000970df410,0x0000000097100000)
 Metaspace       used 53528K, committed 54784K, reserved 1114112K
  class space    used 5848K, committed 6400K, reserved 1048576K
}
Event: 28.773 GC heap before
{Heap before GC invocations=337 (full 2):
 PSYoungGen      total 1536K, used 1280K [0x00000000d5580000, 0x00000000d5800000, 0x0000000100000000)
  eden space 1024K, 100% used [0x00000000d5580000,0x00000000d5680000,0x00000000d5680000)
  from space 512K, 50% used [0x00000000d5780000,0x00000000d57c0000,0x00000000d5800000)
  to   space 512K, 0% used [0x00000000d5700000,0x00000000d5700000,0x00000000d5780000)
 ParOldGen       total 377856K, used 377725K [0x0000000080000000, 0x0000000097100000, 0x00000000d5580000)
  object space 377856K, 99% used [0x0000000080000000,0x00000000970df410,0x0000000097100000)
 Metaspace       used 53528K, committed 54784K, reserved 1114112K
  class space    used 5848K, committed 6400K, reserved 1048576K
}
Event: 28.774 GC heap after
{Heap after GC invocations=337 (full 2):
 PSYoungGen      total 1536K, used 192K [0x00000000d5580000, 0x00000000d5800000, 0x0000000100000000)
  eden space 1024K, 0% used [0x00000000d5580000,0x00000000d5580000,0x00000000d5680000)
  from space 512K, 37% used [0x00000000d5700000,0x00000000d5730000,0x00000000d5780000)
  to   space 512K, 0% used [0x00000000d5780000,0x00000000d5780000,0x00000000d5800000)
 ParOldGen       total 378368K, used 377869K [0x0000000080000000, 0x0000000097180000, 0x00000000d5580000)
  object space 378368K, 99% used [0x0000000080000000,0x0000000097103410,0x0000000097180000)
 Metaspace       used 53528K, committed 54784K, reserved 1114112K
  class space    used 5848K, committed 6400K, reserved 1048576K
}
Event: 28.784 GC heap before
{Heap before GC invocations=338 (full 2):
 PSYoungGen      total 1536K, used 1216K [0x00000000d5580000, 0x00000000d5800000, 0x0000000100000000)
  eden space 1024K, 100% used [0x00000000d5580000,0x00000000d5680000,0x00000000d5680000)
  from space 512K, 37% used [0x00000000d5700000,0x00000000d5730000,0x00000000d5780000)
  to   space 512K, 0% used [0x00000000d5780000,0x00000000d5780000,0x00000000d5800000)
 ParOldGen       total 378368K, used 377869K [0x0000000080000000, 0x0000000097180000, 0x00000000d5580000)
  object space 378368K, 99% used [0x0000000080000000,0x0000000097103410,0x0000000097180000)
 Metaspace       used 53532K, committed 54784K, reserved 1114112K
  class space    used 5849K, committed 6400K, reserved 1048576K
}
Event: 28.786 GC heap after
{Heap after GC invocations=338 (full 2):
 PSYoungGen      total 1536K, used 288K [0x00000000d5580000, 0x00000000d5800000, 0x0000000100000000)
  eden space 1024K, 0% used [0x00000000d5580000,0x00000000d5580000,0x00000000d5680000)
  from space 512K, 56% used [0x00000000d5780000,0x00000000d57c8000,0x00000000d5800000)
  to   space 512K, 0% used [0x00000000d5700000,0x00000000d5700000,0x00000000d5780000)
 ParOldGen       total 378368K, used 377997K [0x0000000080000000, 0x0000000097180000, 0x00000000d5580000)
  object space 378368K, 99% used [0x0000000080000000,0x0000000097123410,0x0000000097180000)
 Metaspace       used 53532K, committed 54784K, reserved 1114112K
  class space    used 5849K, committed 6400K, reserved 1048576K
}

Dll operation events (12 events):
Event: 0.024 Loaded shared library c:\Users\hmfar\.vscode\extensions\redhat.java-1.44.0-win32-x64\jre\21.0.8-win32-x86_64\bin\java.dll
Event: 0.218 Loaded shared library c:\Users\hmfar\.vscode\extensions\redhat.java-1.44.0-win32-x64\jre\21.0.8-win32-x86_64\bin\zip.dll
Event: 0.270 Loaded shared library C:\Users\hmfar\.vscode\extensions\redhat.java-1.44.0-win32-x64\jre\21.0.8-win32-x86_64\bin\instrument.dll
Event: 0.284 Loaded shared library C:\Users\hmfar\.vscode\extensions\redhat.java-1.44.0-win32-x64\jre\21.0.8-win32-x86_64\bin\net.dll
Event: 0.288 Loaded shared library C:\Users\hmfar\.vscode\extensions\redhat.java-1.44.0-win32-x64\jre\21.0.8-win32-x86_64\bin\nio.dll
Event: 0.292 Loaded shared library C:\Users\hmfar\.vscode\extensions\redhat.java-1.44.0-win32-x64\jre\21.0.8-win32-x86_64\bin\zip.dll
Event: 0.358 Loaded shared library C:\Users\hmfar\.vscode\extensions\redhat.java-1.44.0-win32-x64\jre\21.0.8-win32-x86_64\bin\jimage.dll
Event: 0.572 Loaded shared library c:\Users\hmfar\.vscode\extensions\redhat.java-1.44.0-win32-x64\jre\21.0.8-win32-x86_64\bin\verify.dll
Event: 2.802 Loaded shared library C:\Users\hmfar\AppData\Roaming\Code\User\globalStorage\redhat.java\1.44.0\config_win\org.eclipse.equinox.launcher\org.eclipse.equinox.launcher.win32.win32.x86_64_1.2.1400.v20250730-1736\eclipse_11913.dll
Event: 5.194 Loaded shared library C:\Users\hmfar\AppData\Local\Temp\jna-99394546\jna17874264908557084009.dll
Event: 10.321 Loaded shared library C:\Users\hmfar\.vscode\extensions\redhat.java-1.44.0-win32-x64\jre\21.0.8-win32-x86_64\bin\sunmscapi.dll
Event: 10.500 Loaded shared library C:\Users\hmfar\.vscode\extensions\redhat.java-1.44.0-win32-x64\jre\21.0.8-win32-x86_64\bin\extnet.dll

Deoptimization events (20 events):
Event: 28.750 Thread 0x0000000062768fd0 Uncommon trap: trap_request=0xffffffbe fr.pc=0x000000000de37160 relative=0x0000000000000460
Event: 28.750 Thread 0x0000000062768fd0 Uncommon trap: reason=profile_predicate action=maybe_recompile pc=0x000000000de37160 method=org.eclipse.jdt.internal.compiler.util.SimpleLookupTable.get(Ljava/lang/Object;)Ljava/lang/Object; @ 45 c2
Event: 28.750 Thread 0x0000000062768fd0 DEOPT PACKING pc=0x000000000de37160 sp=0x000000006777f2e0
Event: 28.750 Thread 0x0000000062768fd0 DEOPT UNPACKING pc=0x000000000d366da2 sp=0x000000006777f270 mode 2
Event: 28.750 Thread 0x0000000062768fd0 Uncommon trap: trap_request=0xffffffbe fr.pc=0x000000000de37160 relative=0x0000000000000460
Event: 28.750 Thread 0x0000000062768fd0 Uncommon trap: reason=profile_predicate action=maybe_recompile pc=0x000000000de37160 method=org.eclipse.jdt.internal.compiler.util.SimpleLookupTable.get(Ljava/lang/Object;)Ljava/lang/Object; @ 45 c2
Event: 28.750 Thread 0x0000000062768fd0 DEOPT PACKING pc=0x000000000de37160 sp=0x000000006777f480
Event: 28.750 Thread 0x0000000062768fd0 DEOPT UNPACKING pc=0x000000000d366da2 sp=0x000000006777f420 mode 2
Event: 28.750 Thread 0x0000000062768fd0 Uncommon trap: trap_request=0xffffffbe fr.pc=0x000000000de37160 relative=0x0000000000000460
Event: 28.750 Thread 0x0000000062768fd0 Uncommon trap: reason=profile_predicate action=maybe_recompile pc=0x000000000de37160 method=org.eclipse.jdt.internal.compiler.util.SimpleLookupTable.get(Ljava/lang/Object;)Ljava/lang/Object; @ 45 c2
Event: 28.750 Thread 0x0000000062768fd0 DEOPT PACKING pc=0x000000000de37160 sp=0x000000006777f3d0
Event: 28.750 Thread 0x0000000062768fd0 DEOPT UNPACKING pc=0x000000000d366da2 sp=0x000000006777f370 mode 2
Event: 28.767 Thread 0x0000000062768fd0 DEOPT PACKING pc=0x0000000006a977ec sp=0x000000006777f040
Event: 28.767 Thread 0x0000000062768fd0 DEOPT UNPACKING pc=0x000000000d3678e2 sp=0x000000006777e4b8 mode 0
Event: 28.784 Thread 0x0000000062768fd0 Uncommon trap: trap_request=0xffffff45 fr.pc=0x000000000dd867c4 relative=0x00000000000000a4
Event: 28.784 Thread 0x0000000062768fd0 Uncommon trap: reason=unstable_if action=reinterpret pc=0x000000000dd867c4 method=org.eclipse.jdt.internal.compiler.classfmt.AnnotationInfo.<init>([B[IIZZ)V @ 9 c2
Event: 28.784 Thread 0x0000000062768fd0 DEOPT PACKING pc=0x000000000dd867c4 sp=0x000000006777efa0
Event: 28.784 Thread 0x0000000062768fd0 DEOPT UNPACKING pc=0x000000000d366da2 sp=0x000000006777ef10 mode 2
Event: 28.786 Thread 0x0000000062768fd0 DEOPT PACKING pc=0x0000000006a977ec sp=0x000000006777efb0
Event: 28.786 Thread 0x0000000062768fd0 DEOPT UNPACKING pc=0x000000000d3678e2 sp=0x000000006777e428 mode 0

Classes loaded (20 events):
Event: 13.289 Loading class java/util/AbstractList$ListItr
Event: 13.289 Loading class java/util/AbstractList$ListItr done
Event: 15.452 Loading class java/util/WeakHashMap$KeyIterator
Event: 15.452 Loading class java/util/WeakHashMap$KeyIterator done
Event: 19.187 Loading class java/util/concurrent/CompletableFuture$AltResult
Event: 19.188 Loading class java/util/concurrent/CompletableFuture$AltResult done
Event: 19.188 Loading class java/util/concurrent/CompletableFuture$Completion
Event: 19.188 Loading class java/util/concurrent/CompletableFuture$AsynchronousCompletionTask
Event: 19.188 Loading class java/util/concurrent/CompletableFuture$AsynchronousCompletionTask done
Event: 19.189 Loading class java/util/concurrent/CompletableFuture$Completion done
Event: 19.248 Loading class sun/nio/ch/WindowsAsynchronousFileChannelImpl$WriteTask
Event: 19.249 Loading class sun/nio/ch/WindowsAsynchronousFileChannelImpl$WriteTask done
Event: 21.647 Loading class sun/security/ssl/Alert
Event: 21.648 Loading class sun/security/ssl/Alert done
Event: 21.649 Loading class sun/security/ssl/Alert$AlertConsumer
Event: 21.649 Loading class sun/security/ssl/Alert$AlertConsumer done
Event: 21.649 Loading class sun/security/ssl/Alert$Level
Event: 21.649 Loading class sun/security/ssl/Alert$Level done
Event: 28.638 Loading class sun/nio/fs/WindowsFileCopy
Event: 28.639 Loading class sun/nio/fs/WindowsFileCopy done

Classes unloaded (7 events):
Event: 6.712 Thread 0x0000000019651be0 Unloading class 0x000000001b1a7000 'java/lang/invoke/LambdaForm$MH+0x000000001b1a7000'
Event: 6.712 Thread 0x0000000019651be0 Unloading class 0x000000001b1a6c00 'java/lang/invoke/LambdaForm$MH+0x000000001b1a6c00'
Event: 6.712 Thread 0x0000000019651be0 Unloading class 0x000000001b1a6800 'java/lang/invoke/LambdaForm$MH+0x000000001b1a6800'
Event: 6.712 Thread 0x0000000019651be0 Unloading class 0x000000001b1a6400 'java/lang/invoke/LambdaForm$MH+0x000000001b1a6400'
Event: 6.712 Thread 0x0000000019651be0 Unloading class 0x000000001b1a6000 'java/lang/invoke/LambdaForm$BMH+0x000000001b1a6000'
Event: 6.712 Thread 0x0000000019651be0 Unloading class 0x000000001b1a5c00 'java/lang/invoke/LambdaForm$DMH+0x000000001b1a5c00'
Event: 6.712 Thread 0x0000000019651be0 Unloading class 0x000000001b1a4800 'java/lang/invoke/LambdaForm$DMH+0x000000001b1a4800'

Classes redefined (0 events):
No events

Internal exceptions (20 events):
Event: 11.487 Thread 0x0000000062769660 Exception <a 'java/lang/NoSuchMethodError'{0x00000000d5d54798}: 'int java.lang.invoke.Invokers$Holder.linkToTargetMethod(java.lang.Object, java.lang.Object, java.lang.Object)'> (0x00000000d5d54798) 
thrown [s\src\hotspot\share\interpreter\linkResolver.cpp, line 773]
Event: 11.667 Thread 0x0000000062769cf0 Exception <a 'java/lang/NoSuchMethodError'{0x00000000d61b1f90}: 'void java.lang.invoke.DirectMethodHandle$Holder.invokeStaticInit(java.lang.Object, java.lang.Object, java.lang.Object, java.lang.Object)'> (0x00000000d61b1f90) 
thrown [s\src\hotspot\share\interpreter\linkResolver.cpp, line 773]
Event: 12.953 Thread 0x0000000062768fd0 Exception <a 'java/io/FileNotFoundException'{0x00000000d6940e80}> (0x00000000d6940e80) 
thrown [s\src\hotspot\share\prims\jni.cpp, line 520]
Event: 12.953 Thread 0x0000000062768fd0 Exception <a 'java/io/FileNotFoundException'{0x00000000d69420f0}> (0x00000000d69420f0) 
thrown [s\src\hotspot\share\prims\jni.cpp, line 520]
Event: 12.956 Thread 0x0000000062768fd0 Exception <a 'java/lang/NoSuchMethodError'{0x00000000d69fa438}: 'java.lang.Object java.lang.invoke.DirectMethodHandle$Holder.newInvokeSpecial(java.lang.Object, java.lang.Object, java.lang.Object, int)'> (0x00000000d69fa438) 
thrown [s\src\hotspot\share\interpreter\linkResolver.cpp, line 773]
Event: 12.956 Thread 0x0000000062768fd0 Exception <a 'java/lang/NoSuchMethodError'{0x00000000d69fe368}: 'java.lang.Object java.lang.invoke.DirectMethodHandle$Holder.invokeSpecial(java.lang.Object, java.lang.Object, java.lang.Object, java.lang.Object, int)'> (0x00000000d69fe368) 
thrown [s\src\hotspot\share\interpreter\linkResolver.cpp, line 773]
Event: 12.965 Thread 0x0000000062768fd0 Exception <a 'java/lang/NoSuchMethodError'{0x00000000d5581a60}: 'java.lang.Object java.lang.invoke.Invokers$Holder.linkToTargetMethod(java.lang.Object, java.lang.Object, int, java.lang.Object)'> (0x00000000d5581a60) 
thrown [s\src\hotspot\share\interpreter\linkResolver.cpp, line 773]
Event: 15.457 Thread 0x0000000062767590 Exception <a 'java/io/FileNotFoundException'{0x00000000d5f40858}> (0x00000000d5f40858) 
thrown [s\src\hotspot\share\prims\jni.cpp, line 520]
Event: 15.457 Thread 0x0000000062767590 Exception <a 'java/io/FileNotFoundException'{0x00000000d5f41858}> (0x00000000d5f41858) 
thrown [s\src\hotspot\share\prims\jni.cpp, line 520]
Event: 15.458 Thread 0x0000000062767590 Exception <a 'java/io/FileNotFoundException'{0x00000000d5f425b0}> (0x00000000d5f425b0) 
thrown [s\src\hotspot\share\prims\jni.cpp, line 520]
Event: 15.749 Thread 0x00000000643b6350 Exception <a 'sun/nio/fs/WindowsException'{0x00000000d6381270}> (0x00000000d6381270) 
thrown [s\src\hotspot\share\prims\jni.cpp, line 520]
Event: 15.749 Thread 0x00000000643b6350 Exception <a 'sun/nio/fs/WindowsException'{0x00000000d63818a0}> (0x00000000d63818a0) 
thrown [s\src\hotspot\share\prims\jni.cpp, line 520]
Event: 18.310 Thread 0x0000000062768fd0 Implicit null exception at 0x000000000dc126da to 0x000000000dc127d8
Event: 19.037 Thread 0x00000000643b5cc0 Exception <a 'java/io/FileNotFoundException'{0x00000000d5b37928}> (0x00000000d5b37928) 
thrown [s\src\hotspot\share\prims\jni.cpp, line 520]
Event: 19.253 Thread 0x00000000643b5cc0 Exception <a 'java/lang/IncompatibleClassChangeError'{0x00000000d5a379e8}: Found class java.lang.Object, but interface was expected> (0x00000000d5a379e8) 
thrown [s\src\hotspot\share\interpreter\linkResolver.cpp, line 840]
Event: 21.424 Thread 0x0000000062768fd0 Implicit null exception at 0x000000000dd01745 to 0x000000000dd05b48
Event: 22.543 Thread 0x0000000062768fd0 Implicit null exception at 0x000000000dd78833 to 0x000000000dd7dc2c
Event: 28.639 Thread 0x0000000062768fd0 Exception <a 'sun/nio/fs/WindowsException'{0x00000000d5653bf0}> (0x00000000d5653bf0) 
thrown [s\src\hotspot\share\prims\jni.cpp, line 520]
Event: 28.691 Thread 0x0000000062768fd0 Exception <a 'sun/nio/fs/WindowsException'{0x00000000d5583670}> (0x00000000d5583670) 
thrown [s\src\hotspot\share\prims\jni.cpp, line 520]
Event: 28.740 Thread 0x0000000062768fd0 Exception <a 'sun/nio/fs/WindowsException'{0x00000000d5621d88}> (0x00000000d5621d88) 
thrown [s\src\hotspot\share\prims\jni.cpp, line 520]

ZGC Phase Switch (0 events):
No events

VM Operations (20 events):
Event: 28.220 Executing VM operation: ParallelGCFailedAllocation (Allocation Failure)
Event: 28.224 Executing VM operation: ParallelGCFailedAllocation (Allocation Failure) done
Event: 28.524 Executing VM operation: ParallelGCFailedAllocation (Allocation Failure)
Event: 28.531 Executing VM operation: ParallelGCFailedAllocation (Allocation Failure) done
Event: 28.572 Executing VM operation: ParallelGCFailedAllocation (Allocation Failure)
Event: 28.574 Executing VM operation: ParallelGCFailedAllocation (Allocation Failure) done
Event: 28.668 Executing VM operation: HandshakeAllThreads (Deoptimize)
Event: 28.668 Executing VM operation: HandshakeAllThreads (Deoptimize) done
Event: 28.669 Executing VM operation: HandshakeAllThreads (Deoptimize)
Event: 28.669 Executing VM operation: HandshakeAllThreads (Deoptimize) done
Event: 28.670 Executing VM operation: ParallelGCFailedAllocation (Allocation Failure)
Event: 28.672 Executing VM operation: ParallelGCFailedAllocation (Allocation Failure) done
Event: 28.760 Executing VM operation: ParallelGCFailedAllocation (Allocation Failure)
Event: 28.764 Executing VM operation: ParallelGCFailedAllocation (Allocation Failure) done
Event: 28.768 Executing VM operation: ParallelGCFailedAllocation (Allocation Failure)
Event: 28.769 Executing VM operation: ParallelGCFailedAllocation (Allocation Failure) done
Event: 28.773 Executing VM operation: ParallelGCFailedAllocation (Allocation Failure)
Event: 28.774 Executing VM operation: ParallelGCFailedAllocation (Allocation Failure) done
Event: 28.784 Executing VM operation: ParallelGCFailedAllocation (Allocation Failure)
Event: 28.786 Executing VM operation: ParallelGCFailedAllocation (Allocation Failure) done

Memory protections (0 events):
No events

Nmethod flushes (20 events):
Event: 9.795 Thread 0x0000000019651be0 flushing  nmethod 0x000000000645a310
Event: 9.795 Thread 0x0000000019651be0 flushing  nmethod 0x000000000645ac10
Event: 9.795 Thread 0x0000000019651be0 flushing  nmethod 0x000000000645be10
Event: 9.795 Thread 0x0000000019651be0 flushing  nmethod 0x000000000645c610
Event: 9.795 Thread 0x0000000019651be0 flushing  nmethod 0x000000000645ee90
Event: 9.795 Thread 0x0000000019651be0 flushing  nmethod 0x000000000645f790
Event: 9.795 Thread 0x0000000019651be0 flushing  nmethod 0x0000000006461090
Event: 9.795 Thread 0x0000000019651be0 flushing  nmethod 0x0000000006461f90
Event: 9.795 Thread 0x0000000019651be0 flushing  nmethod 0x0000000006462490
Event: 9.795 Thread 0x0000000019651be0 flushing  nmethod 0x000000000646c310
Event: 9.795 Thread 0x0000000019651be0 flushing  nmethod 0x0000000006485690
Event: 9.795 Thread 0x0000000019651be0 flushing  nmethod 0x000000000649bb10
Event: 9.795 Thread 0x0000000019651be0 flushing  nmethod 0x00000000064a1310
Event: 9.795 Thread 0x0000000019651be0 flushing  nmethod 0x00000000064a9f10
Event: 9.795 Thread 0x0000000019651be0 flushing  nmethod 0x00000000064b2d90
Event: 9.795 Thread 0x0000000019651be0 flushing  nmethod 0x0000000006503d90
Event: 9.795 Thread 0x0000000019651be0 flushing  nmethod 0x0000000006535b90
Event: 9.795 Thread 0x0000000019651be0 flushing  nmethod 0x0000000006569d90
Event: 9.795 Thread 0x0000000019651be0 flushing  nmethod 0x0000000006583c10
Event: 9.795 Thread 0x0000000019651be0 flushing  nmethod 0x0000000006584090

Events (20 events):
Event: 10.728 Thread 0x00000000643b6350 Thread added: 0x00000000643bb210
Event: 10.895 Thread 0x00000000643b6350 Thread added: 0x00000000643b4280
Event: 11.190 Thread 0x00000000643b4910 Thread added: 0x00000000643b4fa0
Event: 11.420 Thread 0x0000000062769cf0 Thread added: 0x00000000655e7d90
Event: 11.423 Thread 0x00000000655e7d90 Thread exited: 0x00000000655e7d90
Event: 11.639 Thread 0x0000000062769cf0 Thread added: 0x0000000064d4acd0
Event: 11.890 Thread 0x0000000062768940 Thread exited: 0x0000000062768940
Event: 12.587 Thread 0x00000000628ca260 Thread exited: 0x00000000628ca260
Event: 12.806 Thread 0x0000000019663ca0 Thread added: 0x000000005cc5fe50
Event: 16.415 Thread 0x000000005cc5fe50 Thread exited: 0x000000005cc5fe50
Event: 17.048 Thread 0x000000005c996720 Thread added: 0x000000005cc5fe50
Event: 17.705 Thread 0x000000005cc5fe50 Thread exited: 0x000000005cc5fe50
Event: 20.350 Thread 0x000000005c996720 Thread added: 0x0000000064f00d40
Event: 21.432 Thread 0x0000000019663ca0 Thread added: 0x00000000654f7d10
Event: 23.876 Thread 0x00000000654f7d10 Thread exited: 0x00000000654f7d10
Event: 24.222 Thread 0x0000000064f00d40 Thread exited: 0x0000000064f00d40
Event: 25.317 Thread 0x0000000019663ca0 Thread added: 0x00000000615f9ef0
Event: 25.583 Thread 0x00000000615f9ef0 Thread exited: 0x00000000615f9ef0
Event: 26.657 Thread 0x0000000064d4acd0 Thread exited: 0x0000000064d4acd0
Event: 28.205 Thread 0x0000000019663ca0 Thread added: 0x0000000061548820


Dynamic libraries:
0x00007ff608930000 - 0x00007ff60893e000 	c:\Users\hmfar\.vscode\extensions\redhat.java-1.44.0-win32-x64\jre\21.0.8-win32-x86_64\bin\java.exe
0x00007fff1cfd0000 - 0x00007fff1d1e7000 	C:\WINDOWS\SYSTEM32\ntdll.dll
0x00007fff1b680000 - 0x00007fff1b744000 	C:\WINDOWS\System32\KERNEL32.DLL
0x00007fff1a280000 - 0x00007fff1a652000 	C:\WINDOWS\System32\KERNELBASE.dll
0x00007fff11dc0000 - 0x00007fff11e57000 	C:\WINDOWS\SYSTEM32\apphelp.dll
0x00007fff1a990000 - 0x00007fff1aaa1000 	C:\WINDOWS\System32\ucrtbase.dll
0x00007ffee8c50000 - 0x00007ffee8c6e000 	c:\Users\hmfar\.vscode\extensions\redhat.java-1.44.0-win32-x64\jre\21.0.8-win32-x86_64\bin\VCRUNTIME140.dll
0x00007ffee8be0000 - 0x00007ffee8bf8000 	c:\Users\hmfar\.vscode\extensions\redhat.java-1.44.0-win32-x64\jre\21.0.8-win32-x86_64\bin\jli.dll
0x00007fff1b4c0000 - 0x00007fff1b671000 	C:\WINDOWS\System32\USER32.dll
0x00007fff1a180000 - 0x00007fff1a1a6000 	C:\WINDOWS\System32\win32u.dll
0x00007fff1c4a0000 - 0x00007fff1c4c9000 	C:\WINDOWS\System32\GDI32.dll
0x00007fff1ab30000 - 0x00007fff1ac53000 	C:\WINDOWS\System32\gdi32full.dll
0x00007fff1a1e0000 - 0x00007fff1a27a000 	C:\WINDOWS\System32\msvcp_win.dll
0x00007fff040f0000 - 0x00007fff0438b000 	C:\WINDOWS\WinSxS\amd64_microsoft.windows.common-controls_6595b64144ccf1df_6.0.22621.5547_none_27104afb73855772\COMCTL32.dll
0x00007fff1ce70000 - 0x00007fff1cf17000 	C:\WINDOWS\System32\msvcrt.dll
0x00007fff1ba90000 - 0x00007fff1bac1000 	C:\WINDOWS\System32\IMM32.DLL
0x00007fff0dd30000 - 0x00007fff0dd3c000 	c:\Users\hmfar\.vscode\extensions\redhat.java-1.44.0-win32-x64\jre\21.0.8-win32-x86_64\bin\vcruntime140_1.dll
0x00007ffed28e0000 - 0x00007ffed296d000 	c:\Users\hmfar\.vscode\extensions\redhat.java-1.44.0-win32-x64\jre\21.0.8-win32-x86_64\bin\msvcp140.dll
0x00007ffeb1dc0000 - 0x00007ffeb2b57000 	c:\Users\hmfar\.vscode\extensions\redhat.java-1.44.0-win32-x64\jre\21.0.8-win32-x86_64\bin\server\jvm.dll
0x00007fff1b8e0000 - 0x00007fff1b991000 	C:\WINDOWS\System32\ADVAPI32.dll
0x00007fff1b3f0000 - 0x00007fff1b498000 	C:\WINDOWS\System32\sechost.dll
0x00007fff1a1b0000 - 0x00007fff1a1d8000 	C:\WINDOWS\System32\bcrypt.dll
0x00007fff1b750000 - 0x00007fff1b864000 	C:\WINDOWS\System32\RPCRT4.dll
0x00007fff1b9a0000 - 0x00007fff1ba11000 	C:\WINDOWS\System32\WS2_32.dll
0x00007fff11b90000 - 0x00007fff11bc4000 	C:\WINDOWS\SYSTEM32\WINMM.dll
0x00007fff19a50000 - 0x00007fff19a9d000 	C:\WINDOWS\SYSTEM32\POWRPROF.dll
0x00007fff0ec90000 - 0x00007fff0ec9a000 	C:\WINDOWS\SYSTEM32\VERSION.dll
0x00007fff19a30000 - 0x00007fff19a43000 	C:\WINDOWS\SYSTEM32\UMPDC.dll
0x00007fff190b0000 - 0x00007fff190c8000 	C:\WINDOWS\SYSTEM32\kernel.appcore.dll
0x00007fff0ca60000 - 0x00007fff0ca6a000 	c:\Users\hmfar\.vscode\extensions\redhat.java-1.44.0-win32-x64\jre\21.0.8-win32-x86_64\bin\jimage.dll
0x00007fff178d0000 - 0x00007fff17b03000 	C:\WINDOWS\SYSTEM32\DBGHELP.DLL
0x00007fff1cab0000 - 0x00007fff1ce43000 	C:\WINDOWS\System32\combase.dll
0x00007fff1c4d0000 - 0x00007fff1c5a7000 	C:\WINDOWS\System32\OLEAUT32.dll
0x00007fff0f200000 - 0x00007fff0f232000 	C:\WINDOWS\SYSTEM32\dbgcore.DLL
0x00007fff1a660000 - 0x00007fff1a6db000 	C:\WINDOWS\System32\bcryptPrimitives.dll
0x00007ffefda90000 - 0x00007ffefda9f000 	c:\Users\hmfar\.vscode\extensions\redhat.java-1.44.0-win32-x64\jre\21.0.8-win32-x86_64\bin\instrument.dll
0x00007ffee8470000 - 0x00007ffee848f000 	c:\Users\hmfar\.vscode\extensions\redhat.java-1.44.0-win32-x64\jre\21.0.8-win32-x86_64\bin\java.dll
0x00007fff1bbf0000 - 0x00007fff1c492000 	C:\WINDOWS\System32\SHELL32.dll
0x00007fff1a6e0000 - 0x00007fff1a81f000 	C:\WINDOWS\System32\wintypes.dll
0x00007fff17fa0000 - 0x00007fff188bd000 	C:\WINDOWS\SYSTEM32\windows.storage.dll
0x00007fff1b1c0000 - 0x00007fff1b2cc000 	C:\WINDOWS\System32\SHCORE.dll
0x00007fff1ba20000 - 0x00007fff1ba89000 	C:\WINDOWS\System32\shlwapi.dll
0x00007fff19ff0000 - 0x00007fff1a01b000 	C:\WINDOWS\SYSTEM32\profapi.dll
0x00007ffee8260000 - 0x00007ffee8278000 	c:\Users\hmfar\.vscode\extensions\redhat.java-1.44.0-win32-x64\jre\21.0.8-win32-x86_64\bin\zip.dll
0x00007ffef3cf0000 - 0x00007ffef3d00000 	C:\Users\hmfar\.vscode\extensions\redhat.java-1.44.0-win32-x64\jre\21.0.8-win32-x86_64\bin\net.dll
0x00007fff166e0000 - 0x00007fff1680c000 	C:\WINDOWS\SYSTEM32\WINHTTP.dll
0x00007fff19520000 - 0x00007fff19589000 	C:\WINDOWS\system32\mswsock.dll
0x00007ffee71f0000 - 0x00007ffee7206000 	C:\Users\hmfar\.vscode\extensions\redhat.java-1.44.0-win32-x64\jre\21.0.8-win32-x86_64\bin\nio.dll
0x00007ffee9a00000 - 0x00007ffee9a10000 	c:\Users\hmfar\.vscode\extensions\redhat.java-1.44.0-win32-x64\jre\21.0.8-win32-x86_64\bin\verify.dll
0x00007ffed79e0000 - 0x00007ffed7a25000 	C:\Users\hmfar\AppData\Roaming\Code\User\globalStorage\redhat.java\1.44.0\config_win\org.eclipse.equinox.launcher\org.eclipse.equinox.launcher.win32.win32.x86_64_1.2.1400.v20250730-1736\eclipse_11913.dll
0x00007fff1ac60000 - 0x00007fff1ae00000 	C:\WINDOWS\System32\ole32.dll
0x00007fff19810000 - 0x00007fff1982b000 	C:\WINDOWS\SYSTEM32\CRYPTSP.dll
0x00007fff19010000 - 0x00007fff19047000 	C:\WINDOWS\system32\rsaenh.dll
0x00007fff195c0000 - 0x00007fff195e8000 	C:\WINDOWS\SYSTEM32\USERENV.dll
0x00007fff19720000 - 0x00007fff1972c000 	C:\WINDOWS\SYSTEM32\CRYPTBASE.dll
0x00007fff18b60000 - 0x00007fff18b8d000 	C:\WINDOWS\SYSTEM32\IPHLPAPI.DLL
0x00007fff1cf80000 - 0x00007fff1cf89000 	C:\WINDOWS\System32\NSI.dll
0x00007ffed6fc0000 - 0x00007ffed7009000 	C:\Users\hmfar\AppData\Local\Temp\jna-99394546\jna17874264908557084009.dll
0x00007fff1b3e0000 - 0x00007fff1b3e8000 	C:\WINDOWS\System32\PSAPI.DLL
0x00007fff11f70000 - 0x00007fff11f89000 	C:\WINDOWS\SYSTEM32\dhcpcsvc6.DLL
0x00007fff12070000 - 0x00007fff1208f000 	C:\WINDOWS\SYSTEM32\dhcpcsvc.DLL
0x00007ffee9990000 - 0x00007ffee999e000 	C:\Users\hmfar\.vscode\extensions\redhat.java-1.44.0-win32-x64\jre\21.0.8-win32-x86_64\bin\sunmscapi.dll
0x00007fff1a820000 - 0x00007fff1a987000 	C:\WINDOWS\System32\CRYPT32.dll
0x00007fff19a00000 - 0x00007fff19a2d000 	C:\WINDOWS\SYSTEM32\ncrypt.dll
0x00007fff199c0000 - 0x00007fff199f7000 	C:\WINDOWS\SYSTEM32\NTASN1.dll
0x00007fff18b90000 - 0x00007fff18c88000 	C:\WINDOWS\SYSTEM32\DNSAPI.dll
0x00007fff11b80000 - 0x00007fff11b8a000 	C:\Windows\System32\rasadhlp.dll
0x00007fff0fe30000 - 0x00007fff0feb4000 	C:\WINDOWS\System32\fwpuclnt.dll
0x00007ffee89a0000 - 0x00007ffee89a9000 	C:\Users\hmfar\.vscode\extensions\redhat.java-1.44.0-win32-x64\jre\21.0.8-win32-x86_64\bin\extnet.dll

JVMTI agents:
c:\Users\hmfar\.vscode\extensions\redhat.java-1.44.0-win32-x64\lombok\lombok-1.18.39-4050.jar path:c:\Users\hmfar\.vscode\extensions\redhat.java-1.44.0-win32-x64\jre\21.0.8-win32-x86_64\bin\instrument.dll, loaded, initialized, instrumentlib options:none

dbghelp: loaded successfully - version: 4.0.5 - missing functions: none
symbol engine: initialized successfully - sym options: 0x614 - pdb path: .;c:\Users\hmfar\.vscode\extensions\redhat.java-1.44.0-win32-x64\jre\21.0.8-win32-x86_64\bin;C:\WINDOWS\SYSTEM32;C:\WINDOWS\WinSxS\amd64_microsoft.windows.common-controls_6595b64144ccf1df_6.0.22621.5547_none_27104afb73855772;c:\Users\hmfar\.vscode\extensions\redhat.java-1.44.0-win32-x64\jre\21.0.8-win32-x86_64\bin\server;C:\Users\hmfar\AppData\Roaming\Code\User\globalStorage\redhat.java\1.44.0\config_win\org.eclipse.equinox.launcher\org.eclipse.equinox.launcher.win32.win32.x86_64_1.2.1400.v20250730-1736;C:\Users\hmfar\AppData\Local\Temp\jna-99394546

VM Arguments:
jvm_args: --add-modules=ALL-SYSTEM --add-opens=java.base/java.util=ALL-UNNAMED --add-opens=java.base/java.lang=ALL-UNNAMED --add-opens=java.base/sun.nio.fs=ALL-UNNAMED -Declipse.application=org.eclipse.jdt.ls.core.id1 -Dosgi.bundles.defaultStartLevel=4 -Declipse.product=org.eclipse.jdt.ls.core.product -Djava.import.generatesMetadataFilesAtProjectRoot=false -DDetectVMInstallationsJob.disabled=true -Dfile.encoding=utf8 -XX:+UseParallelGC -XX:GCTimeRatio=4 -XX:AdaptiveSizePolicyWeight=90 -Dsun.zip.disableMemoryMapping=true -Xmx2G -Xms100m -Xlog:disable -javaagent:c:\Users\hmfar\.vscode\extensions\redhat.java-1.44.0-win32-x64\lombok\lombok-1.18.39-4050.jar -XX:+HeapDumpOnOutOfMemoryError -XX:HeapDumpPath=c:\Users\hmfar\AppData\Roaming\Code\User\workspaceStorage\1574021ed4d990cd088424cab9c9b4bd\redhat.java -Daether.dependencyCollector.impl=bf 
java_command: c:\Users\hmfar\.vscode\extensions\redhat.java-1.44.0-win32-x64\server\plugins\org.eclipse.equinox.launcher_1.7.0.v20250519-0528.jar -configuration c:\Users\hmfar\AppData\Roaming\Code\User\globalStorage\redhat.java\1.44.0\config_win -data c:\Users\hmfar\AppData\Roaming\Code\User\workspaceStorage\1574021ed4d990cd088424cab9c9b4bd\redhat.java\jdt_ws --pipe=\\.\pipe\lsp-61a7787282c4a7040c63ed0b0694f0aa-sock
java_class_path (initial): c:\Users\hmfar\.vscode\extensions\redhat.java-1.44.0-win32-x64\server\plugins\org.eclipse.equinox.launcher_1.7.0.v20250519-0528.jar
Launcher Type: SUN_STANDARD

[Global flags]
    uintx AdaptiveSizePolicyWeight                 = 90                                        {product} {command line}
     intx CICompilerCount                          = 4                                         {product} {ergonomic}
    uintx GCTimeRatio                              = 4                                         {product} {command line}
     bool HeapDumpOnOutOfMemoryError               = true                                   {manageable} {command line}
    ccstr HeapDumpPath                             = c:\Users\hmfar\AppData\Roaming\Code\User\workspaceStorage\1574021ed4d990cd088424cab9c9b4bd\redhat.java         {manageable} {command line}
   size_t InitialHeapSize                          = 104857600                                 {product} {command line}
   size_t MaxHeapSize                              = 2147483648                                {product} {command line}
   size_t MaxNewSize                               = 715653120                                 {product} {ergonomic}
   size_t MinHeapDeltaBytes                        = 524288                                    {product} {ergonomic}
   size_t MinHeapSize                              = 104857600                                 {product} {command line}
   size_t NewSize                                  = 34603008                                  {product} {ergonomic}
    uintx NonNMethodCodeHeapSize                   = 5839372                                {pd product} {ergonomic}
    uintx NonProfiledCodeHeapSize                  = 122909434                              {pd product} {ergonomic}
   size_t OldSize                                  = 70254592                                  {product} {ergonomic}
    uintx ProfiledCodeHeapSize                     = 122909434                              {pd product} {ergonomic}
    uintx ReservedCodeCacheSize                    = 251658240                              {pd product} {ergonomic}
     bool SegmentedCodeCache                       = true                                      {product} {ergonomic}
   size_t SoftMaxHeapSize                          = 2147483648                             {manageable} {ergonomic}
     bool UseCompressedOops                        = true                           {product lp64_product} {ergonomic}
     bool UseLargePagesIndividualAllocation        = false                                  {pd product} {ergonomic}
     bool UseParallelGC                            = true                                      {product} {command line}

Logging:
Log output configuration:
 #0: stdout all=off uptime,level,tags foldmultilines=false
 #1: stderr all=off uptime,level,tags foldmultilines=false

Environment Variables:
JAVA_HOME=C:\Program Files\Java\jdk-17
PATH=C:\Program Files\Common Files\Oracle\Java\javapath;C:\Program Files\Java\jdk1.8.0_172\bin;C:\Program Files (x86)\Common Files\Intel\Shared Libraries\redist\intel64\compiler;C:\Python311\Scripts\;C:\Python311\;C:\Program Files (x86)\Common Files\Oracle\Java\javapath;C:\WINDOWS\system32;C:\WINDOWS;C:\WINDOWS\System32\Wbem;C:\WINDOWS\System32\WindowsPowerShell\v1.0\;C:\WINDOWS\System32\OpenSSH\;C:\Program Files\Java\jdk1.8.0_172\bin;C:\ProgramData\chocolatey\bin;D:\Programming\apache-maven-3.8.6-bin\apache-maven-3.8.6\bin;C:\Program Files\PuTTY\;C:\Program Files\nodejs\;C:\Program Files\Java\jdk-17\bin;C:\Program Files\Java\jdk-11\bin;C:\Users\hmfar\AppData\Local\Microsoft\WindowsApps;C:\Users\hmfar\AppData\Local\Programs\Microsoft VS Code\bin;C:\Users\hmfar\AppData\Roaming\npm;
USERNAME=hmfar
OS=Windows_NT
PROCESSOR_IDENTIFIER=Intel64 Family 6 Model 140 Stepping 1, GenuineIntel
TMP=C:\Users\hmfar\AppData\Local\Temp
TEMP=C:\Users\hmfar\AppData\Local\Temp




Periodic native trim disabled

---------------  S Y S T E M  ---------------

OS:
 Windows 11 , 64 bit Build 22621 (10.0.22621.5415)
OS uptime: 15 days 22:30 hours
Hyper-V role detected

CPU: total 8 (initial active 8) (4 cores per cpu, 2 threads per core) family 6 model 140 stepping 1 microcode 0x86, cx8, cmov, fxsr, ht, mmx, 3dnowpref, sse, sse2, sse3, ssse3, sse4.1, sse4.2, popcnt, lzcnt, tsc, tscinvbit, avx, avx2, aes, erms, clmul, bmi1, bmi2, adx, avx512f, avx512dq, avx512cd, avx512bw, avx512vl, sha, fma, vzeroupper, avx512_vpopcntdq, avx512_vpclmulqdq, avx512_vaes, avx512_vnni, clflush, clflushopt, clwb, avx512_vbmi2, avx512_vbmi, hv, rdtscp, rdpid, fsrm, gfni, avx512_bitalg, f16c, cet_ibt, cet_ss, avx512_ifma
Processor Information for the first 8 processors :
  Max Mhz: 3110, Current Mhz: 3110, Mhz Limit: 3110

Memory: 4k page, system-wide physical 7975M (402M free)
TotalPageFile size 26725M (AvailPageFile size 4M)
current process WorkingSet (physical memory assigned to process): 584M, peak: 596M
current process commit charge ("private bytes"): 634M, peak: 1629M

vm_info: OpenJDK 64-Bit Server VM (21.0.8+9-LTS) for windows-amd64 JRE (21.0.8+9-LTS), built on 2025-07-15T00:00:00Z by "admin" with MS VC++ 17.7 (VS2022)

END.
