#
# There is insufficient memory for the Java Runtime Environment to continue.
# Native memory allocation (malloc) failed to allocate 1835344 bytes for Chunk::new
# Possible reasons:
#   The system is out of physical RAM or swap space
#   The process is running with CompressedOops enabled, and the Java Heap may be blocking the growth of the native heap
# Possible solutions:
#   Reduce memory load on the system
#   Increase physical memory or swap space
#   Check if swap backing store is full
#   Decrease Java heap size (-Xmx/-Xms)
#   Decrease number of Java threads
#   Decrease Java thread stack sizes (-Xss)
#   Set larger code cache with -XX:ReservedCodeCacheSize=
#   JVM is running with Unscaled Compressed Oops mode in which the Java heap is
#     placed in the first 4GB address space. The Java Heap base address is the
#     maximum limit for the native heap growth. Please use -XX:HeapBaseMinAddress
#     to set the Java Heap base and to place the Java Heap above 4GB virtual address.
# This output file may be truncated or incomplete.
#
#  Out of Memory Error (arena.cpp:189), pid=16192, tid=28120
#
# JRE version: Java(TM) SE Runtime Environment (17.0.11+7) (build 17.0.11+7-LTS-207)
# Java VM: Java HotSpot(TM) 64-Bit Server VM (17.0.11+7-LTS-207, mixed mode, sharing, tiered, compressed oops, compressed class ptrs, g1 gc, windows-amd64)
# No core dump will be written. Minidumps are not enabled by default on client versions of Windows
#

---------------  S U M M A R Y ------------

Command Line: -Dclassworlds.conf=D:\Programming\apache-maven-3.8.6-bin\apache-maven-3.8.6\bin\m2.conf -Dmaven.home=D:\Programming\apache-maven-3.8.6-bin\apache-maven-3.8.6 -Dlibrary.jansi.path=D:\Programming\apache-maven-3.8.6-bin\apache-maven-3.8.6\lib\jansi-native -Dmaven.multiModuleProjectDirectory=d:\Programming\workspace\billing_craft\billing_craft_dist_backend org.codehaus.plexus.classworlds.launcher.Launcher -q help:effective-pom -Doutput=d:\Programming\workspace\billing_craft\billing_craft_dist_backend\effective-pom.xml -f d:/Programming/workspace/billing_craft/billing_craft_dist_backend/pom.xml

Host: 11th Gen Intel(R) Core(TM) i5-11300H @ 3.10GHz, 8 cores, 7G,  Windows 11 , 64 bit Build 22621 (10.0.22621.4974)
Time: Fri Apr 11 11:36:43 2025 Bangladesh Standard Time elapsed time: 2.749019 seconds (0d 0h 0m 2s)

---------------  T H R E A D  ---------------

Current thread (0x000000006841fac0):  JavaThread "C2 CompilerThread1" daemon [_thread_in_native, id=28120, stack(0x00000000690d0000,0x00000000691d0000)]


Current CompileTask:
C2:   2749 3009       4       org.codehaus.plexus.util.xml.Xpp3Dom::<init> (125 bytes)

Stack: [0x00000000690d0000,0x00000000691d0000]
Native frames: (J=compiled Java code, j=interpreted, Vv=VM code, C=native code)
V  [jvm.dll+0x679cca]
V  [jvm.dll+0x7da13d]
V  [jvm.dll+0x7dba83]
V  [jvm.dll+0x7dc0f3]
V  [jvm.dll+0x2449af]
V  [jvm.dll+0xab83b]
V  [jvm.dll+0xabe1c]
V  [jvm.dll+0x3615ae]
V  [jvm.dll+0x32bd61]
V  [jvm.dll+0x32b1fa]
V  [jvm.dll+0x2161df]
V  [jvm.dll+0x21560f]
V  [jvm.dll+0x1a2040]
V  [jvm.dll+0x225a2b]
V  [jvm.dll+0x223bcb]
V  [jvm.dll+0x7903ec]
V  [jvm.dll+0x78a85a]
V  [jvm.dll+0x678bb5]
C  [ucrtbase.dll+0x29333]
C  [KERNEL32.DLL+0x1259d]
C  [ntdll.dll+0x5af38]


---------------  P R O C E S S  ---------------

Threads class SMR info:
_java_thread_list=0x00000000686f2a30, length=13, elements={
0x0000000002ab7430, 0x0000000020e10ef0, 0x0000000020e11ab0, 0x0000000020e27da0,
0x0000000020e29770, 0x0000000020e2c140, 0x0000000020e2cb00, 0x0000000020e2d8a0,
0x0000000020e2f360, 0x0000000020e3e1d0, 0x0000000021c93810, 0x0000000021c94740,
0x000000006841fac0
}

Java Threads: ( => current thread )
  0x0000000002ab7430 JavaThread "main" [_thread_in_vm, id=1756, stack(0x0000000002180000,0x0000000002280000)]
  0x0000000020e10ef0 JavaThread "Reference Handler" daemon [_thread_blocked, id=17676, stack(0x0000000021150000,0x0000000021250000)]
  0x0000000020e11ab0 JavaThread "Finalizer" daemon [_thread_blocked, id=2476, stack(0x0000000021250000,0x0000000021350000)]
  0x0000000020e27da0 JavaThread "Signal Dispatcher" daemon [_thread_blocked, id=21048, stack(0x0000000021450000,0x0000000021550000)]
  0x0000000020e29770 JavaThread "Attach Listener" daemon [_thread_blocked, id=16712, stack(0x0000000021550000,0x0000000021650000)]
  0x0000000020e2c140 JavaThread "Service Thread" daemon [_thread_blocked, id=22748, stack(0x0000000021650000,0x0000000021750000)]
  0x0000000020e2cb00 JavaThread "Monitor Deflation Thread" daemon [_thread_blocked, id=26276, stack(0x0000000021750000,0x0000000021850000)]
  0x0000000020e2d8a0 JavaThread "C2 CompilerThread0" daemon [_thread_in_native, id=24124, stack(0x0000000021850000,0x0000000021950000)]
  0x0000000020e2f360 JavaThread "C1 CompilerThread0" daemon [_thread_blocked, id=3032, stack(0x0000000021950000,0x0000000021a50000)]
  0x0000000020e3e1d0 JavaThread "Sweeper thread" daemon [_thread_blocked, id=13176, stack(0x0000000021a50000,0x0000000021b50000)]
  0x0000000021c93810 JavaThread "Notification Thread" daemon [_thread_blocked, id=14836, stack(0x0000000067000000,0x0000000067100000)]
  0x0000000021c94740 JavaThread "Common-Cleaner" daemon [_thread_blocked, id=18256, stack(0x0000000067200000,0x0000000067300000)]
=>0x000000006841fac0 JavaThread "C2 CompilerThread1" daemon [_thread_in_native, id=28120, stack(0x00000000690d0000,0x00000000691d0000)]

Other Threads:
  0x0000000020e0c010 VMThread "VM Thread" [stack: 0x0000000021050000,0x0000000021150000] [id=23672]
  0x0000000002b2e0e0 WatcherThread [stack: 0x0000000067100000,0x0000000067200000] [id=26956]
  0x0000000002b12cb0 GCTaskThread "GC Thread#0" [stack: 0x000000001e0d0000,0x000000001e1d0000] [id=22548]
  0x0000000021ca7960 GCTaskThread "GC Thread#1" [stack: 0x0000000067b00000,0x0000000067c00000] [id=20732]
  0x0000000067844c00 GCTaskThread "GC Thread#2" [stack: 0x0000000067c00000,0x0000000067d00000] [id=18440]
  0x000000006787ce80 GCTaskThread "GC Thread#3" [stack: 0x0000000067d00000,0x0000000067e00000] [id=9956]
  0x000000006787d140 GCTaskThread "GC Thread#4" [stack: 0x0000000067e00000,0x0000000067f00000] [id=26352]
  0x0000000067a71870 GCTaskThread "GC Thread#5" [stack: 0x0000000067f00000,0x0000000068000000] [id=18740]
  0x0000000067a71b30 GCTaskThread "GC Thread#6" [stack: 0x0000000068000000,0x0000000068100000] [id=384]
  0x0000000068b22c00 GCTaskThread "GC Thread#7" [stack: 0x00000000691d0000,0x00000000692d0000] [id=20192]
  0x0000000002b23540 ConcurrentGCThread "G1 Main Marker" [stack: 0x000000001e1d0000,0x000000001e2d0000] [id=5968]
  0x0000000002b24560 ConcurrentGCThread "G1 Conc#0" [stack: 0x000000001e2d0000,0x000000001e3d0000] [id=24936]
  0x0000000002b7d0e0 ConcurrentGCThread "G1 Refine#0" [stack: 0x0000000020e50000,0x0000000020f50000] [id=26076]
  0x0000000020c840d0 ConcurrentGCThread "G1 Service" [stack: 0x0000000020f50000,0x0000000021050000] [id=24192]

Threads with active compile tasks:
C2 CompilerThread0     2803 2649       4       org.codehaus.plexus.configuration.DefaultPlexusConfiguration::add (100 bytes)
C2 CompilerThread1     2803 3009       4       org.codehaus.plexus.util.xml.Xpp3Dom::<init> (125 bytes)

VM state: not at safepoint (normal execution)

VM Mutex/Monitor currently owned by a thread: None

Heap address: 0x0000000083600000, size: 1994 MB, Compressed Oops mode: 32-bit

CDS archive(s) mapped at: [0x0000000022000000-0x0000000022bd0000-0x0000000022bd0000), size 12386304, SharedBaseAddress: 0x0000000022000000, ArchiveRelocationMode: 1.
Compressed class space mapped at: 0x0000000023000000-0x0000000063000000, reserved size: 1073741824
Narrow klass base: 0x0000000022000000, Narrow klass shift: 0, Narrow klass range: 0x100000000

GC Precious Log:
 CPUs: 8 total, 8 available
 Memory: 7975M
 Large Page Support: Disabled
 NUMA Support: Disabled
 Compressed Oops: Enabled (32-bit)
 Heap Region Size: 1M
 Heap Min Capacity: 8M
 Heap Initial Capacity: 126M
 Heap Max Capacity: 1994M
 Pre-touch: Disabled
 Parallel Workers: 8
 Concurrent Workers: 2
 Concurrent Refinement Workers: 8
 Periodic GC: Disabled

Heap:
 garbage-first heap   total 129024K, used 29011K [0x0000000083600000, 0x0000000100000000)
  region size 1024K, 25 young (25600K), 10 survivors (10240K)
 Metaspace       used 14953K, committed 15168K, reserved 1114112K
  class space    used 1686K, committed 1792K, reserved 1048576K

Heap Regions: E=young(eden), S=young(survivor), O=old, HS=humongous(starts), HC=humongous(continues), CS=collection set, F=free, OA=open archive, CA=closed archive, TAMS=top-at-mark-start (previous, next)
|   0|0x0000000083600000, 0x0000000083700000, 0x0000000083700000|100%| O|  |TAMS 0x0000000083600000, 0x0000000083600000| Untracked 
|   1|0x0000000083700000, 0x0000000083800000, 0x0000000083800000|100%| O|  |TAMS 0x0000000083700000, 0x0000000083700000| Untracked 
|   2|0x0000000083800000, 0x0000000083900000, 0x0000000083900000|100%| O|  |TAMS 0x0000000083800000, 0x0000000083800000| Untracked 
|   3|0x0000000083900000, 0x0000000083a00000, 0x0000000083a00000|100%| O|  |TAMS 0x0000000083900000, 0x0000000083900000| Untracked 
|   4|0x0000000083a00000, 0x0000000083a54e00, 0x0000000083b00000| 33%| O|  |TAMS 0x0000000083a00000, 0x0000000083a00000| Untracked 
|   5|0x0000000083b00000, 0x0000000083b00000, 0x0000000083c00000|  0%| F|  |TAMS 0x0000000083b00000, 0x0000000083b00000| Untracked 
|   6|0x0000000083c00000, 0x0000000083c00000, 0x0000000083d00000|  0%| F|  |TAMS 0x0000000083c00000, 0x0000000083c00000| Untracked 
|   7|0x0000000083d00000, 0x0000000083d00000, 0x0000000083e00000|  0%| F|  |TAMS 0x0000000083d00000, 0x0000000083d00000| Untracked 
|   8|0x0000000083e00000, 0x0000000083e00000, 0x0000000083f00000|  0%| F|  |TAMS 0x0000000083e00000, 0x0000000083e00000| Untracked 
|   9|0x0000000083f00000, 0x0000000083f00000, 0x0000000084000000|  0%| F|  |TAMS 0x0000000083f00000, 0x0000000083f00000| Untracked 
|  10|0x0000000084000000, 0x0000000084000000, 0x0000000084100000|  0%| F|  |TAMS 0x0000000084000000, 0x0000000084000000| Untracked 
|  11|0x0000000084100000, 0x0000000084100000, 0x0000000084200000|  0%| F|  |TAMS 0x0000000084100000, 0x0000000084100000| Untracked 
|  12|0x0000000084200000, 0x0000000084200000, 0x0000000084300000|  0%| F|  |TAMS 0x0000000084200000, 0x0000000084200000| Untracked 
|  13|0x0000000084300000, 0x0000000084300000, 0x0000000084400000|  0%| F|  |TAMS 0x0000000084300000, 0x0000000084300000| Untracked 
|  14|0x0000000084400000, 0x0000000084400000, 0x0000000084500000|  0%| F|  |TAMS 0x0000000084400000, 0x0000000084400000| Untracked 
|  15|0x0000000084500000, 0x0000000084500000, 0x0000000084600000|  0%| F|  |TAMS 0x0000000084500000, 0x0000000084500000| Untracked 
|  16|0x0000000084600000, 0x0000000084600000, 0x0000000084700000|  0%| F|  |TAMS 0x0000000084600000, 0x0000000084600000| Untracked 
|  17|0x0000000084700000, 0x0000000084700000, 0x0000000084800000|  0%| F|  |TAMS 0x0000000084700000, 0x0000000084700000| Untracked 
|  18|0x0000000084800000, 0x0000000084800000, 0x0000000084900000|  0%| F|  |TAMS 0x0000000084800000, 0x0000000084800000| Untracked 
|  19|0x0000000084900000, 0x0000000084900000, 0x0000000084a00000|  0%| F|  |TAMS 0x0000000084900000, 0x0000000084900000| Untracked 
|  20|0x0000000084a00000, 0x0000000084a00000, 0x0000000084b00000|  0%| F|  |TAMS 0x0000000084a00000, 0x0000000084a00000| Untracked 
|  21|0x0000000084b00000, 0x0000000084b00000, 0x0000000084c00000|  0%| F|  |TAMS 0x0000000084b00000, 0x0000000084b00000| Untracked 
|  22|0x0000000084c00000, 0x0000000084c00000, 0x0000000084d00000|  0%| F|  |TAMS 0x0000000084c00000, 0x0000000084c00000| Untracked 
|  23|0x0000000084d00000, 0x0000000084d00000, 0x0000000084e00000|  0%| F|  |TAMS 0x0000000084d00000, 0x0000000084d00000| Untracked 
|  24|0x0000000084e00000, 0x0000000084e00000, 0x0000000084f00000|  0%| F|  |TAMS 0x0000000084e00000, 0x0000000084e00000| Untracked 
|  25|0x0000000084f00000, 0x0000000084f00000, 0x0000000085000000|  0%| F|  |TAMS 0x0000000084f00000, 0x0000000084f00000| Untracked 
|  26|0x0000000085000000, 0x0000000085000000, 0x0000000085100000|  0%| F|  |TAMS 0x0000000085000000, 0x0000000085000000| Untracked 
|  27|0x0000000085100000, 0x0000000085100000, 0x0000000085200000|  0%| F|  |TAMS 0x0000000085100000, 0x0000000085100000| Untracked 
|  28|0x0000000085200000, 0x0000000085200000, 0x0000000085300000|  0%| F|  |TAMS 0x0000000085200000, 0x0000000085200000| Untracked 
|  29|0x0000000085300000, 0x0000000085300000, 0x0000000085400000|  0%| F|  |TAMS 0x0000000085300000, 0x0000000085300000| Untracked 
|  30|0x0000000085400000, 0x0000000085400000, 0x0000000085500000|  0%| F|  |TAMS 0x0000000085400000, 0x0000000085400000| Untracked 
|  31|0x0000000085500000, 0x0000000085500000, 0x0000000085600000|  0%| F|  |TAMS 0x0000000085500000, 0x0000000085500000| Untracked 
|  32|0x0000000085600000, 0x0000000085600000, 0x0000000085700000|  0%| F|  |TAMS 0x0000000085600000, 0x0000000085600000| Untracked 
|  33|0x0000000085700000, 0x0000000085700000, 0x0000000085800000|  0%| F|  |TAMS 0x0000000085700000, 0x0000000085700000| Untracked 
|  34|0x0000000085800000, 0x0000000085800000, 0x0000000085900000|  0%| F|  |TAMS 0x0000000085800000, 0x0000000085800000| Untracked 
|  35|0x0000000085900000, 0x0000000085900000, 0x0000000085a00000|  0%| F|  |TAMS 0x0000000085900000, 0x0000000085900000| Untracked 
|  36|0x0000000085a00000, 0x0000000085a00000, 0x0000000085b00000|  0%| F|  |TAMS 0x0000000085a00000, 0x0000000085a00000| Untracked 
|  37|0x0000000085b00000, 0x0000000085b00000, 0x0000000085c00000|  0%| F|  |TAMS 0x0000000085b00000, 0x0000000085b00000| Untracked 
|  38|0x0000000085c00000, 0x0000000085c00000, 0x0000000085d00000|  0%| F|  |TAMS 0x0000000085c00000, 0x0000000085c00000| Untracked 
|  39|0x0000000085d00000, 0x0000000085d00000, 0x0000000085e00000|  0%| F|  |TAMS 0x0000000085d00000, 0x0000000085d00000| Untracked 
|  40|0x0000000085e00000, 0x0000000085e00000, 0x0000000085f00000|  0%| F|  |TAMS 0x0000000085e00000, 0x0000000085e00000| Untracked 
|  41|0x0000000085f00000, 0x0000000086000000, 0x0000000086000000|100%| S|CS|TAMS 0x0000000085f00000, 0x0000000085f00000| Complete 
|  42|0x0000000086000000, 0x0000000086100000, 0x0000000086100000|100%| S|CS|TAMS 0x0000000086000000, 0x0000000086000000| Complete 
|  43|0x0000000086100000, 0x0000000086200000, 0x0000000086200000|100%| S|CS|TAMS 0x0000000086100000, 0x0000000086100000| Complete 
|  44|0x0000000086200000, 0x0000000086300000, 0x0000000086300000|100%| S|CS|TAMS 0x0000000086200000, 0x0000000086200000| Complete 
|  45|0x0000000086300000, 0x0000000086400000, 0x0000000086400000|100%| S|CS|TAMS 0x0000000086300000, 0x0000000086300000| Complete 
|  46|0x0000000086400000, 0x0000000086500000, 0x0000000086500000|100%| S|CS|TAMS 0x0000000086400000, 0x0000000086400000| Complete 
|  47|0x0000000086500000, 0x0000000086600000, 0x0000000086600000|100%| S|CS|TAMS 0x0000000086500000, 0x0000000086500000| Complete 
|  48|0x0000000086600000, 0x0000000086700000, 0x0000000086700000|100%| S|CS|TAMS 0x0000000086600000, 0x0000000086600000| Complete 
|  49|0x0000000086700000, 0x0000000086800000, 0x0000000086800000|100%| S|CS|TAMS 0x0000000086700000, 0x0000000086700000| Complete 
|  50|0x0000000086800000, 0x0000000086900000, 0x0000000086900000|100%| S|CS|TAMS 0x0000000086800000, 0x0000000086800000| Complete 
|  51|0x0000000086900000, 0x0000000086900000, 0x0000000086a00000|  0%| F|  |TAMS 0x0000000086900000, 0x0000000086900000| Untracked 
|  52|0x0000000086a00000, 0x0000000086a00000, 0x0000000086b00000|  0%| F|  |TAMS 0x0000000086a00000, 0x0000000086a00000| Untracked 
|  53|0x0000000086b00000, 0x0000000086b00000, 0x0000000086c00000|  0%| F|  |TAMS 0x0000000086b00000, 0x0000000086b00000| Untracked 
|  54|0x0000000086c00000, 0x0000000086c00000, 0x0000000086d00000|  0%| F|  |TAMS 0x0000000086c00000, 0x0000000086c00000| Untracked 
|  55|0x0000000086d00000, 0x0000000086d00000, 0x0000000086e00000|  0%| F|  |TAMS 0x0000000086d00000, 0x0000000086d00000| Untracked 
|  56|0x0000000086e00000, 0x0000000086e00000, 0x0000000086f00000|  0%| F|  |TAMS 0x0000000086e00000, 0x0000000086e00000| Untracked 
|  57|0x0000000086f00000, 0x0000000086f00000, 0x0000000087000000|  0%| F|  |TAMS 0x0000000086f00000, 0x0000000086f00000| Untracked 
|  58|0x0000000087000000, 0x0000000087000000, 0x0000000087100000|  0%| F|  |TAMS 0x0000000087000000, 0x0000000087000000| Untracked 
|  59|0x0000000087100000, 0x0000000087100000, 0x0000000087200000|  0%| F|  |TAMS 0x0000000087100000, 0x0000000087100000| Untracked 
|  60|0x0000000087200000, 0x0000000087200000, 0x0000000087300000|  0%| F|  |TAMS 0x0000000087200000, 0x0000000087200000| Untracked 
|  61|0x0000000087300000, 0x0000000087300000, 0x0000000087400000|  0%| F|  |TAMS 0x0000000087300000, 0x0000000087300000| Untracked 
|  62|0x0000000087400000, 0x0000000087400000, 0x0000000087500000|  0%| F|  |TAMS 0x0000000087400000, 0x0000000087400000| Untracked 
|  63|0x0000000087500000, 0x0000000087500000, 0x0000000087600000|  0%| F|  |TAMS 0x0000000087500000, 0x0000000087500000| Untracked 
|  64|0x0000000087600000, 0x0000000087600000, 0x0000000087700000|  0%| F|  |TAMS 0x0000000087600000, 0x0000000087600000| Untracked 
|  65|0x0000000087700000, 0x0000000087700000, 0x0000000087800000|  0%| F|  |TAMS 0x0000000087700000, 0x0000000087700000| Untracked 
|  66|0x0000000087800000, 0x0000000087800000, 0x0000000087900000|  0%| F|  |TAMS 0x0000000087800000, 0x0000000087800000| Untracked 
|  67|0x0000000087900000, 0x0000000087900000, 0x0000000087a00000|  0%| F|  |TAMS 0x0000000087900000, 0x0000000087900000| Untracked 
|  68|0x0000000087a00000, 0x0000000087a00000, 0x0000000087b00000|  0%| F|  |TAMS 0x0000000087a00000, 0x0000000087a00000| Untracked 
|  69|0x0000000087b00000, 0x0000000087b00000, 0x0000000087c00000|  0%| F|  |TAMS 0x0000000087b00000, 0x0000000087b00000| Untracked 
|  70|0x0000000087c00000, 0x0000000087c00000, 0x0000000087d00000|  0%| F|  |TAMS 0x0000000087c00000, 0x0000000087c00000| Untracked 
|  71|0x0000000087d00000, 0x0000000087d00000, 0x0000000087e00000|  0%| F|  |TAMS 0x0000000087d00000, 0x0000000087d00000| Untracked 
|  72|0x0000000087e00000, 0x0000000087e00000, 0x0000000087f00000|  0%| F|  |TAMS 0x0000000087e00000, 0x0000000087e00000| Untracked 
|  73|0x0000000087f00000, 0x0000000087f00000, 0x0000000088000000|  0%| F|  |TAMS 0x0000000087f00000, 0x0000000087f00000| Untracked 
|  74|0x0000000088000000, 0x0000000088000000, 0x0000000088100000|  0%| F|  |TAMS 0x0000000088000000, 0x0000000088000000| Untracked 
|  75|0x0000000088100000, 0x0000000088100000, 0x0000000088200000|  0%| F|  |TAMS 0x0000000088100000, 0x0000000088100000| Untracked 
|  76|0x0000000088200000, 0x0000000088200000, 0x0000000088300000|  0%| F|  |TAMS 0x0000000088200000, 0x0000000088200000| Untracked 
|  77|0x0000000088300000, 0x0000000088300000, 0x0000000088400000|  0%| F|  |TAMS 0x0000000088300000, 0x0000000088300000| Untracked 
|  78|0x0000000088400000, 0x0000000088400000, 0x0000000088500000|  0%| F|  |TAMS 0x0000000088400000, 0x0000000088400000| Untracked 
|  79|0x0000000088500000, 0x0000000088500000, 0x0000000088600000|  0%| F|  |TAMS 0x0000000088500000, 0x0000000088500000| Untracked 
|  80|0x0000000088600000, 0x0000000088600000, 0x0000000088700000|  0%| F|  |TAMS 0x0000000088600000, 0x0000000088600000| Untracked 
|  81|0x0000000088700000, 0x0000000088700000, 0x0000000088800000|  0%| F|  |TAMS 0x0000000088700000, 0x0000000088700000| Untracked 
|  82|0x0000000088800000, 0x0000000088800000, 0x0000000088900000|  0%| F|  |TAMS 0x0000000088800000, 0x0000000088800000| Untracked 
|  83|0x0000000088900000, 0x0000000088900000, 0x0000000088a00000|  0%| F|  |TAMS 0x0000000088900000, 0x0000000088900000| Untracked 
|  84|0x0000000088a00000, 0x0000000088a00000, 0x0000000088b00000|  0%| F|  |TAMS 0x0000000088a00000, 0x0000000088a00000| Untracked 
|  85|0x0000000088b00000, 0x0000000088b00000, 0x0000000088c00000|  0%| F|  |TAMS 0x0000000088b00000, 0x0000000088b00000| Untracked 
|  86|0x0000000088c00000, 0x0000000088c00000, 0x0000000088d00000|  0%| F|  |TAMS 0x0000000088c00000, 0x0000000088c00000| Untracked 
|  87|0x0000000088d00000, 0x0000000088d00000, 0x0000000088e00000|  0%| F|  |TAMS 0x0000000088d00000, 0x0000000088d00000| Untracked 
|  88|0x0000000088e00000, 0x0000000088e00000, 0x0000000088f00000|  0%| F|  |TAMS 0x0000000088e00000, 0x0000000088e00000| Untracked 
|  89|0x0000000088f00000, 0x0000000088f00000, 0x0000000089000000|  0%| F|  |TAMS 0x0000000088f00000, 0x0000000088f00000| Untracked 
|  90|0x0000000089000000, 0x0000000089000000, 0x0000000089100000|  0%| F|  |TAMS 0x0000000089000000, 0x0000000089000000| Untracked 
|  91|0x0000000089100000, 0x0000000089100000, 0x0000000089200000|  0%| F|  |TAMS 0x0000000089100000, 0x0000000089100000| Untracked 
|  92|0x0000000089200000, 0x0000000089200000, 0x0000000089300000|  0%| F|  |TAMS 0x0000000089200000, 0x0000000089200000| Untracked 
|  93|0x0000000089300000, 0x0000000089300000, 0x0000000089400000|  0%| F|  |TAMS 0x0000000089300000, 0x0000000089300000| Untracked 
|  94|0x0000000089400000, 0x0000000089400000, 0x0000000089500000|  0%| F|  |TAMS 0x0000000089400000, 0x0000000089400000| Untracked 
|  95|0x0000000089500000, 0x0000000089500000, 0x0000000089600000|  0%| F|  |TAMS 0x0000000089500000, 0x0000000089500000| Untracked 
|  96|0x0000000089600000, 0x0000000089600000, 0x0000000089700000|  0%| F|  |TAMS 0x0000000089600000, 0x0000000089600000| Untracked 
|  97|0x0000000089700000, 0x0000000089700000, 0x0000000089800000|  0%| F|  |TAMS 0x0000000089700000, 0x0000000089700000| Untracked 
|  98|0x0000000089800000, 0x0000000089800000, 0x0000000089900000|  0%| F|  |TAMS 0x0000000089800000, 0x0000000089800000| Untracked 
|  99|0x0000000089900000, 0x0000000089900000, 0x0000000089a00000|  0%| F|  |TAMS 0x0000000089900000, 0x0000000089900000| Untracked 
| 100|0x0000000089a00000, 0x0000000089a00000, 0x0000000089b00000|  0%| F|  |TAMS 0x0000000089a00000, 0x0000000089a00000| Untracked 
| 101|0x0000000089b00000, 0x0000000089b00000, 0x0000000089c00000|  0%| F|  |TAMS 0x0000000089b00000, 0x0000000089b00000| Untracked 
| 102|0x0000000089c00000, 0x0000000089c00000, 0x0000000089d00000|  0%| F|  |TAMS 0x0000000089c00000, 0x0000000089c00000| Untracked 
| 103|0x0000000089d00000, 0x0000000089d00000, 0x0000000089e00000|  0%| F|  |TAMS 0x0000000089d00000, 0x0000000089d00000| Untracked 
| 104|0x0000000089e00000, 0x0000000089e00000, 0x0000000089f00000|  0%| F|  |TAMS 0x0000000089e00000, 0x0000000089e00000| Untracked 
| 105|0x0000000089f00000, 0x0000000089f00000, 0x000000008a000000|  0%| F|  |TAMS 0x0000000089f00000, 0x0000000089f00000| Untracked 
| 106|0x000000008a000000, 0x000000008a000000, 0x000000008a100000|  0%| F|  |TAMS 0x000000008a000000, 0x000000008a000000| Untracked 
| 107|0x000000008a100000, 0x000000008a100000, 0x000000008a200000|  0%| F|  |TAMS 0x000000008a100000, 0x000000008a100000| Untracked 
| 108|0x000000008a200000, 0x000000008a200000, 0x000000008a300000|  0%| F|  |TAMS 0x000000008a200000, 0x000000008a200000| Untracked 
| 109|0x000000008a300000, 0x000000008a300000, 0x000000008a400000|  0%| F|  |TAMS 0x000000008a300000, 0x000000008a300000| Untracked 
| 110|0x000000008a400000, 0x000000008a480800, 0x000000008a500000| 50%| E|  |TAMS 0x000000008a400000, 0x000000008a400000| Complete 
| 111|0x000000008a500000, 0x000000008a600000, 0x000000008a600000|100%| E|CS|TAMS 0x000000008a500000, 0x000000008a500000| Complete 
| 112|0x000000008a600000, 0x000000008a700000, 0x000000008a700000|100%| E|CS|TAMS 0x000000008a600000, 0x000000008a600000| Complete 
| 113|0x000000008a700000, 0x000000008a800000, 0x000000008a800000|100%| E|CS|TAMS 0x000000008a700000, 0x000000008a700000| Complete 
| 114|0x000000008a800000, 0x000000008a900000, 0x000000008a900000|100%| E|CS|TAMS 0x000000008a800000, 0x000000008a800000| Complete 
| 115|0x000000008a900000, 0x000000008aa00000, 0x000000008aa00000|100%| E|CS|TAMS 0x000000008a900000, 0x000000008a900000| Complete 
| 116|0x000000008aa00000, 0x000000008ab00000, 0x000000008ab00000|100%| E|CS|TAMS 0x000000008aa00000, 0x000000008aa00000| Complete 
| 117|0x000000008ab00000, 0x000000008ac00000, 0x000000008ac00000|100%| E|CS|TAMS 0x000000008ab00000, 0x000000008ab00000| Complete 
| 118|0x000000008ac00000, 0x000000008ad00000, 0x000000008ad00000|100%| E|CS|TAMS 0x000000008ac00000, 0x000000008ac00000| Complete 
| 119|0x000000008ad00000, 0x000000008ae00000, 0x000000008ae00000|100%| E|CS|TAMS 0x000000008ad00000, 0x000000008ad00000| Complete 
| 120|0x000000008ae00000, 0x000000008af00000, 0x000000008af00000|100%| E|CS|TAMS 0x000000008ae00000, 0x000000008ae00000| Complete 
| 121|0x000000008af00000, 0x000000008b000000, 0x000000008b000000|100%| E|CS|TAMS 0x000000008af00000, 0x000000008af00000| Complete 
| 122|0x000000008b000000, 0x000000008b100000, 0x000000008b100000|100%| E|CS|TAMS 0x000000008b000000, 0x000000008b000000| Complete 
| 123|0x000000008b100000, 0x000000008b200000, 0x000000008b200000|100%| E|CS|TAMS 0x000000008b100000, 0x000000008b100000| Complete 
| 124|0x000000008b200000, 0x000000008b300000, 0x000000008b300000|100%| E|CS|TAMS 0x000000008b200000, 0x000000008b200000| Complete 
| 125|0x000000008b300000, 0x000000008b400000, 0x000000008b400000|100%| E|CS|TAMS 0x000000008b300000, 0x000000008b300000| Complete 

Card table byte_map: [0x0000000019a90000,0x0000000019e80000] _byte_map_base: 0x0000000019675000

Marking Bits (Prev, Next): (CMBitMap*) 0x0000000002b132d0, (CMBitMap*) 0x0000000002b13310
 Prev Bits: [0x000000001a270000, 0x000000001c198000)
 Next Bits: [0x000000001c1a0000, 0x000000001e0c8000)

Polling page: 0x00000000004f0000

Metaspace:

Usage:
  Non-class:     12.97 MB used.
      Class:      1.65 MB used.
       Both:     14.61 MB used.

Virtual space:
  Non-class space:       64.00 MB reserved,      13.06 MB ( 20%) committed,  1 nodes.
      Class space:        1.00 GB reserved,       1.75 MB ( <1%) committed,  1 nodes.
             Both:        1.06 GB reserved,      14.81 MB (  1%) committed. 

Chunk freelists:
   Non-Class:  2.64 MB
       Class:  14.12 MB
        Both:  16.77 MB

MaxMetaspaceSize: unlimited
CompressedClassSpaceSize: 1.00 GB
Initial GC threshold: 21.00 MB
Current GC threshold: 21.00 MB
CDS: on
MetaspaceReclaimPolicy: balanced
 - commit_granule_bytes: 65536.
 - commit_granule_words: 8192.
 - virtual_space_node_default_size: 8388608.
 - enlarge_chunks_in_place: 1.
 - new_chunks_are_fully_committed: 0.
 - uncommit_free_chunks: 1.
 - use_allocation_guard: 0.
 - handle_deallocations: 1.


Internal statistics:

num_allocs_failed_limit: 0.
num_arena_births: 96.
num_arena_deaths: 0.
num_vsnodes_births: 2.
num_vsnodes_deaths: 0.
num_space_committed: 237.
num_space_uncommitted: 0.
num_chunks_returned_to_freelist: 0.
num_chunks_taken_from_freelist: 560.
num_chunk_merges: 0.
num_chunk_splits: 411.
num_chunks_enlarged: 329.
num_inconsistent_stats: 0.

CodeHeap 'non-profiled nmethods': size=120000Kb used=1446Kb max_used=1446Kb free=118553Kb
 bounds [0x0000000011e40000, 0x00000000120b0000, 0x0000000019370000]
CodeHeap 'profiled nmethods': size=120000Kb used=6826Kb max_used=6826Kb free=113173Kb
 bounds [0x000000000a370000, 0x000000000aa20000, 0x00000000118a0000]
CodeHeap 'non-nmethods': size=5760Kb used=1183Kb max_used=1226Kb free=4576Kb
 bounds [0x00000000118a0000, 0x0000000011b10000, 0x0000000011e40000]
 total_blobs=3880 nmethods=3415 adapters=377
 compilation: enabled
              stopped_count=0, restarted_count=0
 full_count=0

Compilation events (20 events):
Event: 2.723 Thread 0x0000000020e2f360 nmethod 3361 0x000000000a9c3490 code [0x000000000a9c36c0, 0x000000000a9c3f38]
Event: 2.723 Thread 0x0000000020e2f360 3351       2       org.jdom2.Verifier::checkJDOMName (145 bytes)
Event: 2.725 Thread 0x0000000020e2f360 nmethod 3351 0x000000000a9c4210 code [0x000000000a9c4560, 0x000000000a9c5298]
Event: 2.725 Thread 0x0000000020e2f360 3366       3       com.sun.org.apache.xerces.internal.impl.XMLEntityScanner::checkNodeCount (22 bytes)
Event: 2.725 Thread 0x0000000020e2f360 nmethod 3366 0x000000000a9c5a10 code [0x000000000a9c5bc0, 0x000000000a9c5da8]
Event: 2.725 Thread 0x0000000020e2f360 3346       2       com.sun.org.apache.xerces.internal.util.SymbolTable::addSymbol (110 bytes)
Event: 2.725 Thread 0x0000000020e2f360 nmethod 3346 0x000000000a9c5e90 code [0x000000000a9c6060, 0x000000000a9c63b8]
Event: 2.725 Thread 0x0000000020e2f360 3359       2       com.sun.org.apache.xerces.internal.util.NamespaceSupport::getURI (38 bytes)
Event: 2.725 Thread 0x0000000020e2f360 nmethod 3359 0x000000000a9c6610 code [0x000000000a9c67c0, 0x000000000a9c69b8]
Event: 2.725 Thread 0x0000000020e2f360 3364       2       com.sun.org.apache.xerces.internal.impl.XMLNSDocumentScannerImpl::scanStartElement (1031 bytes)
Event: 2.730 Thread 0x0000000020e2f360 nmethod 3364 0x000000000a9c6b10 code [0x000000000a9c6fe0, 0x000000000a9c9778]
Event: 2.730 Thread 0x0000000020e2f360 3368       2       com.sun.org.apache.xerces.internal.impl.XMLEntityScanner::arrangeCapacity (227 bytes)
Event: 2.731 Thread 0x0000000020e2f360 nmethod 3368 0x000000000a9ca910 code [0x000000000a9cab00, 0x000000000a9caf58]
Event: 2.731 Thread 0x0000000020e2f360 3374   !   2       com.sun.org.apache.xerces.internal.parsers.AbstractSAXParser::startElement (318 bytes)
Event: 2.732 Thread 0x0000000020e2f360 nmethod 3374 0x000000000a9cb210 code [0x000000000a9cb480, 0x000000000a9cbdb8]
Event: 2.732 Thread 0x0000000020e2f360 3375       2       com.sun.org.apache.xerces.internal.parsers.AbstractSAXParser::startNamespaceMapping (77 bytes)
Event: 2.732 Thread 0x0000000020e2f360 nmethod 3375 0x000000000a9cc790 code [0x000000000a9cc960, 0x000000000a9cccd8]
Event: 2.732 Thread 0x0000000020e2f360 3376       2       org.jdom2.input.sax.SAXHandler::startElement (671 bytes)
Event: 2.738 Thread 0x0000000020e2f360 nmethod 3376 0x000000000a9cd010 code [0x000000000a9cd5a0, 0x000000000a9cf338]
Event: 2.738 Thread 0x0000000020e2f360 3386       3       org.jdom2.Verifier::checkCharacterData (209 bytes)

GC Heap History (6 events):
Event: 0.570 GC heap before
{Heap before GC invocations=0 (full 0):
 garbage-first heap   total 129024K, used 22528K [0x0000000083600000, 0x0000000100000000)
  region size 1024K, 23 young (23552K), 0 survivors (0K)
 Metaspace       used 4812K, committed 4928K, reserved 1114112K
  class space    used 570K, committed 640K, reserved 1048576K
}
Event: 0.577 GC heap after
{Heap after GC invocations=1 (full 0):
 garbage-first heap   total 129024K, used 3537K [0x0000000083600000, 0x0000000100000000)
  region size 1024K, 3 young (3072K), 3 survivors (3072K)
 Metaspace       used 4812K, committed 4928K, reserved 1114112K
  class space    used 570K, committed 640K, reserved 1048576K
}
Event: 1.635 GC heap before
{Heap before GC invocations=1 (full 0):
 garbage-first heap   total 129024K, used 35281K [0x0000000083600000, 0x0000000100000000)
  region size 1024K, 34 young (34816K), 3 survivors (3072K)
 Metaspace       used 10708K, committed 10880K, reserved 1114112K
  class space    used 1308K, committed 1408K, reserved 1048576K
}
Event: 1.645 GC heap after
{Heap after GC invocations=2 (full 0):
 garbage-first heap   total 129024K, used 5977K [0x0000000083600000, 0x0000000100000000)
  region size 1024K, 3 young (3072K), 3 survivors (3072K)
 Metaspace       used 10708K, committed 10880K, reserved 1114112K
  class space    used 1308K, committed 1408K, reserved 1048576K
}
Event: 2.377 GC heap before
{Heap before GC invocations=2 (full 0):
 garbage-first heap   total 129024K, used 79705K [0x0000000083600000, 0x0000000100000000)
  region size 1024K, 75 young (76800K), 3 survivors (3072K)
 Metaspace       used 12476K, committed 12672K, reserved 1114112K
  class space    used 1441K, committed 1536K, reserved 1048576K
}
Event: 2.398 GC heap after
{Heap after GC invocations=3 (full 0):
 garbage-first heap   total 129024K, used 14675K [0x0000000083600000, 0x0000000100000000)
  region size 1024K, 10 young (10240K), 10 survivors (10240K)
 Metaspace       used 12476K, committed 12672K, reserved 1114112K
  class space    used 1441K, committed 1536K, reserved 1048576K
}

Deoptimization events (20 events):
Event: 2.574 Thread 0x0000000002ab7430 DEOPT PACKING pc=0x000000000a4222cc sp=0x0000000002278460
Event: 2.574 Thread 0x0000000002ab7430 DEOPT UNPACKING pc=0x00000000118f66e3 sp=0x0000000002277908 mode 0
Event: 2.600 Thread 0x0000000002ab7430 Uncommon trap: trap_request=0xffffffbe fr.pc=0x0000000011f92a38 relative=0x0000000000000218
Event: 2.600 Thread 0x0000000002ab7430 Uncommon trap: reason=profile_predicate action=maybe_recompile pc=0x0000000011f92a38 method=java.util.HashMap.keysToArray([Ljava/lang/Object;)[Ljava/lang/Object; @ 36 c2
Event: 2.600 Thread 0x0000000002ab7430 DEOPT PACKING pc=0x0000000011f92a38 sp=0x000000000227db60
Event: 2.600 Thread 0x0000000002ab7430 DEOPT UNPACKING pc=0x00000000118f5ba3 sp=0x000000000227daf0 mode 2
Event: 2.600 Thread 0x0000000002ab7430 Uncommon trap: trap_request=0xffffffbe fr.pc=0x0000000011f92a38 relative=0x0000000000000218
Event: 2.600 Thread 0x0000000002ab7430 Uncommon trap: reason=profile_predicate action=maybe_recompile pc=0x0000000011f92a38 method=java.util.HashMap.keysToArray([Ljava/lang/Object;)[Ljava/lang/Object; @ 36 c2
Event: 2.600 Thread 0x0000000002ab7430 DEOPT PACKING pc=0x0000000011f92a38 sp=0x000000000227db60
Event: 2.600 Thread 0x0000000002ab7430 DEOPT UNPACKING pc=0x00000000118f5ba3 sp=0x000000000227daf0 mode 2
Event: 2.600 Thread 0x0000000002ab7430 Uncommon trap: trap_request=0xffffffbe fr.pc=0x0000000011f92a38 relative=0x0000000000000218
Event: 2.600 Thread 0x0000000002ab7430 Uncommon trap: reason=profile_predicate action=maybe_recompile pc=0x0000000011f92a38 method=java.util.HashMap.keysToArray([Ljava/lang/Object;)[Ljava/lang/Object; @ 36 c2
Event: 2.600 Thread 0x0000000002ab7430 DEOPT PACKING pc=0x0000000011f92a38 sp=0x000000000227db60
Event: 2.601 Thread 0x0000000002ab7430 DEOPT UNPACKING pc=0x00000000118f5ba3 sp=0x000000000227daf0 mode 2
Event: 2.601 Thread 0x0000000002ab7430 Uncommon trap: trap_request=0xffffffbe fr.pc=0x0000000011f92a38 relative=0x0000000000000218
Event: 2.601 Thread 0x0000000002ab7430 Uncommon trap: reason=profile_predicate action=maybe_recompile pc=0x0000000011f92a38 method=java.util.HashMap.keysToArray([Ljava/lang/Object;)[Ljava/lang/Object; @ 36 c2
Event: 2.601 Thread 0x0000000002ab7430 DEOPT PACKING pc=0x0000000011f92a38 sp=0x000000000227db60
Event: 2.601 Thread 0x0000000002ab7430 DEOPT UNPACKING pc=0x00000000118f5ba3 sp=0x000000000227daf0 mode 2
Event: 2.734 Thread 0x0000000002ab7430 DEOPT PACKING pc=0x000000000a998ea5 sp=0x000000000227d4d0
Event: 2.734 Thread 0x0000000002ab7430 DEOPT UNPACKING pc=0x00000000118f66e3 sp=0x000000000227cb78 mode 0

Classes unloaded (0 events):
No events

Classes redefined (0 events):
No events

Internal exceptions (18 events):
Event: 0.134 Thread 0x0000000002ab7430 Exception <a 'java/lang/NullPointerException'{0x000000008b0794c8}> (0x000000008b0794c8) 
thrown [s\open\src\hotspot\share\interpreter\linkResolver.cpp, line 1350]
Event: 0.143 Thread 0x0000000002ab7430 Exception <a 'java/lang/NullPointerException'{0x000000008b0aa6d8}> (0x000000008b0aa6d8) 
thrown [s\open\src\hotspot\share\interpreter\linkResolver.cpp, line 1350]
Event: 0.143 Thread 0x0000000002ab7430 Exception <a 'java/lang/NullPointerException'{0x000000008b0aa9b0}> (0x000000008b0aa9b0) 
thrown [s\open\src\hotspot\share\interpreter\linkResolver.cpp, line 1350]
Event: 0.143 Thread 0x0000000002ab7430 Exception <a 'java/lang/NullPointerException'{0x000000008b0aac88}> (0x000000008b0aac88) 
thrown [s\open\src\hotspot\share\interpreter\linkResolver.cpp, line 1350]
Event: 0.144 Thread 0x0000000002ab7430 Exception <a 'java/lang/NullPointerException'{0x000000008b0b06e0}> (0x000000008b0b06e0) 
thrown [s\open\src\hotspot\share\interpreter\linkResolver.cpp, line 1350]
Event: 0.145 Thread 0x0000000002ab7430 Exception <a 'java/lang/NullPointerException'{0x000000008b0c5b70}> (0x000000008b0c5b70) 
thrown [s\open\src\hotspot\share\interpreter\linkResolver.cpp, line 1350]
Event: 0.145 Thread 0x0000000002ab7430 Exception <a 'java/lang/NullPointerException'{0x000000008b0c5e48}> (0x000000008b0c5e48) 
thrown [s\open\src\hotspot\share\interpreter\linkResolver.cpp, line 1350]
Event: 0.145 Thread 0x0000000002ab7430 Exception <a 'java/lang/NullPointerException'{0x000000008b0c6120}> (0x000000008b0c6120) 
thrown [s\open\src\hotspot\share\interpreter\linkResolver.cpp, line 1350]
Event: 0.145 Thread 0x0000000002ab7430 Exception <a 'java/lang/NullPointerException'{0x000000008b0c63f8}> (0x000000008b0c63f8) 
thrown [s\open\src\hotspot\share\interpreter\linkResolver.cpp, line 1350]
Event: 0.447 Thread 0x0000000002ab7430 Exception <a 'java/lang/NoSuchMethodError'{0x000000008a6f6d20}: 'java.lang.Object java.lang.invoke.DirectMethodHandle$Holder.newInvokeSpecial(java.lang.Object, java.lang.Object, java.lang.Object, java.lang.Object, java.lang.Object)'> (0x000000008a6f6d20) 
thrown [s\open\src\hotspot\share\interpreter\linkResolver.cpp, line 759]
Event: 0.488 Thread 0x0000000002ab7430 Exception <a 'java/lang/NoClassDefFoundError'{0x000000008a45ec50}: javax/enterprise/inject/Typed> (0x000000008a45ec50) 
thrown [s\open\src\hotspot\share\classfile\systemDictionary.cpp, line 245]
Event: 1.405 Thread 0x0000000002ab7430 Exception <a 'java/lang/NoClassDefFoundError'{0x00000000895557a8}: com/google/inject/servlet/ServletModuleTargetVisitor> (0x00000000895557a8) 
thrown [s\open\src\hotspot\share\classfile\systemDictionary.cpp, line 245]
Event: 1.526 Thread 0x0000000002ab7430 Exception <a 'java/lang/NoSuchMethodError'{0x00000000894a0558}: 'java.lang.Object java.lang.invoke.DirectMethodHandle$Holder.invokeStaticInit(java.lang.Object, int, int, int, int)'> (0x00000000894a0558) 
thrown [s\open\src\hotspot\share\interpreter\linkResolver.cpp, line 759]
Event: 1.685 Thread 0x0000000002ab7430 Implicit null exception at 0x0000000011e6ed72 to 0x0000000011e6f388
Event: 1.685 Thread 0x0000000002ab7430 Implicit null exception at 0x0000000011e68ff2 to 0x0000000011e69610
Event: 2.308 Thread 0x0000000002ab7430 Implicit null exception at 0x0000000011f2aa1f to 0x0000000011f2be6c
Event: 2.308 Thread 0x0000000002ab7430 Implicit null exception at 0x0000000011f2ee6a to 0x0000000011f2f01c
Event: 2.308 Thread 0x0000000002ab7430 Implicit null exception at 0x0000000011f0151b to 0x0000000011f01c1e

VM Operations (20 events):
Event: 1.550 Executing VM operation: HandshakeAllThreads
Event: 1.551 Executing VM operation: HandshakeAllThreads done
Event: 1.578 Executing VM operation: ICBufferFull
Event: 1.578 Executing VM operation: ICBufferFull done
Event: 1.635 Executing VM operation: G1CollectForAllocation
Event: 1.645 Executing VM operation: G1CollectForAllocation done
Event: 1.664 Executing VM operation: HandshakeAllThreads
Event: 1.664 Executing VM operation: HandshakeAllThreads done
Event: 1.971 Executing VM operation: ICBufferFull
Event: 1.971 Executing VM operation: ICBufferFull done
Event: 2.301 Executing VM operation: HandshakeAllThreads
Event: 2.301 Executing VM operation: HandshakeAllThreads done
Event: 2.302 Executing VM operation: HandshakeAllThreads
Event: 2.302 Executing VM operation: HandshakeAllThreads done
Event: 2.377 Executing VM operation: G1CollectForAllocation
Event: 2.398 Executing VM operation: G1CollectForAllocation done
Event: 2.574 Executing VM operation: HandshakeAllThreads
Event: 2.574 Executing VM operation: HandshakeAllThreads done
Event: 2.645 Executing VM operation: HandshakeAllThreads
Event: 2.645 Executing VM operation: HandshakeAllThreads done

Events (20 events):
Event: 2.659 loading class com/sun/xml/internal/stream/util/ThreadLocalBufferAllocator
Event: 2.659 loading class com/sun/xml/internal/stream/util/ThreadLocalBufferAllocator done
Event: 2.659 loading class com/sun/xml/internal/stream/util/BufferAllocator
Event: 2.659 loading class com/sun/xml/internal/stream/util/BufferAllocator done
Event: 2.659 loading class com/sun/org/apache/xerces/internal/util/XMLChar
Event: 2.659 loading class com/sun/org/apache/xerces/internal/util/XMLChar done
Event: 2.660 loading class com/sun/org/apache/xerces/internal/util/XMLSymbols
Event: 2.660 loading class com/sun/org/apache/xerces/internal/util/XMLSymbols done
Event: 2.660 loading class com/sun/org/apache/xerces/internal/parsers/AbstractSAXParser$LocatorProxy
Event: 2.660 loading class org/xml/sax/ext/Locator2
Event: 2.660 loading class org/xml/sax/Locator
Event: 2.660 loading class org/xml/sax/Locator done
Event: 2.660 loading class org/xml/sax/ext/Locator2 done
Event: 2.660 loading class com/sun/org/apache/xerces/internal/parsers/AbstractSAXParser$LocatorProxy done
Event: 2.660 loading class com/sun/org/apache/xerces/internal/impl/XMLScanner$NameType
Event: 2.660 loading class com/sun/org/apache/xerces/internal/impl/XMLScanner$NameType done
Event: 2.661 loading class com/sun/org/apache/xerces/internal/impl/Constants
Event: 2.661 loading class com/sun/org/apache/xerces/internal/impl/Constants done
Event: 2.661 loading class com/sun/org/apache/xerces/internal/impl/Constants$ArrayEnumeration
Event: 2.661 loading class com/sun/org/apache/xerces/internal/impl/Constants$ArrayEnumeration done


Dynamic libraries:
0x00007ff742c80000 - 0x00007ff742c90000 	C:\Program Files\Java\jdk-17\bin\java.exe
0x00007ffd6ad10000 - 0x00007ffd6af27000 	C:\WINDOWS\SYSTEM32\ntdll.dll
0x00007ffd69be0000 - 0x00007ffd69ca4000 	C:\WINDOWS\System32\KERNEL32.DLL
0x00007ffd681e0000 - 0x00007ffd685b1000 	C:\WINDOWS\System32\KERNELBASE.dll
0x00007ffd688c0000 - 0x00007ffd689d1000 	C:\WINDOWS\System32\ucrtbase.dll
0x00007ffd5e310000 - 0x00007ffd5e329000 	C:\Program Files\Java\jdk-17\bin\jli.dll
0x00007ffd604a0000 - 0x00007ffd604bb000 	C:\Program Files\Java\jdk-17\bin\VCRUNTIME140.dll
0x00007ffd69f20000 - 0x00007ffd69fd1000 	C:\WINDOWS\System32\ADVAPI32.dll
0x00007ffd6abc0000 - 0x00007ffd6ac67000 	C:\WINDOWS\System32\msvcrt.dll
0x00007ffd6a070000 - 0x00007ffd6a117000 	C:\WINDOWS\System32\sechost.dll
0x00007ffd681b0000 - 0x00007ffd681d8000 	C:\WINDOWS\System32\bcrypt.dll
0x00007ffd69910000 - 0x00007ffd69a24000 	C:\WINDOWS\System32\RPCRT4.dll
0x00007ffd68c10000 - 0x00007ffd68dc1000 	C:\WINDOWS\System32\USER32.dll
0x00007ffd68180000 - 0x00007ffd681a6000 	C:\WINDOWS\System32\win32u.dll
0x00007ffd573d0000 - 0x00007ffd57662000 	C:\WINDOWS\WinSxS\amd64_microsoft.windows.common-controls_6595b64144ccf1df_6.0.22621.4830_none_270fe7d773858e80\COMCTL32.dll
0x00007ffd698c0000 - 0x00007ffd698e9000 	C:\WINDOWS\System32\GDI32.dll
0x00007ffd67ef0000 - 0x00007ffd6800b000 	C:\WINDOWS\System32\gdi32full.dll
0x00007ffd67e50000 - 0x00007ffd67eea000 	C:\WINDOWS\System32\msvcp_win.dll
0x00007ffd5df50000 - 0x00007ffd5df5a000 	C:\WINDOWS\SYSTEM32\VERSION.dll
0x00007ffd68bd0000 - 0x00007ffd68c01000 	C:\WINDOWS\System32\IMM32.DLL
0x00007ffd60520000 - 0x00007ffd6052c000 	C:\Program Files\Java\jdk-17\bin\vcruntime140_1.dll
0x00007ffd34dd0000 - 0x00007ffd34e5e000 	C:\Program Files\Java\jdk-17\bin\msvcp140.dll
0x00007ffce9690000 - 0x00007ffcea270000 	C:\Program Files\Java\jdk-17\bin\server\jvm.dll
0x00007ffd69900000 - 0x00007ffd69908000 	C:\WINDOWS\System32\PSAPI.DLL
0x00007ffd52090000 - 0x00007ffd52099000 	C:\WINDOWS\SYSTEM32\WSOCK32.dll
0x00007ffd5d750000 - 0x00007ffd5d784000 	C:\WINDOWS\SYSTEM32\WINMM.dll
0x00007ffd6a2b0000 - 0x00007ffd6a321000 	C:\WINDOWS\System32\WS2_32.dll
0x00007ffd66e60000 - 0x00007ffd66e78000 	C:\WINDOWS\SYSTEM32\kernel.appcore.dll
0x00007ffd5f750000 - 0x00007ffd5f75a000 	C:\Program Files\Java\jdk-17\bin\jimage.dll
0x00007ffd65690000 - 0x00007ffd658c2000 	C:\WINDOWS\SYSTEM32\DBGHELP.DLL
0x00007ffd69510000 - 0x00007ffd698a0000 	C:\WINDOWS\System32\combase.dll
0x00007ffd69aa0000 - 0x00007ffd69b77000 	C:\WINDOWS\System32\OLEAUT32.dll
0x00007ffd569b0000 - 0x00007ffd569e2000 	C:\WINDOWS\SYSTEM32\dbgcore.DLL
0x00007ffd68840000 - 0x00007ffd688bb000 	C:\WINDOWS\System32\bcryptPrimitives.dll
0x00007ffd57240000 - 0x00007ffd57265000 	C:\Program Files\Java\jdk-17\bin\java.dll
0x00007ffd34cf0000 - 0x00007ffd34dc7000 	C:\Program Files\Java\jdk-17\bin\jsvml.dll
0x00007ffd6a330000 - 0x00007ffd6abb8000 	C:\WINDOWS\System32\SHELL32.dll
0x00007ffd685c0000 - 0x00007ffd686ff000 	C:\WINDOWS\System32\wintypes.dll
0x00007ffd65d60000 - 0x00007ffd6666d000 	C:\WINDOWS\SYSTEM32\windows.storage.dll
0x00007ffd6a120000 - 0x00007ffd6a22a000 	C:\WINDOWS\System32\SHCORE.dll
0x00007ffd69b80000 - 0x00007ffd69bde000 	C:\WINDOWS\System32\shlwapi.dll
0x00007ffd67d80000 - 0x00007ffd67dab000 	C:\WINDOWS\SYSTEM32\profapi.dll
0x00007ffd52180000 - 0x00007ffd52199000 	C:\Program Files\Java\jdk-17\bin\net.dll
0x00007ffd5f170000 - 0x00007ffd5f29c000 	C:\WINDOWS\SYSTEM32\WINHTTP.dll
0x00007ffd672c0000 - 0x00007ffd6732a000 	C:\WINDOWS\system32\mswsock.dll
0x00007ffd51940000 - 0x00007ffd51956000 	C:\Program Files\Java\jdk-17\bin\nio.dll
0x00007ffd50650000 - 0x00007ffd50668000 	C:\Program Files\Java\jdk-17\bin\zip.dll
0x0000000069ac0000 - 0x0000000069ae4000 	D:\Programming\apache-maven-3.8.6-bin\apache-maven-3.8.6\lib\jansi-native\Windows\x86_64\jansi.dll
0x00007ffd57210000 - 0x00007ffd57220000 	C:\Program Files\Java\jdk-17\bin\verify.dll

dbghelp: loaded successfully - version: 4.0.5 - missing functions: none
symbol engine: initialized successfully - sym options: 0x614 - pdb path: .;C:\Program Files\Java\jdk-17\bin;C:\WINDOWS\SYSTEM32;C:\WINDOWS\WinSxS\amd64_microsoft.windows.common-controls_6595b64144ccf1df_6.0.22621.4830_none_270fe7d773858e80;C:\Program Files\Java\jdk-17\bin\server;D:\Programming\apache-maven-3.8.6-bin\apache-maven-3.8.6\lib\jansi-native\Windows\x86_64

VM Arguments:
jvm_args: -Dclassworlds.conf=D:\Programming\apache-maven-3.8.6-bin\apache-maven-3.8.6\bin\m2.conf -Dmaven.home=D:\Programming\apache-maven-3.8.6-bin\apache-maven-3.8.6 -Dlibrary.jansi.path=D:\Programming\apache-maven-3.8.6-bin\apache-maven-3.8.6\lib\jansi-native -Dmaven.multiModuleProjectDirectory=d:\Programming\workspace\billing_craft\billing_craft_dist_backend 
java_command: org.codehaus.plexus.classworlds.launcher.Launcher -q help:effective-pom -Doutput=d:\Programming\workspace\billing_craft\billing_craft_dist_backend\effective-pom.xml -f d:/Programming/workspace/billing_craft/billing_craft_dist_backend/pom.xml
java_class_path (initial): D:\Programming\apache-maven-3.8.6-bin\apache-maven-3.8.6\boot\plexus-classworlds-2.6.0.jar
Launcher Type: SUN_STANDARD

[Global flags]
     intx CICompilerCount                          = 4                                         {product} {ergonomic}
     uint ConcGCThreads                            = 2                                         {product} {ergonomic}
     uint G1ConcRefinementThreads                  = 8                                         {product} {ergonomic}
   size_t G1HeapRegionSize                         = 1048576                                   {product} {ergonomic}
    uintx GCDrainStackTargetSize                   = 64                                        {product} {ergonomic}
   size_t InitialHeapSize                          = 132120576                                 {product} {ergonomic}
   size_t MarkStackSize                            = 4194304                                   {product} {ergonomic}
   size_t MaxHeapSize                              = 2090860544                                {product} {ergonomic}
   size_t MaxNewSize                               = 1254096896                                {product} {ergonomic}
   size_t MinHeapDeltaBytes                        = 1048576                                   {product} {ergonomic}
   size_t MinHeapSize                              = 8388608                                   {product} {ergonomic}
    uintx NonNMethodCodeHeapSize                   = 5839372                                {pd product} {ergonomic}
    uintx NonProfiledCodeHeapSize                  = 122909434                              {pd product} {ergonomic}
    uintx ProfiledCodeHeapSize                     = 122909434                              {pd product} {ergonomic}
    uintx ReservedCodeCacheSize                    = 251658240                              {pd product} {ergonomic}
     bool SegmentedCodeCache                       = true                                      {product} {ergonomic}
   size_t SoftMaxHeapSize                          = 2090860544                             {manageable} {ergonomic}
     bool UseCompressedClassPointers               = true                           {product lp64_product} {ergonomic}
     bool UseCompressedOops                        = true                           {product lp64_product} {ergonomic}
     bool UseG1GC                                  = true                                      {product} {ergonomic}
     bool UseLargePagesIndividualAllocation        = false                                  {pd product} {ergonomic}

Logging:
Log output configuration:
 #0: stdout all=warning uptime,level,tags
 #1: stderr all=off uptime,level,tags

Environment Variables:
JAVA_HOME=C:\Program Files\Java\jdk-17
PATH=C:\Program Files\Common Files\Oracle\Java\javapath;C:\Program Files\Java\jdk1.8.0_172\bin;C:\Program Files (x86)\Common Files\Intel\Shared Libraries\redist\intel64\compiler;C:\Python311\Scripts\;C:\Python311\;C:\Program Files (x86)\Common Files\Oracle\Java\javapath;C:\WINDOWS\system32;C:\WINDOWS;C:\WINDOWS\System32\Wbem;C:\WINDOWS\System32\WindowsPowerShell\v1.0\;C:\WINDOWS\System32\OpenSSH\;C:\Program Files\Java\jdk1.8.0_172\bin;C:\ProgramData\chocolatey\bin;D:\Programming\apache-maven-3.8.6-bin\apache-maven-3.8.6\bin;C:\Program Files\PuTTY\;C:\Program Files\nodejs\;C:\Program Files\Java\jdk-17\bin;C:\Program Files\Java\jdk-11\bin;C:\Users\hmfar\AppData\Local\Microsoft\WindowsApps;C:\Users\hmfar\AppData\Local\Programs\Microsoft VS Code\bin;C:\Users\hmfar\AppData\Roaming\npm;
USERNAME=hmfar
OS=Windows_NT
PROCESSOR_IDENTIFIER=Intel64 Family 6 Model 140 Stepping 1, GenuineIntel



---------------  S Y S T E M  ---------------

OS:
 Windows 11 , 64 bit Build 22621 (10.0.22621.4974)
OS uptime: 11 days 5:27 hours
Hyper-V role detected

CPU: total 8 (initial active 8) (4 cores per cpu, 2 threads per core) family 6 model 140 stepping 1 microcode 0x86, cx8, cmov, fxsr, ht, mmx, 3dnowpref, sse, sse2, sse3, ssse3, sse4.1, sse4.2, popcnt, lzcnt, tsc, tscinvbit, avx, avx2, aes, erms, clmul, bmi1, bmi2, adx, avx512f, avx512dq, avx512cd, avx512bw, avx512vl, sha, fma, vzeroupper, avx512_vpopcntdq, avx512_vpclmulqdq, avx512_vaes, avx512_vnni, clflush, clflushopt, clwb, avx512_vbmi2, avx512_vbmi, hv

Memory: 4k page, system-wide physical 7975M (305M free)
TotalPageFile size 26725M (AvailPageFile size 7M)
current process WorkingSet (physical memory assigned to process): 184M, peak: 185M
current process commit charge ("private bytes"): 266M, peak: 268M

vm_info: Java HotSpot(TM) 64-Bit Server VM (17.0.11+7-LTS-207) for windows-amd64 JRE (17.0.11+7-LTS-207), built on Mar 11 2024 19:01:50 by "mach5one" with MS VC++ 17.6 (VS2022)

END.
