#
# There is insufficient memory for the Java Runtime Environment to continue.
# Native memory allocation (malloc) failed to allocate 295456 bytes for Chunk::new
# Possible reasons:
#   The system is out of physical RAM or swap space
#   The process is running with CompressedOops enabled, and the Java Heap may be blocking the growth of the native heap
# Possible solutions:
#   Reduce memory load on the system
#   Increase physical memory or swap space
#   Check if swap backing store is full
#   Decrease Java heap size (-Xmx/-Xms)
#   Decrease number of Java threads
#   Decrease Java thread stack sizes (-Xss)
#   Set larger code cache with -XX:ReservedCodeCacheSize=
#   JVM is running with Unscaled Compressed Oops mode in which the Java heap is
#     placed in the first 4GB address space. The Java Heap base address is the
#     maximum limit for the native heap growth. Please use -XX:HeapBaseMinAddress
#     to set the Java Heap base and to place the Java Heap above 4GB virtual address.
# This output file may be truncated or incomplete.
#
#  Out of Memory Error (arena.cpp:189), pid=23276, tid=24064
#
# JRE version: Java(TM) SE Runtime Environment (17.0.11+7) (build 17.0.11+7-LTS-207)
# Java VM: Java HotSpot(TM) 64-Bit Server VM (17.0.11+7-LTS-207, mixed mode, sharing, tiered, compressed oops, compressed class ptrs, g1 gc, windows-amd64)
# No core dump will be written. Minidumps are not enabled by default on client versions of Windows
#

---------------  S U M M A R Y ------------

Command Line: -XX:+ShowCodeDetailsInExceptionMessages com.iyadsoft.billing_craft_backend.BillingCraftBackendApplication

Host: 11th Gen Intel(R) Core(TM) i5-11300H @ 3.10GHz, 8 cores, 7G,  Windows 11 , 64 bit Build 22621 (10.0.22621.4974)
Time: Fri Apr 11 14:17:34 2025 Bangladesh Standard Time elapsed time: 8936.975904 seconds (0d 2h 28m 56s)

---------------  T H R E A D  ---------------

Current thread (0x0000000020e10860):  JavaThread "C2 CompilerThread0" daemon [_thread_in_native, id=24064, stack(0x0000000021870000,0x0000000021970000)]


Current CompileTask:
C2:8936976 9333       4       org.springframework.util.ConcurrentReferenceHashMap::get (37 bytes)

Stack: [0x0000000021870000,0x0000000021970000]
Native frames: (J=compiled Java code, j=interpreted, Vv=VM code, C=native code)
V  [jvm.dll+0x679cca]
V  [jvm.dll+0x7da13d]
V  [jvm.dll+0x7dba83]
V  [jvm.dll+0x7dc0f3]
V  [jvm.dll+0x2449af]
V  [jvm.dll+0xab83b]
V  [jvm.dll+0xabe1c]
V  [jvm.dll+0x2a9e6f]
V  [jvm.dll+0x5818d9]
V  [jvm.dll+0x21ed62]
V  [jvm.dll+0x217cf6]
V  [jvm.dll+0x215505]
V  [jvm.dll+0x1a2040]
V  [jvm.dll+0x225a2b]
V  [jvm.dll+0x223bcb]
V  [jvm.dll+0x7903ec]
V  [jvm.dll+0x78a85a]
V  [jvm.dll+0x678bb5]
C  [ucrtbase.dll+0x29333]
C  [KERNEL32.DLL+0x1259d]
C  [ntdll.dll+0x5af38]


---------------  P R O C E S S  ---------------

Threads class SMR info:
_java_thread_list=0x0000000021c7f270, length=31, elements={
0x0000000020ded4d0, 0x0000000020dee090, 0x0000000020e082a0, 0x0000000020e08e60,
0x0000000020e0ba30, 0x0000000020e0e400, 0x0000000020e10860, 0x0000000020e11220,
0x0000000020e11b30, 0x0000000021c4c330, 0x0000000021c503a0, 0x000000006a19ede0,
0x000000006a19f2c0, 0x000000006b99a1e0, 0x000000006b99a6f0, 0x000000006b997450,
0x000000006b9997c0, 0x000000006b9992b0, 0x000000006b999cd0, 0x000000006a225770,
0x000000006a2266a0, 0x000000006a2270c0, 0x000000006a227ff0, 0x000000006a228a10,
0x000000006a225260, 0x000000006a225c80, 0x000000006a228500, 0x000000006a226190,
0x000000006a226bb0, 0x000000006a2275d0, 0x000000006a227ae0
}

Java Threads: ( => current thread )
  0x0000000020ded4d0 JavaThread "Reference Handler" daemon [_thread_blocked, id=28544, stack(0x0000000021170000,0x0000000021270000)]
  0x0000000020dee090 JavaThread "Finalizer" daemon [_thread_blocked, id=25528, stack(0x0000000021270000,0x0000000021370000)]
  0x0000000020e082a0 JavaThread "Signal Dispatcher" daemon [_thread_blocked, id=10912, stack(0x0000000021470000,0x0000000021570000)]
  0x0000000020e08e60 JavaThread "Attach Listener" daemon [_thread_blocked, id=12484, stack(0x0000000021570000,0x0000000021670000)]
  0x0000000020e0ba30 JavaThread "Service Thread" daemon [_thread_blocked, id=1232, stack(0x0000000021670000,0x0000000021770000)]
  0x0000000020e0e400 JavaThread "Monitor Deflation Thread" daemon [_thread_blocked, id=7888, stack(0x0000000021770000,0x0000000021870000)]
=>0x0000000020e10860 JavaThread "C2 CompilerThread0" daemon [_thread_in_native, id=24064, stack(0x0000000021870000,0x0000000021970000)]
  0x0000000020e11220 JavaThread "C1 CompilerThread0" daemon [_thread_blocked, id=2000, stack(0x0000000021970000,0x0000000021a70000)]
  0x0000000020e11b30 JavaThread "Sweeper thread" daemon [_thread_blocked, id=16768, stack(0x0000000021a70000,0x0000000021b70000)]
  0x0000000021c4c330 JavaThread "Notification Thread" daemon [_thread_blocked, id=26808, stack(0x0000000067000000,0x0000000067100000)]
  0x0000000021c503a0 JavaThread "Common-Cleaner" daemon [_thread_blocked, id=19532, stack(0x0000000067200000,0x0000000067300000)]
  0x000000006a19ede0 JavaThread "Catalina-utility-1" [_thread_blocked, id=25348, stack(0x0000000069920000,0x0000000069a20000)]
  0x000000006a19f2c0 JavaThread "Catalina-utility-2" [_thread_blocked, id=27248, stack(0x0000000069a20000,0x0000000069b20000)]
  0x000000006b99a1e0 JavaThread "container-0" [_thread_blocked, id=3136, stack(0x000000006ab90000,0x000000006ac90000)]
  0x000000006b99a6f0 JavaThread "mysql-cj-abandoned-connection-cleanup" daemon [_thread_blocked, id=8788, stack(0x000000006bcc0000,0x000000006bdc0000)]
  0x000000006b997450 JavaThread "HikariPool-1 housekeeper" daemon [_thread_blocked, id=25140, stack(0x00000000705b0000,0x00000000706b0000)]
  0x000000006b9997c0 JavaThread "File Watcher" daemon [_thread_in_vm, id=28016, stack(0x0000000069820000,0x0000000069920000)]
  0x000000006b9992b0 JavaThread "Live Reload Server" daemon [_thread_in_native, id=10012, stack(0x00000000708d0000,0x00000000709d0000)]
  0x000000006b999cd0 JavaThread "http-nio-8080-exec-1" daemon [_thread_blocked, id=28632, stack(0x00000000709d0000,0x0000000070ad0000)]
  0x000000006a225770 JavaThread "http-nio-8080-exec-2" daemon [_thread_blocked, id=3900, stack(0x0000000070ad0000,0x0000000070bd0000)]
  0x000000006a2266a0 JavaThread "http-nio-8080-exec-3" daemon [_thread_blocked, id=13492, stack(0x0000000070bd0000,0x0000000070cd0000)]
  0x000000006a2270c0 JavaThread "http-nio-8080-exec-4" daemon [_thread_blocked, id=24760, stack(0x0000000070cd0000,0x0000000070dd0000)]
  0x000000006a227ff0 JavaThread "http-nio-8080-exec-5" daemon [_thread_blocked, id=27016, stack(0x0000000070dd0000,0x0000000070ed0000)]
  0x000000006a228a10 JavaThread "http-nio-8080-exec-6" daemon [_thread_blocked, id=27284, stack(0x0000000070ed0000,0x0000000070fd0000)]
  0x000000006a225260 JavaThread "http-nio-8080-exec-7" daemon [_thread_blocked, id=28624, stack(0x0000000075000000,0x0000000075100000)]
  0x000000006a225c80 JavaThread "http-nio-8080-exec-8" daemon [_thread_blocked, id=28100, stack(0x0000000075100000,0x0000000075200000)]
  0x000000006a228500 JavaThread "http-nio-8080-exec-9" daemon [_thread_blocked, id=3924, stack(0x0000000075200000,0x0000000075300000)]
  0x000000006a226190 JavaThread "http-nio-8080-exec-10" daemon [_thread_blocked, id=20904, stack(0x0000000075300000,0x0000000075400000)]
  0x000000006a226bb0 JavaThread "http-nio-8080-Poller" daemon [_thread_in_native, id=9468, stack(0x00000000706b0000,0x00000000707b0000)]
  0x000000006a2275d0 JavaThread "http-nio-8080-Acceptor" daemon [_thread_in_native, id=24788, stack(0x00000000707b0000,0x00000000708b0000)]
  0x000000006a227ae0 JavaThread "DestroyJavaVM" [_thread_blocked, id=13804, stack(0x0000000002190000,0x0000000002290000)]

Other Threads:
  0x0000000020de9290 VMThread "VM Thread" [stack: 0x0000000021070000,0x0000000021170000] [id=16628]
  0x0000000002b50a30 WatcherThread [stack: 0x0000000067100000,0x0000000067200000] [id=27200]
  0x0000000002b37140 GCTaskThread "GC Thread#0" [stack: 0x000000001e0f0000,0x000000001e1f0000] [id=4712]
  0x00000000675aa870 GCTaskThread "GC Thread#1" [stack: 0x0000000068f20000,0x0000000069020000] [id=27372]
  0x00000000675aab30 GCTaskThread "GC Thread#2" [stack: 0x0000000069020000,0x0000000069120000] [id=26644]
  0x0000000067a58d30 GCTaskThread "GC Thread#3" [stack: 0x0000000069120000,0x0000000069220000] [id=27716]
  0x0000000067a58ff0 GCTaskThread "GC Thread#4" [stack: 0x0000000069220000,0x0000000069320000] [id=27172]
  0x0000000067fc95d0 GCTaskThread "GC Thread#5" [stack: 0x0000000069320000,0x0000000069420000] [id=13664]
  0x0000000067eb62b0 GCTaskThread "GC Thread#6" [stack: 0x0000000069620000,0x0000000069720000] [id=13580]
  0x0000000068685c30 GCTaskThread "GC Thread#7" [stack: 0x0000000069720000,0x0000000069820000] [id=13968]
  0x0000000002b489e0 ConcurrentGCThread "G1 Main Marker" [stack: 0x000000001e1f0000,0x000000001e2f0000] [id=13236]
  0x0000000002b4b410 ConcurrentGCThread "G1 Conc#0" [stack: 0x000000001e2f0000,0x000000001e3f0000] [id=27108]
  0x0000000069ce7680 ConcurrentGCThread "G1 Conc#1" [stack: 0x0000000069520000,0x0000000069620000] [id=16132]
  0x0000000020ca60e0 ConcurrentGCThread "G1 Refine#0" [stack: 0x0000000020e70000,0x0000000020f70000] [id=3604]
  0x000000006b820f50 ConcurrentGCThread "G1 Refine#1" [stack: 0x00000000756a0000,0x00000000757a0000] [id=13488]
  0x0000000020ca6b10 ConcurrentGCThread "G1 Service" [stack: 0x0000000020f70000,0x0000000021070000] [id=26692]

Threads with active compile tasks:
C2 CompilerThread0  8937065 9333       4       org.springframework.util.ConcurrentReferenceHashMap::get (37 bytes)

VM state: not at safepoint (normal execution)

VM Mutex/Monitor currently owned by a thread: None

Heap address: 0x0000000083600000, size: 1994 MB, Compressed Oops mode: 32-bit

CDS archive(s) mapped at: [0x0000000022000000-0x0000000022bd0000-0x0000000022bd0000), size 12386304, SharedBaseAddress: 0x0000000022000000, ArchiveRelocationMode: 1.
Compressed class space mapped at: 0x0000000023000000-0x0000000063000000, reserved size: 1073741824
Narrow klass base: 0x0000000022000000, Narrow klass shift: 0, Narrow klass range: 0x100000000

GC Precious Log:
 CPUs: 8 total, 8 available
 Memory: 7975M
 Large Page Support: Disabled
 NUMA Support: Disabled
 Compressed Oops: Enabled (32-bit)
 Heap Region Size: 1M
 Heap Min Capacity: 8M
 Heap Initial Capacity: 126M
 Heap Max Capacity: 1994M
 Pre-touch: Disabled
 Parallel Workers: 8
 Concurrent Workers: 2
 Concurrent Refinement Workers: 8
 Periodic GC: Disabled

Heap:
 garbage-first heap   total 140288K, used 115476K [0x0000000083600000, 0x0000000100000000)
  region size 1024K, 70 young (71680K), 1 survivors (1024K)
 Metaspace       used 75779K, committed 76608K, reserved 1179648K
  class space    used 10139K, committed 10496K, reserved 1048576K

Heap Regions: E=young(eden), S=young(survivor), O=old, HS=humongous(starts), HC=humongous(continues), CS=collection set, F=free, OA=open archive, CA=closed archive, TAMS=top-at-mark-start (previous, next)
|   0|0x0000000083600000, 0x0000000083700000, 0x0000000083700000|100%|HS|  |TAMS 0x0000000083700000, 0x0000000083600000| Complete 
|   1|0x0000000083700000, 0x0000000083800000, 0x0000000083800000|100%| O|  |TAMS 0x0000000083800000, 0x0000000083700000| Untracked 
|   2|0x0000000083800000, 0x0000000083900000, 0x0000000083900000|100%| O|  |TAMS 0x0000000083900000, 0x0000000083800000| Untracked 
|   3|0x0000000083900000, 0x0000000083a00000, 0x0000000083a00000|100%| O|  |TAMS 0x0000000083a00000, 0x0000000083900000| Untracked 
|   4|0x0000000083a00000, 0x0000000083b00000, 0x0000000083b00000|100%| O|  |TAMS 0x0000000083b00000, 0x0000000083a00000| Untracked 
|   5|0x0000000083b00000, 0x0000000083c00000, 0x0000000083c00000|100%| O|  |TAMS 0x0000000083c00000, 0x0000000083b00000| Untracked 
|   6|0x0000000083c00000, 0x0000000083d00000, 0x0000000083d00000|100%| O|  |TAMS 0x0000000083d00000, 0x0000000083c00000| Untracked 
|   7|0x0000000083d00000, 0x0000000083e00000, 0x0000000083e00000|100%| O|  |TAMS 0x0000000083e00000, 0x0000000083d00000| Untracked 
|   8|0x0000000083e00000, 0x0000000083f00000, 0x0000000083f00000|100%| O|  |TAMS 0x0000000083f00000, 0x0000000083e00000| Untracked 
|   9|0x0000000083f00000, 0x0000000084000000, 0x0000000084000000|100%| O|  |TAMS 0x0000000084000000, 0x0000000083f00000| Untracked 
|  10|0x0000000084000000, 0x0000000084100000, 0x0000000084100000|100%| O|  |TAMS 0x0000000084100000, 0x0000000084000000| Untracked 
|  11|0x0000000084100000, 0x0000000084200000, 0x0000000084200000|100%| O|  |TAMS 0x0000000084200000, 0x0000000084100000| Untracked 
|  12|0x0000000084200000, 0x0000000084300000, 0x0000000084300000|100%| O|  |TAMS 0x0000000084300000, 0x0000000084200000| Untracked 
|  13|0x0000000084300000, 0x0000000084400000, 0x0000000084400000|100%| O|  |TAMS 0x0000000084400000, 0x0000000084300000| Untracked 
|  14|0x0000000084400000, 0x0000000084500000, 0x0000000084500000|100%| O|  |TAMS 0x0000000084500000, 0x0000000084400000| Untracked 
|  15|0x0000000084500000, 0x0000000084600000, 0x0000000084600000|100%| O|  |TAMS 0x0000000084600000, 0x0000000084500000| Untracked 
|  16|0x0000000084600000, 0x0000000084700000, 0x0000000084700000|100%| O|  |TAMS 0x0000000084700000, 0x0000000084600000| Untracked 
|  17|0x0000000084700000, 0x0000000084800000, 0x0000000084800000|100%| O|  |TAMS 0x0000000084800000, 0x0000000084700000| Untracked 
|  18|0x0000000084800000, 0x0000000084900000, 0x0000000084900000|100%| O|  |TAMS 0x0000000084900000, 0x0000000084800000| Untracked 
|  19|0x0000000084900000, 0x0000000084a00000, 0x0000000084a00000|100%| O|  |TAMS 0x0000000084a00000, 0x0000000084900000| Untracked 
|  20|0x0000000084a00000, 0x0000000084b00000, 0x0000000084b00000|100%| O|  |TAMS 0x0000000084b00000, 0x0000000084a00000| Untracked 
|  21|0x0000000084b00000, 0x0000000084b00000, 0x0000000084c00000|  0%| F|  |TAMS 0x0000000084b00000, 0x0000000084b00000| Untracked 
|  22|0x0000000084c00000, 0x0000000084d00000, 0x0000000084d00000|100%| O|  |TAMS 0x0000000084d00000, 0x0000000084c00000| Untracked 
|  23|0x0000000084d00000, 0x0000000084e00000, 0x0000000084e00000|100%| O|  |TAMS 0x0000000084e00000, 0x0000000084d00000| Untracked 
|  24|0x0000000084e00000, 0x0000000084f00000, 0x0000000084f00000|100%| O|  |TAMS 0x0000000084f00000, 0x0000000084e00000| Untracked 
|  25|0x0000000084f00000, 0x0000000085000000, 0x0000000085000000|100%| O|  |TAMS 0x0000000085000000, 0x0000000084f00000| Untracked 
|  26|0x0000000085000000, 0x0000000085100000, 0x0000000085100000|100%| O|  |TAMS 0x0000000085100000, 0x0000000085000000| Untracked 
|  27|0x0000000085100000, 0x0000000085200000, 0x0000000085200000|100%| O|  |TAMS 0x0000000085200000, 0x0000000085100000| Untracked 
|  28|0x0000000085200000, 0x0000000085300000, 0x0000000085300000|100%| O|  |TAMS 0x0000000085300000, 0x0000000085200000| Untracked 
|  29|0x0000000085300000, 0x0000000085400000, 0x0000000085400000|100%| O|  |TAMS 0x0000000085400000, 0x0000000085300000| Untracked 
|  30|0x0000000085400000, 0x0000000085500000, 0x0000000085500000|100%| O|  |TAMS 0x0000000085400000, 0x0000000085400000| Untracked 
|  31|0x0000000085500000, 0x0000000085600000, 0x0000000085600000|100%| O|  |TAMS 0x0000000085600000, 0x0000000085500000| Untracked 
|  32|0x0000000085600000, 0x0000000085600000, 0x0000000085700000|  0%| F|  |TAMS 0x0000000085600000, 0x0000000085600000| Untracked 
|  33|0x0000000085700000, 0x0000000085800000, 0x0000000085800000|100%| O|  |TAMS 0x0000000085800000, 0x0000000085700000| Untracked 
|  34|0x0000000085800000, 0x0000000085900000, 0x0000000085900000|100%| O|  |TAMS 0x0000000085900000, 0x0000000085800000| Untracked 
|  35|0x0000000085900000, 0x0000000085a00000, 0x0000000085a00000|100%| O|  |TAMS 0x0000000085a00000, 0x0000000085900000| Untracked 
|  36|0x0000000085a00000, 0x0000000085b00000, 0x0000000085b00000|100%| O|  |TAMS 0x0000000085b00000, 0x0000000085a00000| Untracked 
|  37|0x0000000085b00000, 0x0000000085c00000, 0x0000000085c00000|100%| O|  |TAMS 0x0000000085c00000, 0x0000000085b00000| Untracked 
|  38|0x0000000085c00000, 0x0000000085d00000, 0x0000000085d00000|100%| O|  |TAMS 0x0000000085d00000, 0x0000000085c00000| Untracked 
|  39|0x0000000085d00000, 0x0000000085e00000, 0x0000000085e00000|100%| O|  |TAMS 0x0000000085e00000, 0x0000000085d00000| Untracked 
|  40|0x0000000085e00000, 0x0000000085f00000, 0x0000000085f00000|100%| O|  |TAMS 0x0000000085f00000, 0x0000000085e00000| Untracked 
|  41|0x0000000085f00000, 0x0000000086000000, 0x0000000086000000|100%| O|  |TAMS 0x0000000086000000, 0x0000000085f00000| Untracked 
|  42|0x0000000086000000, 0x0000000086100000, 0x0000000086100000|100%| O|  |TAMS 0x0000000086100000, 0x0000000086000000| Untracked 
|  43|0x0000000086100000, 0x0000000086200000, 0x0000000086200000|100%| O|  |TAMS 0x0000000086200000, 0x0000000086100000| Untracked 
|  44|0x0000000086200000, 0x0000000086300000, 0x0000000086300000|100%| O|  |TAMS 0x0000000086300000, 0x0000000086200000| Untracked 
|  45|0x0000000086300000, 0x0000000086300000, 0x0000000086400000|  0%| F|  |TAMS 0x0000000086300000, 0x0000000086300000| Untracked 
|  46|0x0000000086400000, 0x0000000086500000, 0x0000000086500000|100%| O|  |TAMS 0x0000000086447a00, 0x0000000086400000| Untracked 
|  47|0x0000000086500000, 0x00000000865b5e00, 0x0000000086600000| 71%| O|  |TAMS 0x0000000086500000, 0x0000000086500000| Untracked 
|  48|0x0000000086600000, 0x0000000086600000, 0x0000000086700000|  0%| F|  |TAMS 0x0000000086600000, 0x0000000086600000| Untracked 
|  49|0x0000000086700000, 0x0000000086700000, 0x0000000086800000|  0%| F|  |TAMS 0x0000000086700000, 0x0000000086700000| Untracked 
|  50|0x0000000086800000, 0x0000000086800000, 0x0000000086900000|  0%| F|  |TAMS 0x0000000086800000, 0x0000000086800000| Untracked 
|  51|0x0000000086900000, 0x0000000086900000, 0x0000000086a00000|  0%| F|  |TAMS 0x0000000086900000, 0x0000000086900000| Untracked 
|  52|0x0000000086a00000, 0x0000000086a00000, 0x0000000086b00000|  0%| F|  |TAMS 0x0000000086a00000, 0x0000000086a00000| Untracked 
|  53|0x0000000086b00000, 0x0000000086b00000, 0x0000000086c00000|  0%| F|  |TAMS 0x0000000086b00000, 0x0000000086b00000| Untracked 
|  54|0x0000000086c00000, 0x0000000086c00000, 0x0000000086d00000|  0%| F|  |TAMS 0x0000000086c00000, 0x0000000086c00000| Untracked 
|  55|0x0000000086d00000, 0x0000000086d00000, 0x0000000086e00000|  0%| F|  |TAMS 0x0000000086d00000, 0x0000000086d00000| Untracked 
|  56|0x0000000086e00000, 0x0000000086e00000, 0x0000000086f00000|  0%| F|  |TAMS 0x0000000086e00000, 0x0000000086e00000| Untracked 
|  57|0x0000000086f00000, 0x0000000086f00000, 0x0000000087000000|  0%| F|  |TAMS 0x0000000086f00000, 0x0000000086f00000| Untracked 
|  58|0x0000000087000000, 0x0000000087000000, 0x0000000087100000|  0%| F|  |TAMS 0x0000000087000000, 0x0000000087000000| Untracked 
|  59|0x0000000087100000, 0x0000000087100000, 0x0000000087200000|  0%| F|  |TAMS 0x0000000087100000, 0x0000000087100000| Untracked 
|  60|0x0000000087200000, 0x0000000087200000, 0x0000000087300000|  0%| F|  |TAMS 0x0000000087200000, 0x0000000087200000| Untracked 
|  61|0x0000000087300000, 0x0000000087300000, 0x0000000087400000|  0%| F|  |TAMS 0x0000000087300000, 0x0000000087300000| Untracked 
|  62|0x0000000087400000, 0x0000000087400000, 0x0000000087500000|  0%| F|  |TAMS 0x0000000087400000, 0x0000000087400000| Untracked 
|  63|0x0000000087500000, 0x0000000087500000, 0x0000000087600000|  0%| F|  |TAMS 0x0000000087500000, 0x0000000087500000| Untracked 
|  64|0x0000000087600000, 0x0000000087600000, 0x0000000087700000|  0%| F|  |TAMS 0x0000000087600000, 0x0000000087600000| Untracked 
|  65|0x0000000087700000, 0x0000000087700000, 0x0000000087800000|  0%| F|  |TAMS 0x0000000087700000, 0x0000000087700000| Untracked 
|  66|0x0000000087800000, 0x0000000087800000, 0x0000000087900000|  0%| F|  |TAMS 0x0000000087800000, 0x0000000087800000| Untracked 
|  67|0x0000000087900000, 0x0000000087980800, 0x0000000087a00000| 50%| E|  |TAMS 0x0000000087900000, 0x0000000087900000| Complete 
|  68|0x0000000087a00000, 0x0000000087b00000, 0x0000000087b00000|100%| E|CS|TAMS 0x0000000087a00000, 0x0000000087a00000| Complete 
|  69|0x0000000087b00000, 0x0000000087c00000, 0x0000000087c00000|100%| E|CS|TAMS 0x0000000087b00000, 0x0000000087b00000| Complete 
|  70|0x0000000087c00000, 0x0000000087d00000, 0x0000000087d00000|100%| E|CS|TAMS 0x0000000087c00000, 0x0000000087c00000| Complete 
|  71|0x0000000087d00000, 0x0000000087e00000, 0x0000000087e00000|100%| E|CS|TAMS 0x0000000087d00000, 0x0000000087d00000| Complete 
|  72|0x0000000087e00000, 0x0000000087f00000, 0x0000000087f00000|100%| E|CS|TAMS 0x0000000087e00000, 0x0000000087e00000| Complete 
|  73|0x0000000087f00000, 0x0000000088000000, 0x0000000088000000|100%| E|CS|TAMS 0x0000000087f00000, 0x0000000087f00000| Complete 
|  74|0x0000000088000000, 0x0000000088100000, 0x0000000088100000|100%| E|CS|TAMS 0x0000000088000000, 0x0000000088000000| Complete 
|  75|0x0000000088100000, 0x0000000088200000, 0x0000000088200000|100%| E|CS|TAMS 0x0000000088100000, 0x0000000088100000| Complete 
|  76|0x0000000088200000, 0x0000000088300000, 0x0000000088300000|100%| E|CS|TAMS 0x0000000088200000, 0x0000000088200000| Complete 
|  77|0x0000000088300000, 0x0000000088400000, 0x0000000088400000|100%| E|CS|TAMS 0x0000000088300000, 0x0000000088300000| Complete 
|  78|0x0000000088400000, 0x0000000088500000, 0x0000000088500000|100%| E|CS|TAMS 0x0000000088400000, 0x0000000088400000| Complete 
|  79|0x0000000088500000, 0x0000000088600000, 0x0000000088600000|100%| E|CS|TAMS 0x0000000088500000, 0x0000000088500000| Complete 
|  80|0x0000000088600000, 0x0000000088700000, 0x0000000088700000|100%| E|CS|TAMS 0x0000000088600000, 0x0000000088600000| Complete 
|  81|0x0000000088700000, 0x0000000088800000, 0x0000000088800000|100%| E|CS|TAMS 0x0000000088700000, 0x0000000088700000| Complete 
|  82|0x0000000088800000, 0x0000000088900000, 0x0000000088900000|100%| E|CS|TAMS 0x0000000088800000, 0x0000000088800000| Complete 
|  83|0x0000000088900000, 0x0000000088a00000, 0x0000000088a00000|100%| E|CS|TAMS 0x0000000088900000, 0x0000000088900000| Complete 
|  84|0x0000000088a00000, 0x0000000088b00000, 0x0000000088b00000|100%| E|CS|TAMS 0x0000000088a00000, 0x0000000088a00000| Complete 
|  85|0x0000000088b00000, 0x0000000088c00000, 0x0000000088c00000|100%| E|CS|TAMS 0x0000000088b00000, 0x0000000088b00000| Complete 
|  86|0x0000000088c00000, 0x0000000088d00000, 0x0000000088d00000|100%| E|CS|TAMS 0x0000000088c00000, 0x0000000088c00000| Complete 
|  87|0x0000000088d00000, 0x0000000088e00000, 0x0000000088e00000|100%| E|CS|TAMS 0x0000000088d00000, 0x0000000088d00000| Complete 
|  88|0x0000000088e00000, 0x0000000088f00000, 0x0000000088f00000|100%| E|CS|TAMS 0x0000000088e00000, 0x0000000088e00000| Complete 
|  89|0x0000000088f00000, 0x0000000089000000, 0x0000000089000000|100%| E|CS|TAMS 0x0000000088f00000, 0x0000000088f00000| Complete 
|  90|0x0000000089000000, 0x0000000089100000, 0x0000000089100000|100%| E|CS|TAMS 0x0000000089000000, 0x0000000089000000| Complete 
|  91|0x0000000089100000, 0x0000000089200000, 0x0000000089200000|100%| E|CS|TAMS 0x0000000089100000, 0x0000000089100000| Complete 
|  92|0x0000000089200000, 0x0000000089300000, 0x0000000089300000|100%| E|CS|TAMS 0x0000000089200000, 0x0000000089200000| Complete 
|  93|0x0000000089300000, 0x0000000089400000, 0x0000000089400000|100%| E|CS|TAMS 0x0000000089300000, 0x0000000089300000| Complete 
|  94|0x0000000089400000, 0x0000000089500000, 0x0000000089500000|100%| E|CS|TAMS 0x0000000089400000, 0x0000000089400000| Complete 
|  95|0x0000000089500000, 0x0000000089600000, 0x0000000089600000|100%| E|CS|TAMS 0x0000000089500000, 0x0000000089500000| Complete 
|  96|0x0000000089600000, 0x0000000089700000, 0x0000000089700000|100%| E|CS|TAMS 0x0000000089600000, 0x0000000089600000| Complete 
|  97|0x0000000089700000, 0x0000000089800000, 0x0000000089800000|100%| E|CS|TAMS 0x0000000089700000, 0x0000000089700000| Complete 
|  98|0x0000000089800000, 0x0000000089900000, 0x0000000089900000|100%| E|CS|TAMS 0x0000000089800000, 0x0000000089800000| Complete 
|  99|0x0000000089900000, 0x0000000089a00000, 0x0000000089a00000|100%| E|CS|TAMS 0x0000000089900000, 0x0000000089900000| Complete 
| 100|0x0000000089a00000, 0x0000000089b00000, 0x0000000089b00000|100%| E|CS|TAMS 0x0000000089a00000, 0x0000000089a00000| Complete 
| 101|0x0000000089b00000, 0x0000000089c00000, 0x0000000089c00000|100%| E|CS|TAMS 0x0000000089b00000, 0x0000000089b00000| Complete 
| 102|0x0000000089c00000, 0x0000000089d00000, 0x0000000089d00000|100%| E|CS|TAMS 0x0000000089c00000, 0x0000000089c00000| Complete 
| 103|0x0000000089d00000, 0x0000000089e00000, 0x0000000089e00000|100%| E|CS|TAMS 0x0000000089d00000, 0x0000000089d00000| Complete 
| 104|0x0000000089e00000, 0x0000000089f00000, 0x0000000089f00000|100%| E|CS|TAMS 0x0000000089e00000, 0x0000000089e00000| Complete 
| 105|0x0000000089f00000, 0x000000008a000000, 0x000000008a000000|100%| E|CS|TAMS 0x0000000089f00000, 0x0000000089f00000| Complete 
| 106|0x000000008a000000, 0x000000008a100000, 0x000000008a100000|100%| E|CS|TAMS 0x000000008a000000, 0x000000008a000000| Complete 
| 107|0x000000008a100000, 0x000000008a200000, 0x000000008a200000|100%| E|CS|TAMS 0x000000008a100000, 0x000000008a100000| Complete 
| 108|0x000000008a200000, 0x000000008a300000, 0x000000008a300000|100%| E|CS|TAMS 0x000000008a200000, 0x000000008a200000| Complete 
| 109|0x000000008a300000, 0x000000008a400000, 0x000000008a400000|100%| E|CS|TAMS 0x000000008a300000, 0x000000008a300000| Complete 
| 110|0x000000008a400000, 0x000000008a500000, 0x000000008a500000|100%| E|CS|TAMS 0x000000008a400000, 0x000000008a400000| Complete 
| 111|0x000000008a500000, 0x000000008a600000, 0x000000008a600000|100%| E|CS|TAMS 0x000000008a500000, 0x000000008a500000| Complete 
| 112|0x000000008a600000, 0x000000008a700000, 0x000000008a700000|100%| E|CS|TAMS 0x000000008a600000, 0x000000008a600000| Complete 
| 113|0x000000008a700000, 0x000000008a800000, 0x000000008a800000|100%| E|CS|TAMS 0x000000008a700000, 0x000000008a700000| Complete 
| 114|0x000000008a800000, 0x000000008a900000, 0x000000008a900000|100%| E|CS|TAMS 0x000000008a800000, 0x000000008a800000| Complete 
| 115|0x000000008a900000, 0x000000008aa00000, 0x000000008aa00000|100%| E|CS|TAMS 0x000000008a900000, 0x000000008a900000| Complete 
| 116|0x000000008aa00000, 0x000000008ab00000, 0x000000008ab00000|100%| E|CS|TAMS 0x000000008aa00000, 0x000000008aa00000| Complete 
| 117|0x000000008ab00000, 0x000000008ac00000, 0x000000008ac00000|100%| E|CS|TAMS 0x000000008ab00000, 0x000000008ab00000| Complete 
| 118|0x000000008ac00000, 0x000000008ad00000, 0x000000008ad00000|100%| E|CS|TAMS 0x000000008ac00000, 0x000000008ac00000| Complete 
| 119|0x000000008ad00000, 0x000000008ae00000, 0x000000008ae00000|100%| E|CS|TAMS 0x000000008ad00000, 0x000000008ad00000| Complete 
| 120|0x000000008ae00000, 0x000000008af00000, 0x000000008af00000|100%| E|CS|TAMS 0x000000008ae00000, 0x000000008ae00000| Complete 
| 121|0x000000008af00000, 0x000000008b000000, 0x000000008b000000|100%| E|CS|TAMS 0x000000008af00000, 0x000000008af00000| Complete 
| 122|0x000000008b000000, 0x000000008b100000, 0x000000008b100000|100%| E|CS|TAMS 0x000000008b000000, 0x000000008b000000| Complete 
| 123|0x000000008b100000, 0x000000008b200000, 0x000000008b200000|100%| E|CS|TAMS 0x000000008b100000, 0x000000008b100000| Complete 
| 124|0x000000008b200000, 0x000000008b300000, 0x000000008b300000|100%| E|CS|TAMS 0x000000008b200000, 0x000000008b200000| Complete 
| 125|0x000000008b300000, 0x000000008b400000, 0x000000008b400000|100%| E|CS|TAMS 0x000000008b300000, 0x000000008b300000| Complete 
| 126|0x000000008b400000, 0x000000008b500000, 0x000000008b500000|100%| E|CS|TAMS 0x000000008b400000, 0x000000008b400000| Complete 
| 127|0x000000008b500000, 0x000000008b600000, 0x000000008b600000|100%| E|CS|TAMS 0x000000008b500000, 0x000000008b500000| Complete 
| 128|0x000000008b600000, 0x000000008b700000, 0x000000008b700000|100%| E|CS|TAMS 0x000000008b600000, 0x000000008b600000| Complete 
| 129|0x000000008b700000, 0x000000008b800000, 0x000000008b800000|100%| E|CS|TAMS 0x000000008b700000, 0x000000008b700000| Complete 
| 130|0x000000008b800000, 0x000000008b900000, 0x000000008b900000|100%| E|CS|TAMS 0x000000008b800000, 0x000000008b800000| Complete 
| 131|0x000000008b900000, 0x000000008b90f2b8, 0x000000008ba00000|  5%| S|CS|TAMS 0x000000008b900000, 0x000000008b900000| Complete 
| 132|0x000000008ba00000, 0x000000008bb00000, 0x000000008bb00000|100%| E|CS|TAMS 0x000000008ba00000, 0x000000008ba00000| Complete 
| 215|0x0000000090d00000, 0x0000000090e00000, 0x0000000090e00000|100%| E|CS|TAMS 0x0000000090d00000, 0x0000000090d00000| Complete 
| 216|0x0000000090e00000, 0x0000000090f00000, 0x0000000090f00000|100%| E|CS|TAMS 0x0000000090e00000, 0x0000000090e00000| Complete 
| 217|0x0000000090f00000, 0x0000000091000000, 0x0000000091000000|100%| E|CS|TAMS 0x0000000090f00000, 0x0000000090f00000| Complete 
| 218|0x0000000091000000, 0x0000000091100000, 0x0000000091100000|100%| E|CS|TAMS 0x0000000091000000, 0x0000000091000000| Complete 

Card table byte_map: [0x0000000019ab0000,0x0000000019ea0000] _byte_map_base: 0x0000000019695000

Marking Bits (Prev, Next): (CMBitMap*) 0x0000000002b377a0, (CMBitMap*) 0x0000000002b37760
 Prev Bits: [0x000000001c1c0000, 0x000000001e0e8000)
 Next Bits: [0x000000001a290000, 0x000000001c1b8000)

Polling page: 0x00000000009c0000

Metaspace:

Usage:
  Non-class:     64.10 MB used.
      Class:      9.90 MB used.
       Both:     74.00 MB used.

Virtual space:
  Non-class space:      128.00 MB reserved,      64.56 MB ( 50%) committed,  2 nodes.
      Class space:        1.00 GB reserved,      10.25 MB (  1%) committed,  1 nodes.
             Both:        1.12 GB reserved,      74.81 MB (  6%) committed. 

Chunk freelists:
   Non-Class:  15.68 MB
       Class:  5.90 MB
        Both:  21.58 MB

MaxMetaspaceSize: unlimited
CompressedClassSpaceSize: 1.00 GB
Initial GC threshold: 21.00 MB
Current GC threshold: 124.50 MB
CDS: on
MetaspaceReclaimPolicy: balanced
 - commit_granule_bytes: 65536.
 - commit_granule_words: 8192.
 - virtual_space_node_default_size: 8388608.
 - enlarge_chunks_in_place: 1.
 - new_chunks_are_fully_committed: 0.
 - uncommit_free_chunks: 1.
 - use_allocation_guard: 0.
 - handle_deallocations: 1.


Internal statistics:

num_allocs_failed_limit: 12.
num_arena_births: 900.
num_arena_deaths: 294.
num_vsnodes_births: 3.
num_vsnodes_deaths: 0.
num_space_committed: 1197.
num_space_uncommitted: 0.
num_chunks_returned_to_freelist: 346.
num_chunks_taken_from_freelist: 3746.
num_chunk_merges: 115.
num_chunk_splits: 2663.
num_chunks_enlarged: 2043.
num_inconsistent_stats: 0.

CodeHeap 'non-profiled nmethods': size=120000Kb used=5648Kb max_used=5648Kb free=114351Kb
 bounds [0x0000000011e50000, 0x00000000123e0000, 0x0000000019380000]
CodeHeap 'profiled nmethods': size=120000Kb used=15776Kb max_used=15776Kb free=104223Kb
 bounds [0x000000000a380000, 0x000000000b2f0000, 0x00000000118b0000]
CodeHeap 'non-nmethods': size=5760Kb used=1368Kb max_used=1444Kb free=4391Kb
 bounds [0x00000000118b0000, 0x0000000011b20000, 0x0000000011e50000]
 total_blobs=9185 nmethods=8498 adapters=598
 compilation: enabled
              stopped_count=0, restarted_count=0
 full_count=0

Compilation events (20 events):
Event: 8539.856 Thread 0x0000000020e11220 nmethod 9323 0x000000000b2e0f90 code [0x000000000b2e1120, 0x000000000b2e1218]
Event: 8539.860 Thread 0x0000000020e11220 9324       3       com.mysql.cj.protocol.a.MysqlTextValueDecoder::decodeInt8 (16 bytes)
Event: 8539.861 Thread 0x0000000020e11220 nmethod 9324 0x000000000b2e1290 code [0x000000000b2e1440, 0x000000000b2e1658]
Event: 8539.865 Thread 0x0000000020e11220 9325       3       com.mysql.cj.protocol.a.TimeTrackingPacketSender::send (28 bytes)
Event: 8539.866 Thread 0x0000000020e11220 nmethod 9325 0x000000000b2e1790 code [0x000000000b2e1940, 0x000000000b2e1b48]
Event: 8588.650 Thread 0x0000000020e10860 9326       4       org.apache.coyote.AbstractProtocol$$Lambda$1597/0x0000000023a36648::run (8 bytes)
Event: 8588.735 Thread 0x0000000020e10860 nmethod 9326 0x00000000123d2a10 code [0x00000000123d2ba0, 0x00000000123d2e78]
Event: 8790.518 Thread 0x0000000020e11220 9327   !   3       org.apache.catalina.core.StandardContext::bind (168 bytes)
Event: 8790.546 Thread 0x0000000020e11220 nmethod 9327 0x000000000b2e1c10 code [0x000000000b2e1fa0, 0x000000000b2e3df8]
Event: 8790.546 Thread 0x0000000020e11220 9328   !   3       org.apache.catalina.core.StandardContext::unbind (92 bytes)
Event: 8790.546 Thread 0x0000000020e11220 nmethod 9328 0x000000000b2e4710 code [0x000000000b2e49a0, 0x000000000b2e59c8]
Event: 8936.785 Thread 0x0000000020e11220 9329       1       org.springframework.boot.devtools.filewatch.FileSnapshot::getFile (5 bytes)
Event: 8936.785 Thread 0x0000000020e11220 nmethod 9329 0x00000000123d3210 code [0x00000000123d33a0, 0x00000000123d3478]
Event: 8936.808 Thread 0x0000000020e11220 9330   !   3       org.springframework.util.ClassUtils::isPresent (31 bytes)
Event: 8936.811 Thread 0x0000000020e11220 nmethod 9330 0x000000000b2e5e10 code [0x000000000b2e5fe0, 0x000000000b2e6378]
Event: 8936.885 Thread 0x0000000020e11220 9331       3       org.springframework.util.AntPathMatcher::skipSegment (75 bytes)
Event: 8936.889 Thread 0x0000000020e11220 nmethod 9331 0x000000000b2e6510 code [0x000000000b2e67c0, 0x000000000b2e76c8]
Event: 8936.925 Thread 0x0000000020e10860 9332       4       org.springframework.util.ConcurrentReferenceHashMap$Segment::restructureIfNecessary (56 bytes)
Event: 8936.949 Thread 0x0000000020e10860 nmethod 9332 0x00000000123d3510 code [0x00000000123d36a0, 0x00000000123d3cc8]
Event: 8936.949 Thread 0x0000000020e10860 9333       4       org.springframework.util.ConcurrentReferenceHashMap::get (37 bytes)

GC Heap History (20 events):
Event: 7.048 GC heap before
{Heap before GC invocations=25 (full 0):
 garbage-first heap   total 94208K, used 76490K [0x0000000083600000, 0x0000000100000000)
  region size 1024K, 42 young (43008K), 2 survivors (2048K)
 Metaspace       used 63619K, committed 64192K, reserved 1114112K
  class space    used 8780K, committed 9024K, reserved 1048576K
}
Event: 7.052 GC heap after
{Heap after GC invocations=26 (full 0):
 garbage-first heap   total 224256K, used 36911K [0x0000000083600000, 0x0000000100000000)
  region size 1024K, 4 young (4096K), 4 survivors (4096K)
 Metaspace       used 63619K, committed 64192K, reserved 1114112K
  class space    used 8780K, committed 9024K, reserved 1048576K
}
Event: 7.504 GC heap before
{Heap before GC invocations=27 (full 0):
 garbage-first heap   total 140288K, used 101423K [0x0000000083600000, 0x0000000100000000)
  region size 1024K, 68 young (69632K), 4 survivors (4096K)
 Metaspace       used 65603K, committed 66176K, reserved 1114112K
  class space    used 9004K, committed 9280K, reserved 1048576K
}
Event: 7.510 GC heap after
{Heap after GC invocations=28 (full 0):
 garbage-first heap   total 140288K, used 40999K [0x0000000083600000, 0x0000000100000000)
  region size 1024K, 8 young (8192K), 8 survivors (8192K)
 Metaspace       used 65603K, committed 66176K, reserved 1114112K
  class space    used 9004K, committed 9280K, reserved 1048576K
}
Event: 8.663 GC heap before
{Heap before GC invocations=29 (full 0):
 garbage-first heap   total 140288K, used 112679K [0x0000000083600000, 0x0000000100000000)
  region size 1024K, 78 young (79872K), 8 survivors (8192K)
 Metaspace       used 75763K, committed 76352K, reserved 1179648K
  class space    used 10187K, committed 10496K, reserved 1048576K
}
Event: 8.675 GC heap after
{Heap after GC invocations=30 (full 0):
 garbage-first heap   total 140288K, used 46854K [0x0000000083600000, 0x0000000100000000)
  region size 1024K, 10 young (10240K), 10 survivors (10240K)
 Metaspace       used 75763K, committed 76352K, reserved 1179648K
  class space    used 10187K, committed 10496K, reserved 1048576K
}
Event: 506.725 GC heap before
{Heap before GC invocations=30 (full 0):
 garbage-first heap   total 140288K, used 111366K [0x0000000083600000, 0x0000000100000000)
  region size 1024K, 73 young (74752K), 10 survivors (10240K)
 Metaspace       used 75932K, committed 76480K, reserved 1179648K
  class space    used 10198K, committed 10496K, reserved 1048576K
}
Event: 506.736 GC heap after
{Heap after GC invocations=31 (full 0):
 garbage-first heap   total 140288K, used 48124K [0x0000000083600000, 0x0000000100000000)
  region size 1024K, 2 young (2048K), 2 survivors (2048K)
 Metaspace       used 75932K, committed 76480K, reserved 1179648K
  class space    used 10198K, committed 10496K, reserved 1048576K
}
Event: 1024.985 GC heap before
{Heap before GC invocations=32 (full 0):
 garbage-first heap   total 140288K, used 113660K [0x0000000083600000, 0x0000000100000000)
  region size 1024K, 66 young (67584K), 2 survivors (2048K)
 Metaspace       used 75948K, committed 76608K, reserved 1179648K
  class space    used 10198K, committed 10496K, reserved 1048576K
}
Event: 1024.987 GC heap after
{Heap after GC invocations=33 (full 0):
 garbage-first heap   total 140288K, used 46888K [0x0000000083600000, 0x0000000100000000)
  region size 1024K, 1 young (1024K), 1 survivors (1024K)
 Metaspace       used 75948K, committed 76608K, reserved 1179648K
  class space    used 10198K, committed 10496K, reserved 1048576K
}
Event: 1065.867 GC heap before
{Heap before GC invocations=33 (full 0):
 garbage-first heap   total 140288K, used 52008K [0x0000000083600000, 0x0000000100000000)
  region size 1024K, 6 young (6144K), 1 survivors (1024K)
 Metaspace       used 75948K, committed 76608K, reserved 1179648K
  class space    used 10198K, committed 10496K, reserved 1048576K
}
Event: 1065.870 GC heap after
{Heap after GC invocations=34 (full 0):
 garbage-first heap   total 140288K, used 46173K [0x0000000083600000, 0x0000000100000000)
  region size 1024K, 1 young (1024K), 1 survivors (1024K)
 Metaspace       used 75948K, committed 76608K, reserved 1179648K
  class space    used 10198K, committed 10496K, reserved 1048576K
}
Event: 1613.012 GC heap before
{Heap before GC invocations=34 (full 0):
 garbage-first heap   total 140288K, used 114781K [0x0000000083600000, 0x0000000100000000)
  region size 1024K, 68 young (69632K), 1 survivors (1024K)
 Metaspace       used 75952K, committed 76608K, reserved 1179648K
  class space    used 10198K, committed 10496K, reserved 1048576K
}
Event: 1613.013 GC heap after
{Heap after GC invocations=35 (full 0):
 garbage-first heap   total 140288K, used 46092K [0x0000000083600000, 0x0000000100000000)
  region size 1024K, 1 young (1024K), 1 survivors (1024K)
 Metaspace       used 75952K, committed 76608K, reserved 1179648K
  class space    used 10198K, committed 10496K, reserved 1048576K
}
Event: 2798.535 GC heap before
{Heap before GC invocations=35 (full 0):
 garbage-first heap   total 140288K, used 116748K [0x0000000083600000, 0x0000000100000000)
  region size 1024K, 70 young (71680K), 1 survivors (1024K)
 Metaspace       used 76018K, committed 76608K, reserved 1179648K
  class space    used 10207K, committed 10496K, reserved 1048576K
}
Event: 2798.572 GC heap after
{Heap after GC invocations=36 (full 0):
 garbage-first heap   total 140288K, used 46703K [0x0000000083600000, 0x0000000100000000)
  region size 1024K, 1 young (1024K), 1 survivors (1024K)
 Metaspace       used 76018K, committed 76608K, reserved 1179648K
  class space    used 10207K, committed 10496K, reserved 1048576K
}
Event: 3366.647 GC heap before
{Heap before GC invocations=37 (full 0):
 garbage-first heap   total 140288K, used 118383K [0x0000000083600000, 0x0000000100000000)
  region size 1024K, 71 young (72704K), 1 survivors (1024K)
 Metaspace       used 75718K, committed 76608K, reserved 1179648K
  class space    used 10133K, committed 10496K, reserved 1048576K
}
Event: 3366.653 GC heap after
{Heap after GC invocations=38 (full 0):
 garbage-first heap   total 140288K, used 46709K [0x0000000083600000, 0x0000000100000000)
  region size 1024K, 1 young (1024K), 1 survivors (1024K)
 Metaspace       used 75718K, committed 76608K, reserved 1179648K
  class space    used 10133K, committed 10496K, reserved 1048576K
}
Event: 3407.276 GC heap before
{Heap before GC invocations=38 (full 0):
 garbage-first heap   total 140288K, used 51829K [0x0000000083600000, 0x0000000100000000)
  region size 1024K, 6 young (6144K), 1 survivors (1024K)
 Metaspace       used 75718K, committed 76608K, reserved 1179648K
  class space    used 10133K, committed 10496K, reserved 1048576K
}
Event: 3407.293 GC heap after
{Heap after GC invocations=39 (full 0):
 garbage-first heap   total 140288K, used 45844K [0x0000000083600000, 0x0000000100000000)
  region size 1024K, 1 young (1024K), 1 survivors (1024K)
 Metaspace       used 75718K, committed 76608K, reserved 1179648K
  class space    used 10133K, committed 10496K, reserved 1048576K
}

Deoptimization events (20 events):
Event: 8936.931 Thread 0x000000006b9997c0 Uncommon trap: trap_request=0xfffffff4 fr.pc=0x0000000012093390 relative=0x00000000000005d0
Event: 8936.932 Thread 0x000000006b9997c0 Uncommon trap: reason=null_check action=make_not_entrant pc=0x0000000012093390 method=java.lang.Class.reflectionData()Ljava/lang/Class$ReflectionData; @ 18 c2
Event: 8936.932 Thread 0x000000006b9997c0 DEOPT PACKING pc=0x0000000012093390 sp=0x000000006991ee30
Event: 8936.932 Thread 0x000000006b9997c0 DEOPT UNPACKING pc=0x0000000011905ba3 sp=0x000000006991ed78 mode 2
Event: 8936.932 Thread 0x000000006b9997c0 Uncommon trap: trap_request=0xfffffff4 fr.pc=0x000000001208f8f0 relative=0x00000000000003d0
Event: 8936.932 Thread 0x000000006b9997c0 Uncommon trap: reason=null_check action=make_not_entrant pc=0x000000001208f8f0 method=java.lang.Class.reflectionData()Ljava/lang/Class$ReflectionData; @ 18 c2
Event: 8936.932 Thread 0x000000006b9997c0 DEOPT PACKING pc=0x000000001208f8f0 sp=0x000000006991ed50
Event: 8936.932 Thread 0x000000006b9997c0 DEOPT UNPACKING pc=0x0000000011905ba3 sp=0x000000006991ed08 mode 2
Event: 8936.955 Thread 0x000000006b9997c0 Uncommon trap: trap_request=0xfffffff4 fr.pc=0x0000000011fff7a4 relative=0x0000000000001584
Event: 8936.955 Thread 0x000000006b9997c0 Uncommon trap: reason=null_check action=make_not_entrant pc=0x0000000011fff7a4 method=java.lang.Class.reflectionData()Ljava/lang/Class$ReflectionData; @ 18 c2
Event: 8936.956 Thread 0x000000006b9997c0 DEOPT PACKING pc=0x0000000011fff7a4 sp=0x000000006991ece0
Event: 8936.957 Thread 0x000000006b9997c0 DEOPT UNPACKING pc=0x0000000011905ba3 sp=0x000000006991ea10 mode 2
Event: 8936.959 Thread 0x000000006b9997c0 Uncommon trap: trap_request=0xfffffff4 fr.pc=0x0000000012348cec relative=0x00000000000022cc
Event: 8936.959 Thread 0x000000006b9997c0 Uncommon trap: reason=null_check action=make_not_entrant pc=0x0000000012348cec method=java.lang.Class.reflectionData()Ljava/lang/Class$ReflectionData; @ 18 c2
Event: 8936.961 Thread 0x000000006b9997c0 DEOPT PACKING pc=0x0000000012348cec sp=0x000000006991e9c0
Event: 8936.961 Thread 0x000000006b9997c0 DEOPT UNPACKING pc=0x0000000011905ba3 sp=0x000000006991e798 mode 2
Event: 8936.963 Thread 0x000000006b9997c0 Uncommon trap: trap_request=0xfffffff4 fr.pc=0x000000001229016c relative=0x0000000000000dac
Event: 8936.963 Thread 0x000000006b9997c0 Uncommon trap: reason=null_check action=make_not_entrant pc=0x000000001229016c method=java.lang.Class.reflectionData()Ljava/lang/Class$ReflectionData; @ 18 c2
Event: 8936.963 Thread 0x000000006b9997c0 DEOPT PACKING pc=0x000000001229016c sp=0x000000006991ebf0
Event: 8936.963 Thread 0x000000006b9997c0 DEOPT UNPACKING pc=0x0000000011905ba3 sp=0x000000006991ea68 mode 2

Classes unloaded (20 events):
Event: 2798.748 Thread 0x0000000020de9290 Unloading class 0x0000000023114400 'java/lang/invoke/LambdaForm$MH+0x0000000023114400'
Event: 2798.748 Thread 0x0000000020de9290 Unloading class 0x0000000023114000 'java/lang/invoke/LambdaForm$MH+0x0000000023114000'
Event: 2798.748 Thread 0x0000000020de9290 Unloading class 0x0000000023039400 'java/lang/invoke/LambdaForm$MH+0x0000000023039400'
Event: 2798.748 Thread 0x0000000020de9290 Unloading class 0x0000000023039000 'java/lang/invoke/LambdaForm$MH+0x0000000023039000'
Event: 2798.748 Thread 0x0000000020de9290 Unloading class 0x0000000023038c00 'java/lang/invoke/LambdaForm$MH+0x0000000023038c00'
Event: 2798.748 Thread 0x0000000020de9290 Unloading class 0x0000000023038800 'java/lang/invoke/LambdaForm$MH+0x0000000023038800'
Event: 2798.748 Thread 0x0000000020de9290 Unloading class 0x0000000023038400 'java/lang/invoke/LambdaForm$MH+0x0000000023038400'
Event: 2798.748 Thread 0x0000000020de9290 Unloading class 0x0000000023038000 'java/lang/invoke/LambdaForm$MH+0x0000000023038000'
Event: 2798.749 Thread 0x0000000020de9290 Unloading class 0x0000000023018c00 'java/lang/invoke/LambdaForm$MH+0x0000000023018c00'
Event: 2798.750 Thread 0x0000000020de9290 Unloading class 0x0000000023018800 'java/lang/invoke/LambdaForm$MH+0x0000000023018800'
Event: 2798.750 Thread 0x0000000020de9290 Unloading class 0x0000000023018000 'java/lang/invoke/LambdaForm$MH+0x0000000023018000'
Event: 2798.750 Thread 0x0000000020de9290 Unloading class 0x0000000023013c00 'java/lang/invoke/LambdaForm$MH+0x0000000023013c00'
Event: 2798.750 Thread 0x0000000020de9290 Unloading class 0x0000000023012c00 'java/lang/invoke/LambdaForm$MH+0x0000000023012c00'
Event: 2798.750 Thread 0x0000000020de9290 Unloading class 0x0000000023012400 'java/lang/invoke/LambdaForm$MH+0x0000000023012400'
Event: 2798.750 Thread 0x0000000020de9290 Unloading class 0x0000000023012000 'java/lang/invoke/LambdaForm$MH+0x0000000023012000'
Event: 2798.750 Thread 0x0000000020de9290 Unloading class 0x0000000023011c00 'java/lang/invoke/LambdaForm$MH+0x0000000023011c00'
Event: 2798.750 Thread 0x0000000020de9290 Unloading class 0x0000000023011800 'java/lang/invoke/LambdaForm$MH+0x0000000023011800'
Event: 2798.750 Thread 0x0000000020de9290 Unloading class 0x0000000023011400 'java/lang/invoke/LambdaForm$MH+0x0000000023011400'
Event: 2798.750 Thread 0x0000000020de9290 Unloading class 0x0000000023010c00 'java/lang/invoke/LambdaForm$MH+0x0000000023010c00'
Event: 2798.750 Thread 0x0000000020de9290 Unloading class 0x0000000023010400 'java/lang/invoke/LambdaForm$MH+0x0000000023010400'

Classes redefined (0 events):
No events

Internal exceptions (20 events):
Event: 8.283 Thread 0x0000000067b7fa00 Exception <a 'java/lang/IncompatibleClassChangeError'{0x000000008903dd38}: Found class java.lang.Object, but interface was expected> (0x000000008903dd38) 
thrown [s\open\src\hotspot\share\interpreter\linkResolver.cpp, line 826]
Event: 8.327 Thread 0x0000000067b7fa00 Implicit null exception at 0x00000000120278ec to 0x000000001202799c
Event: 8.437 Thread 0x0000000067b7fa00 Exception <a 'java/lang/NoSuchMethodError'{0x00000000888187a8}: 'void java.lang.invoke.DirectMethodHandle$Holder.invokeVirtual(java.lang.Object, java.lang.Object, long)'> (0x00000000888187a8) 
thrown [s\open\src\hotspot\share\interpreter\linkResolver.cpp, line 759]
Event: 8.507 Thread 0x0000000067b7fa00 Exception <a 'java/lang/IncompatibleClassChangeError'{0x000000008843b428}: Found class java.lang.Object, but interface was expected> (0x000000008843b428) 
thrown [s\open\src\hotspot\share\interpreter\linkResolver.cpp, line 826]
Event: 8.599 Thread 0x0000000067b7fa00 Exception <a 'java/lang/NoSuchMethodError'{0x000000008765bb18}: 'void java.lang.invoke.DirectMethodHandle$Holder.invokeSpecial(java.lang.Object, java.lang.Object, int, java.lang.Object, java.lang.Object, java.lang.Object, java.lang.Object)'> (0x000000008765bb18) 
thrown [s\open\src\hotspot\share\interpreter\linkResolver.cpp, line 759]
Event: 8.600 Thread 0x0000000067b7fa00 Exception <a 'java/lang/NoSuchMethodError'{0x0000000087663c78}: 'java.lang.Object java.lang.invoke.DirectMethodHandle$Holder.newInvokeSpecial(java.lang.Object, java.lang.Object, int, java.lang.Object, java.lang.Object)'> (0x0000000087663c78) 
thrown [s\open\src\hotspot\share\interpreter\linkResolver.cpp, line 759]
Event: 8.603 Thread 0x0000000067b7fa00 Exception <a 'java/lang/NoSuchMethodError'{0x000000008766ef10}: 'java.lang.Object java.lang.invoke.DirectMethodHandle$Holder.invokeSpecial(java.lang.Object, java.lang.Object, int, java.lang.Object, int, java.lang.Object)'> (0x000000008766ef10) 
thrown [s\open\src\hotspot\share\interpreter\linkResolver.cpp, line 759]
Event: 8.603 Thread 0x0000000067b7fa00 Exception <a 'java/lang/NoSuchMethodError'{0x0000000087676f30}: 'java.lang.Object java.lang.invoke.DirectMethodHandle$Holder.newInvokeSpecial(java.lang.Object, java.lang.Object, int, java.lang.Object, int)'> (0x0000000087676f30) 
thrown [s\open\src\hotspot\share\interpreter\linkResolver.cpp, line 759]
Event: 8.604 Thread 0x0000000067b7fa00 Exception <a 'java/lang/NoSuchMethodError'{0x000000008767b030}: 'java.lang.Object java.lang.invoke.DirectMethodHandle$Holder.invokeSpecial(java.lang.Object, java.lang.Object, java.lang.Object, int, java.lang.Object, int)'> (0x000000008767b030) 
thrown [s\open\src\hotspot\share\interpreter\linkResolver.cpp, line 759]
Event: 8541.899 Thread 0x000000006a19ede0 Implicit null exception at 0x00000000123cef10 to 0x00000000123cf1a4
Event: 8560.328 Thread 0x000000006a19ede0 Implicit null exception at 0x00000000123cef10 to 0x00000000123cf1a4
Event: 8560.330 Thread 0x000000006a19ede0 Implicit null exception at 0x00000000123cef10 to 0x00000000123cf1a4
Event: 8560.335 Thread 0x000000006a19ede0 Implicit null exception at 0x00000000123cef10 to 0x00000000123cf1a4
Event: 8936.748 Thread 0x000000006b9997c0 Implicit null exception at 0x000000001211e0c5 to 0x0000000012123ae4
Event: 8936.925 Thread 0x000000006b9997c0 Implicit null exception at 0x000000001200e609 to 0x000000001200f7ac
Event: 8936.931 Thread 0x000000006b9997c0 Implicit null exception at 0x0000000012092e16 to 0x0000000012093370
Event: 8936.932 Thread 0x000000006b9997c0 Implicit null exception at 0x000000001208f56f to 0x000000001208f8d8
Event: 8936.955 Thread 0x000000006b9997c0 Implicit null exception at 0x0000000011ffe3b3 to 0x0000000011fff774
Event: 8936.959 Thread 0x000000006b9997c0 Implicit null exception at 0x0000000012347000 to 0x0000000012348c70
Event: 8936.963 Thread 0x000000006b9997c0 Implicit null exception at 0x000000001228f45d to 0x0000000012290148

VM Operations (20 events):
Event: 2799.034 Executing VM operation: G1Concurrent
Event: 2799.312 Executing VM operation: G1Concurrent done
Event: 3366.646 Executing VM operation: G1CollectForAllocation
Event: 3366.653 Executing VM operation: G1CollectForAllocation done
Event: 3407.275 Executing VM operation: G1CollectForAllocation
Event: 3407.293 Executing VM operation: G1CollectForAllocation done
Event: 3501.088 Executing VM operation: Cleanup
Event: 3501.088 Executing VM operation: Cleanup done
Event: 3520.252 Executing VM operation: Cleanup
Event: 3520.252 Executing VM operation: Cleanup done
Event: 3550.522 Executing VM operation: Cleanup
Event: 3550.523 Executing VM operation: Cleanup done
Event: 8536.665 Executing VM operation: HandshakeAllThreads
Event: 8536.666 Executing VM operation: HandshakeAllThreads done
Event: 8537.666 Executing VM operation: Cleanup
Event: 8539.362 Executing VM operation: Cleanup done
Event: 8540.467 Executing VM operation: Cleanup
Event: 8540.468 Executing VM operation: Cleanup done
Event: 8548.871 Executing VM operation: Cleanup
Event: 8560.332 Executing VM operation: Cleanup done

Events (20 events):
Event: 3550.259 Thread 0x000000006b997960 Thread added: 0x000000006b997960
Event: 3550.259 Thread 0x000000006822f430 Thread added: 0x000000006822f430
Event: 3555.268 Thread 0x000000006b997960 Thread exited: 0x000000006b997960
Event: 3555.284 Thread 0x000000006822f430 Thread exited: 0x000000006822f430
Event: 3557.602 Thread 0x000000006b997960 Thread added: 0x000000006b997960
Event: 3557.602 Thread 0x000000006822a840 Thread added: 0x000000006822a840
Event: 3562.707 Thread 0x000000006b997960 Thread exited: 0x000000006b997960
Event: 3562.724 Thread 0x000000006822a840 Thread exited: 0x000000006822a840
Event: 3565.210 Thread 0x000000006b997960 Thread added: 0x000000006b997960
Event: 3565.210 Thread 0x000000006822a330 Thread added: 0x000000006822a330
Event: 3577.750 Thread 0x000000006b997960 Thread exited: 0x000000006b997960
Event: 3577.766 Thread 0x000000006822a330 Thread exited: 0x000000006822a330
Event: 8538.631 Thread 0x000000006dea66e0 Thread added: 0x000000006dea66e0
Event: 8538.661 Thread 0x000000006b997960 Thread added: 0x000000006b997960
Event: 8538.662 Thread 0x000000006822ad50 Thread added: 0x000000006822ad50
Event: 8539.328 Thread 0x000000006dea66e0 Thread exited: 0x000000006dea66e0
Event: 8539.384 Thread 0x000000006dea66e0 Thread added: 0x000000006dea66e0
Event: 8544.500 Thread 0x000000006b997960 Thread exited: 0x000000006b997960
Event: 8544.869 Thread 0x000000006dea66e0 Thread exited: 0x000000006dea66e0
Event: 8544.886 Thread 0x000000006822ad50 Thread exited: 0x000000006822ad50


Dynamic libraries:
0x00007ff661ad0000 - 0x00007ff661ae0000 	C:\Program Files\Java\jdk-17\bin\java.exe
0x00007ffd6ad10000 - 0x00007ffd6af27000 	C:\WINDOWS\SYSTEM32\ntdll.dll
0x00007ffd69be0000 - 0x00007ffd69ca4000 	C:\WINDOWS\System32\KERNEL32.DLL
0x00007ffd681e0000 - 0x00007ffd685b1000 	C:\WINDOWS\System32\KERNELBASE.dll
0x00007ffd688c0000 - 0x00007ffd689d1000 	C:\WINDOWS\System32\ucrtbase.dll
0x00007ffd5e310000 - 0x00007ffd5e329000 	C:\Program Files\Java\jdk-17\bin\jli.dll
0x00007ffd604a0000 - 0x00007ffd604bb000 	C:\Program Files\Java\jdk-17\bin\VCRUNTIME140.dll
0x00007ffd69f20000 - 0x00007ffd69fd1000 	C:\WINDOWS\System32\ADVAPI32.dll
0x00007ffd6abc0000 - 0x00007ffd6ac67000 	C:\WINDOWS\System32\msvcrt.dll
0x00007ffd6a070000 - 0x00007ffd6a117000 	C:\WINDOWS\System32\sechost.dll
0x00007ffd681b0000 - 0x00007ffd681d8000 	C:\WINDOWS\System32\bcrypt.dll
0x00007ffd69910000 - 0x00007ffd69a24000 	C:\WINDOWS\System32\RPCRT4.dll
0x00007ffd68c10000 - 0x00007ffd68dc1000 	C:\WINDOWS\System32\USER32.dll
0x00007ffd68180000 - 0x00007ffd681a6000 	C:\WINDOWS\System32\win32u.dll
0x00007ffd573d0000 - 0x00007ffd57662000 	C:\WINDOWS\WinSxS\amd64_microsoft.windows.common-controls_6595b64144ccf1df_6.0.22621.4830_none_270fe7d773858e80\COMCTL32.dll
0x00007ffd698c0000 - 0x00007ffd698e9000 	C:\WINDOWS\System32\GDI32.dll
0x00007ffd67ef0000 - 0x00007ffd6800b000 	C:\WINDOWS\System32\gdi32full.dll
0x00007ffd67e50000 - 0x00007ffd67eea000 	C:\WINDOWS\System32\msvcp_win.dll
0x00007ffd5df50000 - 0x00007ffd5df5a000 	C:\WINDOWS\SYSTEM32\VERSION.dll
0x00007ffd68bd0000 - 0x00007ffd68c01000 	C:\WINDOWS\System32\IMM32.DLL
0x00007ffd60520000 - 0x00007ffd6052c000 	C:\Program Files\Java\jdk-17\bin\vcruntime140_1.dll
0x00007ffd4f2e0000 - 0x00007ffd4f36e000 	C:\Program Files\Java\jdk-17\bin\msvcp140.dll
0x00007ffce9690000 - 0x00007ffcea270000 	C:\Program Files\Java\jdk-17\bin\server\jvm.dll
0x00007ffd69900000 - 0x00007ffd69908000 	C:\WINDOWS\System32\PSAPI.DLL
0x00007ffd52090000 - 0x00007ffd52099000 	C:\WINDOWS\SYSTEM32\WSOCK32.dll
0x00007ffd5d750000 - 0x00007ffd5d784000 	C:\WINDOWS\SYSTEM32\WINMM.dll
0x00007ffd6a2b0000 - 0x00007ffd6a321000 	C:\WINDOWS\System32\WS2_32.dll
0x00007ffd66e60000 - 0x00007ffd66e78000 	C:\WINDOWS\SYSTEM32\kernel.appcore.dll
0x00007ffd603d0000 - 0x00007ffd603da000 	C:\Program Files\Java\jdk-17\bin\jimage.dll
0x00007ffd65690000 - 0x00007ffd658c2000 	C:\WINDOWS\SYSTEM32\DBGHELP.DLL
0x00007ffd69510000 - 0x00007ffd698a0000 	C:\WINDOWS\System32\combase.dll
0x00007ffd69aa0000 - 0x00007ffd69b77000 	C:\WINDOWS\System32\OLEAUT32.dll
0x00007ffd569b0000 - 0x00007ffd569e2000 	C:\WINDOWS\SYSTEM32\dbgcore.DLL
0x00007ffd68840000 - 0x00007ffd688bb000 	C:\WINDOWS\System32\bcryptPrimitives.dll
0x00007ffd51780000 - 0x00007ffd517a5000 	C:\Program Files\Java\jdk-17\bin\java.dll
0x00007ffd345d0000 - 0x00007ffd346a7000 	C:\Program Files\Java\jdk-17\bin\jsvml.dll
0x00007ffd6a330000 - 0x00007ffd6abb8000 	C:\WINDOWS\System32\SHELL32.dll
0x00007ffd685c0000 - 0x00007ffd686ff000 	C:\WINDOWS\System32\wintypes.dll
0x00007ffd65d60000 - 0x00007ffd6666d000 	C:\WINDOWS\SYSTEM32\windows.storage.dll
0x00007ffd6a120000 - 0x00007ffd6a22a000 	C:\WINDOWS\System32\SHCORE.dll
0x00007ffd69b80000 - 0x00007ffd69bde000 	C:\WINDOWS\System32\shlwapi.dll
0x00007ffd67d80000 - 0x00007ffd67dab000 	C:\WINDOWS\SYSTEM32\profapi.dll
0x00007ffd58830000 - 0x00007ffd58849000 	C:\Program Files\Java\jdk-17\bin\net.dll
0x00007ffd5f170000 - 0x00007ffd5f29c000 	C:\WINDOWS\SYSTEM32\WINHTTP.dll
0x00007ffd672c0000 - 0x00007ffd6732a000 	C:\WINDOWS\system32\mswsock.dll
0x00007ffd521f0000 - 0x00007ffd52206000 	C:\Program Files\Java\jdk-17\bin\nio.dll
0x00007ffd52180000 - 0x00007ffd52198000 	C:\Program Files\Java\jdk-17\bin\zip.dll
0x00007ffd5f750000 - 0x00007ffd5f75a000 	C:\Program Files\Java\jdk-17\bin\management.dll
0x00007ffd5f710000 - 0x00007ffd5f71b000 	C:\Program Files\Java\jdk-17\bin\management_ext.dll
0x00007ffd5f6f0000 - 0x00007ffd5f6fe000 	C:\Program Files\Java\jdk-17\bin\sunmscapi.dll
0x00007ffd68010000 - 0x00007ffd68176000 	C:\WINDOWS\System32\CRYPT32.dll
0x00007ffd67810000 - 0x00007ffd6783d000 	C:\WINDOWS\SYSTEM32\ncrypt.dll
0x00007ffd677d0000 - 0x00007ffd67807000 	C:\WINDOWS\SYSTEM32\NTASN1.dll
0x00007ffd67560000 - 0x00007ffd6757b000 	C:\WINDOWS\SYSTEM32\CRYPTSP.dll
0x00007ffd66dc0000 - 0x00007ffd66df7000 	C:\WINDOWS\system32\rsaenh.dll
0x00007ffd67360000 - 0x00007ffd67388000 	C:\WINDOWS\SYSTEM32\USERENV.dll
0x00007ffd674c0000 - 0x00007ffd674cc000 	C:\WINDOWS\SYSTEM32\CRYPTBASE.dll
0x00007ffd668d0000 - 0x00007ffd668fd000 	C:\WINDOWS\SYSTEM32\IPHLPAPI.DLL
0x00007ffd69cb0000 - 0x00007ffd69cb9000 	C:\WINDOWS\System32\NSI.dll
0x00007ffd5dfb0000 - 0x00007ffd5dfc9000 	C:\WINDOWS\SYSTEM32\dhcpcsvc6.DLL
0x00007ffd5df90000 - 0x00007ffd5dfaf000 	C:\WINDOWS\SYSTEM32\dhcpcsvc.DLL
0x00007ffd66940000 - 0x00007ffd66a42000 	C:\WINDOWS\SYSTEM32\DNSAPI.dll
0x00007ffd5e610000 - 0x00007ffd5e620000 	C:\Program Files\Java\jdk-17\bin\verify.dll
0x00007ffd5df60000 - 0x00007ffd5df6a000 	C:\Windows\System32\rasadhlp.dll
0x00007ffd5d590000 - 0x00007ffd5d613000 	C:\WINDOWS\System32\fwpuclnt.dll
0x00007ffd57210000 - 0x00007ffd57218000 	C:\WINDOWS\system32\wshunix.dll

dbghelp: loaded successfully - version: 4.0.5 - missing functions: none
symbol engine: initialized successfully - sym options: 0x614 - pdb path: .;C:\Program Files\Java\jdk-17\bin;C:\WINDOWS\SYSTEM32;C:\WINDOWS\WinSxS\amd64_microsoft.windows.common-controls_6595b64144ccf1df_6.0.22621.4830_none_270fe7d773858e80;C:\Program Files\Java\jdk-17\bin\server

VM Arguments:
jvm_args: -XX:+ShowCodeDetailsInExceptionMessages 
java_command: com.iyadsoft.billing_craft_backend.BillingCraftBackendApplication
java_class_path (initial): D:\Programming\workspace\billing_craft\billing_craft_dist_backend\target\classes;C:\Users\hmfar\.m2\repository\org\springframework\boot\spring-boot-starter-tomcat\3.2.5\spring-boot-starter-tomcat-3.2.5.jar;C:\Users\hmfar\.m2\repository\jakarta\annotation\jakarta.annotation-api\2.1.1\jakarta.annotation-api-2.1.1.jar;C:\Users\hmfar\.m2\repository\org\apache\tomcat\embed\tomcat-embed-core\10.1.20\tomcat-embed-core-10.1.20.jar;C:\Users\hmfar\.m2\repository\org\apache\tomcat\embed\tomcat-embed-el\10.1.20\tomcat-embed-el-10.1.20.jar;C:\Users\hmfar\.m2\repository\org\apache\tomcat\embed\tomcat-embed-websocket\10.1.20\tomcat-embed-websocket-10.1.20.jar;C:\Users\hmfar\.m2\repository\org\springframework\boot\spring-boot-starter-data-jpa\3.2.5\spring-boot-starter-data-jpa-3.2.5.jar;C:\Users\hmfar\.m2\repository\org\springframework\boot\spring-boot-starter-aop\3.2.5\spring-boot-starter-aop-3.2.5.jar;C:\Users\hmfar\.m2\repository\org\aspectj\aspectjweaver\1.9.22\aspectjweaver-1.9.22.jar;C:\Users\hmfar\.m2\repository\org\springframework\boot\spring-boot-starter-jdbc\3.2.5\spring-boot-starter-jdbc-3.2.5.jar;C:\Users\hmfar\.m2\repository\com\zaxxer\HikariCP\5.0.1\HikariCP-5.0.1.jar;C:\Users\hmfar\.m2\repository\org\springframework\spring-jdbc\6.1.6\spring-jdbc-6.1.6.jar;C:\Users\hmfar\.m2\repository\org\hibernate\orm\hibernate-core\6.4.4.Final\hibernate-core-6.4.4.Final.jar;C:\Users\hmfar\.m2\repository\jakarta\persistence\jakarta.persistence-api\3.1.0\jakarta.persistence-api-3.1.0.jar;C:\Users\hmfar\.m2\repository\jakarta\transaction\jakarta.transaction-api\2.0.1\jakarta.transaction-api-2.0.1.jar;C:\Users\hmfar\.m2\repository\org\jboss\logging\jboss-logging\3.5.3.Final\jboss-logging-3.5.3.Final.jar;C:\Users\hmfar\.m2\repository\org\hibernate\common\hibernate-commons-annotations\6.0.6.Final\hibernate-commons-annotations-6.0.6.Final.jar;C:\Users\hmfar\.m2\repository\io\smallrye\jandex\3.1.2\jandex-3.1.2.jar;C:\Users\hmfar\.m2\repository\com\fasterxml\cla
Launcher Type: SUN_STANDARD

[Global flags]
     intx CICompilerCount                          = 4                                         {product} {ergonomic}
     uint ConcGCThreads                            = 2                                         {product} {ergonomic}
     uint G1ConcRefinementThreads                  = 8                                         {product} {ergonomic}
   size_t G1HeapRegionSize                         = 1048576                                   {product} {ergonomic}
    uintx GCDrainStackTargetSize                   = 64                                        {product} {ergonomic}
   size_t InitialHeapSize                          = 132120576                                 {product} {ergonomic}
   size_t MarkStackSize                            = 4194304                                   {product} {ergonomic}
   size_t MaxHeapSize                              = 2090860544                                {product} {ergonomic}
   size_t MaxNewSize                               = 1254096896                                {product} {ergonomic}
   size_t MinHeapDeltaBytes                        = 1048576                                   {product} {ergonomic}
   size_t MinHeapSize                              = 8388608                                   {product} {ergonomic}
    uintx NonNMethodCodeHeapSize                   = 5839372                                {pd product} {ergonomic}
    uintx NonProfiledCodeHeapSize                  = 122909434                              {pd product} {ergonomic}
    uintx ProfiledCodeHeapSize                     = 122909434                              {pd product} {ergonomic}
    uintx ReservedCodeCacheSize                    = 251658240                              {pd product} {ergonomic}
     bool SegmentedCodeCache                       = true                                      {product} {ergonomic}
     bool ShowCodeDetailsInExceptionMessages       = true                                   {manageable} {command line}
   size_t SoftMaxHeapSize                          = 2090860544                             {manageable} {ergonomic}
     bool UseCompressedClassPointers               = true                           {product lp64_product} {ergonomic}
     bool UseCompressedOops                        = true                           {product lp64_product} {ergonomic}
     bool UseG1GC                                  = true                                      {product} {ergonomic}
     bool UseLargePagesIndividualAllocation        = false                                  {pd product} {ergonomic}

Logging:
Log output configuration:
 #0: stdout all=warning uptime,level,tags
 #1: stderr all=off uptime,level,tags

Environment Variables:
JAVA_HOME=C:\Program Files\Java\jdk-17
PATH=C:\Program Files\Common Files\Oracle\Java\javapath;C:\Program Files\Java\jdk1.8.0_172\bin;C:\Program Files (x86)\Common Files\Intel\Shared Libraries\redist\intel64\compiler;C:\Python311\Scripts\;C:\Python311\;C:\Program Files (x86)\Common Files\Oracle\Java\javapath;C:\WINDOWS\system32;C:\WINDOWS;C:\WINDOWS\System32\Wbem;C:\WINDOWS\System32\WindowsPowerShell\v1.0\;C:\WINDOWS\System32\OpenSSH\;C:\Program Files\Java\jdk1.8.0_172\bin;C:\ProgramData\chocolatey\bin;D:\Programming\apache-maven-3.8.6-bin\apache-maven-3.8.6\bin;C:\Program Files\PuTTY\;C:\Program Files\nodejs\;C:\Program Files\Java\jdk-17\bin;C:\Program Files\Java\jdk-11\bin;C:\Users\hmfar\AppData\Local\Microsoft\WindowsApps;C:\Users\hmfar\AppData\Local\Programs\Microsoft VS Code\bin;C:\Users\hmfar\AppData\Roaming\npm;
USERNAME=hmfar
LANG=en_US.UTF-8
OS=Windows_NT
PROCESSOR_IDENTIFIER=Intel64 Family 6 Model 140 Stepping 1, GenuineIntel



---------------  S Y S T E M  ---------------

OS:
 Windows 11 , 64 bit Build 22621 (10.0.22621.4974)
OS uptime: 11 days 8:08 hours
Hyper-V role detected

CPU: total 8 (initial active 8) (4 cores per cpu, 2 threads per core) family 6 model 140 stepping 1 microcode 0x86, cx8, cmov, fxsr, ht, mmx, 3dnowpref, sse, sse2, sse3, ssse3, sse4.1, sse4.2, popcnt, lzcnt, tsc, tscinvbit, avx, avx2, aes, erms, clmul, bmi1, bmi2, adx, avx512f, avx512dq, avx512cd, avx512bw, avx512vl, sha, fma, vzeroupper, avx512_vpopcntdq, avx512_vpclmulqdq, avx512_vaes, avx512_vnni, clflush, clflushopt, clwb, avx512_vbmi2, avx512_vbmi, hv

Memory: 4k page, system-wide physical 7975M (309M free)
TotalPageFile size 26725M (AvailPageFile size 0M)
current process WorkingSet (physical memory assigned to process): 90M, peak: 372M
current process commit charge ("private bytes"): 358M, peak: 467M

vm_info: Java HotSpot(TM) 64-Bit Server VM (17.0.11+7-LTS-207) for windows-amd64 JRE (17.0.11+7-LTS-207), built on Mar 11 2024 19:01:50 by "mach5one" with MS VC++ 17.6 (VS2022)

END.
